SF:/home/rstraub/Projects/robinstraub/fabrique/fabrique-core/src/__private.rs
FN:24,_RNCNCNvNtCs13Xu2eXins0_13fabrique_core9___private12doctest_pool00B7_
FN:19,_RNCNvNtCs13Xu2eXins0_13fabrique_core9___private12doctest_pool0B5_
FN:24,_RNCNCNvNtCs4LxCqFiFQw_13fabrique_core9___private12doctest_pool00B7_
FN:19,_RNCNvNtCs4LxCqFiFQw_13fabrique_core9___private12doctest_pool0B5_
FN:33,_RNvNtNtCs4LxCqFiFQw_13fabrique_core9___private5testss_41doctest_pool_creates_pool_with_migrations
FN:33,_RNCNvNtNtCs4LxCqFiFQw_13fabrique_core9___private5testss_41doctest_pool_creates_pool_with_migrations0B7_
FN:19,_RNvNtCs4LxCqFiFQw_13fabrique_core9___private12doctest_pool
FNDA:0,_RNCNCNvNtCs13Xu2eXins0_13fabrique_core9___private12doctest_pool00B7_
FNDA:0,_RNCNvNtCs13Xu2eXins0_13fabrique_core9___private12doctest_pool0B5_
FNDA:0,_RNCNCNvNtCs4LxCqFiFQw_13fabrique_core9___private12doctest_pool00B7_
FNDA:1,_RNCNvNtCs4LxCqFiFQw_13fabrique_core9___private12doctest_pool0B5_
FNDA:1,_RNvNtNtCs4LxCqFiFQw_13fabrique_core9___private5testss_41doctest_pool_creates_pool_with_migrations
FNDA:1,_RNCNvNtNtCs4LxCqFiFQw_13fabrique_core9___private5testss_41doctest_pool_creates_pool_with_migrations0B7_
FNDA:1,_RNvNtCs4LxCqFiFQw_13fabrique_core9___private12doctest_pool
FNF:5
FNH:4
DA:19,1
DA:20,1
DA:21,1
DA:22,1
DA:23,1
DA:24,1
DA:25,1
DA:26,1
DA:33,1
DA:34,1
DA:36,1
DA:37,1
DA:38,1
DA:39,1
BRF:0
BRH:0
LF:18
LH:17
end_of_record
SF:/home/rstraub/Projects/robinstraub/fabrique/fabrique-core/src/database.rs
FN:49,_RNvYNtCs5Ww88d4XwCk_22composite_primary_keys12UserIdColumnINtNtCs13Xu2eXins0_13fabrique_core8database6ColumnNtB4_4UserE14qualified_nameB4_
FN:44,_RNvYNtCs5Ww88d4XwCk_22composite_primary_keys12UserIdColumnINtNtCs13Xu2eXins0_13fabrique_core8database6ColumnNtB4_4UserE4nameB4_
FN:49,_RNvYNtCs5Ww88d4XwCk_22composite_primary_keys13OrderIdColumnINtNtCs13Xu2eXins0_13fabrique_core8database6ColumnNtB4_5OrderE14qualified_nameB4_
FN:44,_RNvYNtCs5Ww88d4XwCk_22composite_primary_keys13OrderIdColumnINtNtCs13Xu2eXins0_13fabrique_core8database6ColumnNtB4_5OrderE4nameB4_
FN:44,_RNvYNtCs5Ww88d4XwCk_22composite_primary_keys14UserNameColumnINtNtCs13Xu2eXins0_13fabrique_core8database6ColumnNtB4_4UserE4nameB4_
FN:49,_RNvYNtCs5Ww88d4XwCk_22composite_primary_keys15ProductIdColumnINtNtCs13Xu2eXins0_13fabrique_core8database6ColumnNtB4_7ProductE14qualified_nameB4_
FN:44,_RNvYNtCs5Ww88d4XwCk_22composite_primary_keys15ProductIdColumnINtNtCs13Xu2eXins0_13fabrique_core8database6ColumnNtB4_7ProductE4nameB4_
FN:44,_RNvYNtCs5Ww88d4XwCk_22composite_primary_keys15UserEmailColumnINtNtCs13Xu2eXins0_13fabrique_core8database6ColumnNtB4_4UserE4nameB4_
FN:44,_RNvYNtCs5Ww88d4XwCk_22composite_primary_keys17OrderStatusColumnINtNtCs13Xu2eXins0_13fabrique_core8database6ColumnNtB4_5OrderE4nameB4_
FN:44,_RNvYNtCs5Ww88d4XwCk_22composite_primary_keys17OrderUserIdColumnINtNtCs13Xu2eXins0_13fabrique_core8database6ColumnNtB4_5OrderE4nameB4_
FN:44,_RNvYNtCs5Ww88d4XwCk_22composite_primary_keys17ProductNameColumnINtNtCs13Xu2eXins0_13fabrique_core8database6ColumnNtB4_7ProductE4nameB4_
FN:44,_RNvYNtCs5Ww88d4XwCk_22composite_primary_keys20ProductInStockColumnINtNtCs13Xu2eXins0_13fabrique_core8database6ColumnNtB4_7ProductE4nameB4_
FN:49,_RNvYNtCs5Ww88d4XwCk_22composite_primary_keys22OrderLineOrderIdColumnINtNtCs13Xu2eXins0_13fabrique_core8database6ColumnNtB4_9OrderLineE14qualified_nameB4_
FN:44,_RNvYNtCs5Ww88d4XwCk_22composite_primary_keys22OrderLineOrderIdColumnINtNtCs13Xu2eXins0_13fabrique_core8database6ColumnNtB4_9OrderLineE4nameB4_
FN:44,_RNvYNtCs5Ww88d4XwCk_22composite_primary_keys23OrderLineQuantityColumnINtNtCs13Xu2eXins0_13fabrique_core8database6ColumnNtB4_9OrderLineE4nameB4_
FN:44,_RNvYNtCs5Ww88d4XwCk_22composite_primary_keys23ProductPriceCentsColumnINtNtCs13Xu2eXins0_13fabrique_core8database6ColumnNtB4_7ProductE4nameB4_
FN:49,_RNvYNtCs5Ww88d4XwCk_22composite_primary_keys24OrderLineProductIdColumnINtNtCs13Xu2eXins0_13fabrique_core8database6ColumnNtB4_9OrderLineE14qualified_nameB4_
FN:44,_RNvYNtCs5Ww88d4XwCk_22composite_primary_keys24OrderLineProductIdColumnINtNtCs13Xu2eXins0_13fabrique_core8database6ColumnNtB4_9OrderLineE4nameB4_
FN:44,_RNvYNtCs5Ww88d4XwCk_22composite_primary_keys29OrderLineUnitPriceCentsColumnINtNtCs13Xu2eXins0_13fabrique_core8database6ColumnNtB4_9OrderLineE4nameB4_
FN:78,_RNvXNtCs13Xu2eXins0_13fabrique_core8databaseNtB2_3NilINtB2_6ColumnNtCs5Ww88d4XwCk_22composite_primary_keys9OrderLineE14qualified_nameB14_
FN:49,_RNvYNtCse0scvnlJL0x_10conversion12UserIdColumnINtNtCs13Xu2eXins0_13fabrique_core8database6ColumnNtB4_4UserE14qualified_nameB4_
FN:44,_RNvYNtCse0scvnlJL0x_10conversion12UserIdColumnINtNtCs13Xu2eXins0_13fabrique_core8database6ColumnNtB4_4UserE4nameB4_
FN:49,_RNvYNtCse0scvnlJL0x_10conversion13OrderIdColumnINtNtCs13Xu2eXins0_13fabrique_core8database6ColumnNtB4_5OrderE14qualified_nameB4_
FN:44,_RNvYNtCse0scvnlJL0x_10conversion13OrderIdColumnINtNtCs13Xu2eXins0_13fabrique_core8database6ColumnNtB4_5OrderE4nameB4_
FN:44,_RNvYNtCse0scvnlJL0x_10conversion14UserNameColumnINtNtCs13Xu2eXins0_13fabrique_core8database6ColumnNtB4_4UserE4nameB4_
FN:44,_RNvYNtCse0scvnlJL0x_10conversion15UserEmailColumnINtNtCs13Xu2eXins0_13fabrique_core8database6ColumnNtB4_4UserE4nameB4_
FN:49,_RNvYNtCse0scvnlJL0x_10conversion17OrderStatusColumnINtNtCs13Xu2eXins0_13fabrique_core8database6ColumnNtB4_5OrderE14qualified_nameB4_
FN:44,_RNvYNtCse0scvnlJL0x_10conversion17OrderStatusColumnINtNtCs13Xu2eXins0_13fabrique_core8database6ColumnNtB4_5OrderE4nameB4_
FN:44,_RNvYNtCse0scvnlJL0x_10conversion17OrderUserIdColumnINtNtCs13Xu2eXins0_13fabrique_core8database6ColumnNtB4_5OrderE4nameB4_
FN:49,_RNvYpINtNtCs4LxCqFiFQw_13fabrique_core8database6ColumnpE14qualified_nameB8_
FN:44,_RNvYpINtNtCs4LxCqFiFQw_13fabrique_core8database6ColumnpE4nameB8_
FN:129,_RNvNtNtCs4LxCqFiFQw_13fabrique_core8database5testss_22test_nil_encode_panics
FN:122,_RNvNtNtCs4LxCqFiFQw_13fabrique_core8database5testss_25test_nil_type_info_panics
FN:107,_RNvNtNtCs4LxCqFiFQw_13fabrique_core8database5testss_27test_nil_column_name_panics
FN:140,_RNvNtNtCs4LxCqFiFQw_13fabrique_core8database5testss_28test_nil_into_db_returns_nil
FN:114,_RNvNtNtCs4LxCqFiFQw_13fabrique_core8database5testss_37test_nil_column_qualified_name_panics
FN:78,_RNvXNtCs4LxCqFiFQw_13fabrique_core8databaseNtB2_3NilINtB2_6ColumnuE14qualified_nameB4_
FN:74,_RNvXNtCs4LxCqFiFQw_13fabrique_core8databaseNtB2_3NilINtB2_6ColumnuE4nameB4_
FN:70,_RNvXNtCs4LxCqFiFQw_13fabrique_core8databaseNtB2_3NilINtB2_6ColumnuE7into_dbB4_
FN:93,_RNvXs0_NtCs4LxCqFiFQw_13fabrique_core8databaseNtB5_3NilINtNtCs4QHqC4A37k0_9sqlx_core6encode6EncodeNtNtCsaPtNpSgn9Sp_11sqlx_sqlite8database6SqliteE13encode_by_refB7_
FN:87,_RNvXs_NtCs4LxCqFiFQw_13fabrique_core8databaseNtB4_3NilINtNtCs4QHqC4A37k0_9sqlx_core5types4TypeNtNtCsaPtNpSgn9Sp_11sqlx_sqlite8database6SqliteE9type_infoB6_
FN:49,_RNvYNtCs2IsIg9TRogg_7factory12UserIdColumnINtNtCs13Xu2eXins0_13fabrique_core8database6ColumnNtB4_4UserE14qualified_nameB4_
FN:44,_RNvYNtCs2IsIg9TRogg_7factory12UserIdColumnINtNtCs13Xu2eXins0_13fabrique_core8database6ColumnNtB4_4UserE4nameB4_
FN:49,_RNvYNtCs2IsIg9TRogg_7factory13OrderIdColumnINtNtCs13Xu2eXins0_13fabrique_core8database6ColumnNtB4_5OrderE14qualified_nameB4_
FN:44,_RNvYNtCs2IsIg9TRogg_7factory13OrderIdColumnINtNtCs13Xu2eXins0_13fabrique_core8database6ColumnNtB4_5OrderE4nameB4_
FN:44,_RNvYNtCs2IsIg9TRogg_7factory14UserNameColumnINtNtCs13Xu2eXins0_13fabrique_core8database6ColumnNtB4_4UserE4nameB4_
FN:49,_RNvYNtCs2IsIg9TRogg_7factory15AddressIdColumnINtNtCs13Xu2eXins0_13fabrique_core8database6ColumnNtB4_7AddressE14qualified_nameB4_
FN:44,_RNvYNtCs2IsIg9TRogg_7factory15AddressIdColumnINtNtCs13Xu2eXins0_13fabrique_core8database6ColumnNtB4_7AddressE4nameB4_
FN:49,_RNvYNtCs2IsIg9TRogg_7factory15ProductIdColumnINtNtCs13Xu2eXins0_13fabrique_core8database6ColumnNtB4_7ProductE14qualified_nameB4_
FN:44,_RNvYNtCs2IsIg9TRogg_7factory15ProductIdColumnINtNtCs13Xu2eXins0_13fabrique_core8database6ColumnNtB4_7ProductE4nameB4_
FN:44,_RNvYNtCs2IsIg9TRogg_7factory15UserEmailColumnINtNtCs13Xu2eXins0_13fabrique_core8database6ColumnNtB4_4UserE4nameB4_
FN:44,_RNvYNtCs2IsIg9TRogg_7factory16AddressZipColumnINtNtCs13Xu2eXins0_13fabrique_core8database6ColumnNtB4_7AddressE4nameB4_
FN:44,_RNvYNtCs2IsIg9TRogg_7factory17AddressCityColumnINtNtCs13Xu2eXins0_13fabrique_core8database6ColumnNtB4_7AddressE4nameB4_
FN:44,_RNvYNtCs2IsIg9TRogg_7factory17OrderStatusColumnINtNtCs13Xu2eXins0_13fabrique_core8database6ColumnNtB4_5OrderE4nameB4_
FN:44,_RNvYNtCs2IsIg9TRogg_7factory17OrderUserIdColumnINtNtCs13Xu2eXins0_13fabrique_core8database6ColumnNtB4_5OrderE4nameB4_
FN:44,_RNvYNtCs2IsIg9TRogg_7factory17ProductNameColumnINtNtCs13Xu2eXins0_13fabrique_core8database6ColumnNtB4_7ProductE4nameB4_
FN:44,_RNvYNtCs2IsIg9TRogg_7factory18AddressLabelColumnINtNtCs13Xu2eXins0_13fabrique_core8database6ColumnNtB4_7AddressE4nameB4_
FN:44,_RNvYNtCs2IsIg9TRogg_7factory19AddressStreetColumnINtNtCs13Xu2eXins0_13fabrique_core8database6ColumnNtB4_7AddressE4nameB4_
FN:44,_RNvYNtCs2IsIg9TRogg_7factory19AddressUserIdColumnINtNtCs13Xu2eXins0_13fabrique_core8database6ColumnNtB4_7AddressE4nameB4_
FN:44,_RNvYNtCs2IsIg9TRogg_7factory20ProductInStockColumnINtNtCs13Xu2eXins0_13fabrique_core8database6ColumnNtB4_7ProductE4nameB4_
FN:49,_RNvYNtCs2IsIg9TRogg_7factory22OrderLineOrderIdColumnINtNtCs13Xu2eXins0_13fabrique_core8database6ColumnNtB4_9OrderLineE14qualified_nameB4_
FN:44,_RNvYNtCs2IsIg9TRogg_7factory22OrderLineOrderIdColumnINtNtCs13Xu2eXins0_13fabrique_core8database6ColumnNtB4_9OrderLineE4nameB4_
FN:44,_RNvYNtCs2IsIg9TRogg_7factory23OrderLineQuantityColumnINtNtCs13Xu2eXins0_13fabrique_core8database6ColumnNtB4_9OrderLineE4nameB4_
FN:44,_RNvYNtCs2IsIg9TRogg_7factory23ProductPriceCentsColumnINtNtCs13Xu2eXins0_13fabrique_core8database6ColumnNtB4_7ProductE4nameB4_
FN:49,_RNvYNtCs2IsIg9TRogg_7factory24OrderLineProductIdColumnINtNtCs13Xu2eXins0_13fabrique_core8database6ColumnNtB4_9OrderLineE14qualified_nameB4_
FN:44,_RNvYNtCs2IsIg9TRogg_7factory24OrderLineProductIdColumnINtNtCs13Xu2eXins0_13fabrique_core8database6ColumnNtB4_9OrderLineE4nameB4_
FN:44,_RNvYNtCs2IsIg9TRogg_7factory29OrderLineUnitPriceCentsColumnINtNtCs13Xu2eXins0_13fabrique_core8database6ColumnNtB4_9OrderLineE4nameB4_
FN:49,_RNvYNtCs27s0hM8o3TY_8has_many12UserIdColumnINtNtCs13Xu2eXins0_13fabrique_core8database6ColumnNtB4_4UserE14qualified_nameB4_
FN:44,_RNvYNtCs27s0hM8o3TY_8has_many12UserIdColumnINtNtCs13Xu2eXins0_13fabrique_core8database6ColumnNtB4_4UserE4nameB4_
FN:44,_RNvYNtCs27s0hM8o3TY_8has_many14UserNameColumnINtNtCs13Xu2eXins0_13fabrique_core8database6ColumnNtB4_4UserE4nameB4_
FN:49,_RNvYNtCs27s0hM8o3TY_8has_many15MessageIdColumnINtNtCs13Xu2eXins0_13fabrique_core8database6ColumnNtB4_7MessageE14qualified_nameB4_
FN:44,_RNvYNtCs27s0hM8o3TY_8has_many15MessageIdColumnINtNtCs13Xu2eXins0_13fabrique_core8database6ColumnNtB4_7MessageE4nameB4_
FN:44,_RNvYNtCs27s0hM8o3TY_8has_many15UserEmailColumnINtNtCs13Xu2eXins0_13fabrique_core8database6ColumnNtB4_4UserE4nameB4_
FN:44,_RNvYNtCs27s0hM8o3TY_8has_many20MessageContentColumnINtNtCs13Xu2eXins0_13fabrique_core8database6ColumnNtB4_7MessageE4nameB4_
FN:49,_RNvYNtCs27s0hM8o3TY_8has_many21MessageSenderIdColumnINtNtCs13Xu2eXins0_13fabrique_core8database6ColumnNtB4_7MessageE14qualified_nameB4_
FN:44,_RNvYNtCs27s0hM8o3TY_8has_many21MessageSenderIdColumnINtNtCs13Xu2eXins0_13fabrique_core8database6ColumnNtB4_7MessageE4nameB4_
FN:49,_RNvYNtCs27s0hM8o3TY_8has_many24MessageRecipientIdColumnINtNtCs13Xu2eXins0_13fabrique_core8database6ColumnNtB4_7MessageE14qualified_nameB4_
FN:44,_RNvYNtCs27s0hM8o3TY_8has_many24MessageRecipientIdColumnINtNtCs13Xu2eXins0_13fabrique_core8database6ColumnNtB4_7MessageE4nameB4_
FN:49,_RNvYNtCsg8XEyjF095a_5model15ProductIdColumnINtNtCs13Xu2eXins0_13fabrique_core8database6ColumnNtB4_7ProductE14qualified_nameB4_
FN:44,_RNvYNtCsg8XEyjF095a_5model15ProductIdColumnINtNtCs13Xu2eXins0_13fabrique_core8database6ColumnNtB4_7ProductE4nameB4_
FN:44,_RNvYNtCsg8XEyjF095a_5model17ProductNameColumnINtNtCs13Xu2eXins0_13fabrique_core8database6ColumnNtB4_7ProductE4nameB4_
FN:44,_RNvYNtCsg8XEyjF095a_5model20ProductInStockColumnINtNtCs13Xu2eXins0_13fabrique_core8database6ColumnNtB4_7ProductE4nameB4_
FN:44,_RNvYNtCsg8XEyjF095a_5model23ProductPriceCentsColumnINtNtCs13Xu2eXins0_13fabrique_core8database6ColumnNtB4_7ProductE4nameB4_
FN:49,_RNvYNtCsbJ5R21THCkl_13query_builder12UserIdColumnINtNtCs13Xu2eXins0_13fabrique_core8database6ColumnNtB4_4UserE14qualified_nameB4_
FN:44,_RNvYNtCsbJ5R21THCkl_13query_builder12UserIdColumnINtNtCs13Xu2eXins0_13fabrique_core8database6ColumnNtB4_4UserE4nameB4_
FN:49,_RNvYNtCsbJ5R21THCkl_13query_builder13OrderIdColumnINtNtCs13Xu2eXins0_13fabrique_core8database6ColumnNtB4_5OrderE14qualified_nameB4_
FN:44,_RNvYNtCsbJ5R21THCkl_13query_builder13OrderIdColumnINtNtCs13Xu2eXins0_13fabrique_core8database6ColumnNtB4_5OrderE4nameB4_
FN:49,_RNvYNtCsbJ5R21THCkl_13query_builder14UserNameColumnINtNtCs13Xu2eXins0_13fabrique_core8database6ColumnNtB4_4UserE14qualified_nameB4_
FN:44,_RNvYNtCsbJ5R21THCkl_13query_builder14UserNameColumnINtNtCs13Xu2eXins0_13fabrique_core8database6ColumnNtB4_4UserE4nameB4_
FN:49,_RNvYNtCsbJ5R21THCkl_13query_builder15ProductIdColumnINtNtCs13Xu2eXins0_13fabrique_core8database6ColumnNtB4_7ProductE14qualified_nameB4_
FN:44,_RNvYNtCsbJ5R21THCkl_13query_builder15ProductIdColumnINtNtCs13Xu2eXins0_13fabrique_core8database6ColumnNtB4_7ProductE4nameB4_
FN:49,_RNvYNtCsbJ5R21THCkl_13query_builder15UserEmailColumnINtNtCs13Xu2eXins0_13fabrique_core8database6ColumnNtB4_4UserE14qualified_nameB4_
FN:44,_RNvYNtCsbJ5R21THCkl_13query_builder15UserEmailColumnINtNtCs13Xu2eXins0_13fabrique_core8database6ColumnNtB4_4UserE4nameB4_
FN:49,_RNvYNtCsbJ5R21THCkl_13query_builder17OrderStatusColumnINtNtCs13Xu2eXins0_13fabrique_core8database6ColumnNtB4_5OrderE14qualified_nameB4_
FN:44,_RNvYNtCsbJ5R21THCkl_13query_builder17OrderStatusColumnINtNtCs13Xu2eXins0_13fabrique_core8database6ColumnNtB4_5OrderE4nameB4_
FN:49,_RNvYNtCsbJ5R21THCkl_13query_builder17OrderUserIdColumnINtNtCs13Xu2eXins0_13fabrique_core8database6ColumnNtB4_5OrderE14qualified_nameB4_
FN:44,_RNvYNtCsbJ5R21THCkl_13query_builder17OrderUserIdColumnINtNtCs13Xu2eXins0_13fabrique_core8database6ColumnNtB4_5OrderE4nameB4_
FN:49,_RNvYNtCsbJ5R21THCkl_13query_builder17ProductNameColumnINtNtCs13Xu2eXins0_13fabrique_core8database6ColumnNtB4_7ProductE14qualified_nameB4_
FN:44,_RNvYNtCsbJ5R21THCkl_13query_builder17ProductNameColumnINtNtCs13Xu2eXins0_13fabrique_core8database6ColumnNtB4_7ProductE4nameB4_
FN:49,_RNvYNtCsbJ5R21THCkl_13query_builder20ProductInStockColumnINtNtCs13Xu2eXins0_13fabrique_core8database6ColumnNtB4_7ProductE14qualified_nameB4_
FN:44,_RNvYNtCsbJ5R21THCkl_13query_builder20ProductInStockColumnINtNtCs13Xu2eXins0_13fabrique_core8database6ColumnNtB4_7ProductE4nameB4_
FN:49,_RNvYNtCsbJ5R21THCkl_13query_builder21MessageSenderIdColumnINtNtCs13Xu2eXins0_13fabrique_core8database6ColumnNtB4_7MessageE14qualified_nameB4_
FN:49,_RNvYNtCsbJ5R21THCkl_13query_builder22OrderLineOrderIdColumnINtNtCs13Xu2eXins0_13fabrique_core8database6ColumnNtB4_9OrderLineE14qualified_nameB4_
FN:49,_RNvYNtCsbJ5R21THCkl_13query_builder23ProductPriceCentsColumnINtNtCs13Xu2eXins0_13fabrique_core8database6ColumnNtB4_7ProductE14qualified_nameB4_
FN:44,_RNvYNtCsbJ5R21THCkl_13query_builder23ProductPriceCentsColumnINtNtCs13Xu2eXins0_13fabrique_core8database6ColumnNtB4_7ProductE4nameB4_
FN:49,_RNvYNtCsbJ5R21THCkl_13query_builder24MessageRecipientIdColumnINtNtCs13Xu2eXins0_13fabrique_core8database6ColumnNtB4_7MessageE14qualified_nameB4_
FN:49,_RNvYNtCsbJ5R21THCkl_13query_builder24OrderLineProductIdColumnINtNtCs13Xu2eXins0_13fabrique_core8database6ColumnNtB4_9OrderLineE14qualified_nameB4_
FN:49,_RNvYNtCsli6X9l8wGxv_11soft_delete12UserIdColumnINtNtCs13Xu2eXins0_13fabrique_core8database6ColumnNtB4_4UserE14qualified_nameB4_
FN:44,_RNvYNtCsli6X9l8wGxv_11soft_delete12UserIdColumnINtNtCs13Xu2eXins0_13fabrique_core8database6ColumnNtB4_4UserE4nameB4_
FN:44,_RNvYNtCsli6X9l8wGxv_11soft_delete14UserNameColumnINtNtCs13Xu2eXins0_13fabrique_core8database6ColumnNtB4_4UserE4nameB4_
FN:44,_RNvYNtCsli6X9l8wGxv_11soft_delete15UserEmailColumnINtNtCs13Xu2eXins0_13fabrique_core8database6ColumnNtB4_4UserE4nameB4_
FN:49,_RNvYNtCsli6X9l8wGxv_11soft_delete19UserDeletedAtColumnINtNtCs13Xu2eXins0_13fabrique_core8database6ColumnNtB4_4UserE14qualified_nameB4_
FN:44,_RNvYNtCsli6X9l8wGxv_11soft_delete19UserDeletedAtColumnINtNtCs13Xu2eXins0_13fabrique_core8database6ColumnNtB4_4UserE4nameB4_
FN:49,_RNvYNtCse3BkM0SKQEJ_4test15ProductIdColumnINtNtCs13Xu2eXins0_13fabrique_core8database6ColumnNtB4_7ProductE14qualified_nameB4_
FN:44,_RNvYNtCse3BkM0SKQEJ_4test15ProductIdColumnINtNtCs13Xu2eXins0_13fabrique_core8database6ColumnNtB4_7ProductE4nameB4_
FN:44,_RNvYNtCse3BkM0SKQEJ_4test17ProductNameColumnINtNtCs13Xu2eXins0_13fabrique_core8database6ColumnNtB4_7ProductE4nameB4_
FN:44,_RNvYNtCse3BkM0SKQEJ_4test20ProductInStockColumnINtNtCs13Xu2eXins0_13fabrique_core8database6ColumnNtB4_7ProductE4nameB4_
FN:49,_RNvYNtCse3BkM0SKQEJ_4test23ProductPriceCentsColumnINtNtCs13Xu2eXins0_13fabrique_core8database6ColumnNtB4_7ProductE14qualified_nameB4_
FN:44,_RNvYNtCse3BkM0SKQEJ_4test23ProductPriceCentsColumnINtNtCs13Xu2eXins0_13fabrique_core8database6ColumnNtB4_7ProductE4nameB4_
FN:78,_RNvXNtCs13Xu2eXins0_13fabrique_core8databaseNtB2_3NilINtB2_6ColumnNtCse3BkM0SKQEJ_4test7ProductE14qualified_nameB14_
FNDA:1,_RNvYNtCs5Ww88d4XwCk_22composite_primary_keys12UserIdColumnINtNtCs13Xu2eXins0_13fabrique_core8database6ColumnNtB4_4UserE14qualified_nameB4_
FNDA:1,_RNvYNtCs5Ww88d4XwCk_22composite_primary_keys12UserIdColumnINtNtCs13Xu2eXins0_13fabrique_core8database6ColumnNtB4_4UserE4nameB4_
FNDA:1,_RNvYNtCs5Ww88d4XwCk_22composite_primary_keys13OrderIdColumnINtNtCs13Xu2eXins0_13fabrique_core8database6ColumnNtB4_5OrderE14qualified_nameB4_
FNDA:1,_RNvYNtCs5Ww88d4XwCk_22composite_primary_keys13OrderIdColumnINtNtCs13Xu2eXins0_13fabrique_core8database6ColumnNtB4_5OrderE4nameB4_
FNDA:1,_RNvYNtCs5Ww88d4XwCk_22composite_primary_keys14UserNameColumnINtNtCs13Xu2eXins0_13fabrique_core8database6ColumnNtB4_4UserE4nameB4_
FNDA:1,_RNvYNtCs5Ww88d4XwCk_22composite_primary_keys15ProductIdColumnINtNtCs13Xu2eXins0_13fabrique_core8database6ColumnNtB4_7ProductE14qualified_nameB4_
FNDA:1,_RNvYNtCs5Ww88d4XwCk_22composite_primary_keys15ProductIdColumnINtNtCs13Xu2eXins0_13fabrique_core8database6ColumnNtB4_7ProductE4nameB4_
FNDA:1,_RNvYNtCs5Ww88d4XwCk_22composite_primary_keys15UserEmailColumnINtNtCs13Xu2eXins0_13fabrique_core8database6ColumnNtB4_4UserE4nameB4_
FNDA:1,_RNvYNtCs5Ww88d4XwCk_22composite_primary_keys17OrderStatusColumnINtNtCs13Xu2eXins0_13fabrique_core8database6ColumnNtB4_5OrderE4nameB4_
FNDA:1,_RNvYNtCs5Ww88d4XwCk_22composite_primary_keys17OrderUserIdColumnINtNtCs13Xu2eXins0_13fabrique_core8database6ColumnNtB4_5OrderE4nameB4_
FNDA:1,_RNvYNtCs5Ww88d4XwCk_22composite_primary_keys17ProductNameColumnINtNtCs13Xu2eXins0_13fabrique_core8database6ColumnNtB4_7ProductE4nameB4_
FNDA:1,_RNvYNtCs5Ww88d4XwCk_22composite_primary_keys20ProductInStockColumnINtNtCs13Xu2eXins0_13fabrique_core8database6ColumnNtB4_7ProductE4nameB4_
FNDA:1,_RNvYNtCs5Ww88d4XwCk_22composite_primary_keys22OrderLineOrderIdColumnINtNtCs13Xu2eXins0_13fabrique_core8database6ColumnNtB4_9OrderLineE14qualified_nameB4_
FNDA:1,_RNvYNtCs5Ww88d4XwCk_22composite_primary_keys22OrderLineOrderIdColumnINtNtCs13Xu2eXins0_13fabrique_core8database6ColumnNtB4_9OrderLineE4nameB4_
FNDA:1,_RNvYNtCs5Ww88d4XwCk_22composite_primary_keys23OrderLineQuantityColumnINtNtCs13Xu2eXins0_13fabrique_core8database6ColumnNtB4_9OrderLineE4nameB4_
FNDA:1,_RNvYNtCs5Ww88d4XwCk_22composite_primary_keys23ProductPriceCentsColumnINtNtCs13Xu2eXins0_13fabrique_core8database6ColumnNtB4_7ProductE4nameB4_
FNDA:1,_RNvYNtCs5Ww88d4XwCk_22composite_primary_keys24OrderLineProductIdColumnINtNtCs13Xu2eXins0_13fabrique_core8database6ColumnNtB4_9OrderLineE14qualified_nameB4_
FNDA:1,_RNvYNtCs5Ww88d4XwCk_22composite_primary_keys24OrderLineProductIdColumnINtNtCs13Xu2eXins0_13fabrique_core8database6ColumnNtB4_9OrderLineE4nameB4_
FNDA:1,_RNvYNtCs5Ww88d4XwCk_22composite_primary_keys29OrderLineUnitPriceCentsColumnINtNtCs13Xu2eXins0_13fabrique_core8database6ColumnNtB4_9OrderLineE4nameB4_
FNDA:0,_RNvXNtCs13Xu2eXins0_13fabrique_core8databaseNtB2_3NilINtB2_6ColumnNtCs5Ww88d4XwCk_22composite_primary_keys9OrderLineE14qualified_nameB14_
FNDA:2,_RNvYNtCse0scvnlJL0x_10conversion12UserIdColumnINtNtCs13Xu2eXins0_13fabrique_core8database6ColumnNtB4_4UserE14qualified_nameB4_
FNDA:2,_RNvYNtCse0scvnlJL0x_10conversion12UserIdColumnINtNtCs13Xu2eXins0_13fabrique_core8database6ColumnNtB4_4UserE4nameB4_
FNDA:4,_RNvYNtCse0scvnlJL0x_10conversion13OrderIdColumnINtNtCs13Xu2eXins0_13fabrique_core8database6ColumnNtB4_5OrderE14qualified_nameB4_
FNDA:2,_RNvYNtCse0scvnlJL0x_10conversion13OrderIdColumnINtNtCs13Xu2eXins0_13fabrique_core8database6ColumnNtB4_5OrderE4nameB4_
FNDA:2,_RNvYNtCse0scvnlJL0x_10conversion14UserNameColumnINtNtCs13Xu2eXins0_13fabrique_core8database6ColumnNtB4_4UserE4nameB4_
FNDA:2,_RNvYNtCse0scvnlJL0x_10conversion15UserEmailColumnINtNtCs13Xu2eXins0_13fabrique_core8database6ColumnNtB4_4UserE4nameB4_
FNDA:1,_RNvYNtCse0scvnlJL0x_10conversion17OrderStatusColumnINtNtCs13Xu2eXins0_13fabrique_core8database6ColumnNtB4_5OrderE14qualified_nameB4_
FNDA:3,_RNvYNtCse0scvnlJL0x_10conversion17OrderStatusColumnINtNtCs13Xu2eXins0_13fabrique_core8database6ColumnNtB4_5OrderE4nameB4_
FNDA:2,_RNvYNtCse0scvnlJL0x_10conversion17OrderUserIdColumnINtNtCs13Xu2eXins0_13fabrique_core8database6ColumnNtB4_5OrderE4nameB4_
FNDA:0,_RNvYpINtNtCs4LxCqFiFQw_13fabrique_core8database6ColumnpE14qualified_nameB8_
FNDA:0,_RNvYpINtNtCs4LxCqFiFQw_13fabrique_core8database6ColumnpE4nameB8_
FNDA:1,_RNvNtNtCs4LxCqFiFQw_13fabrique_core8database5testss_22test_nil_encode_panics
FNDA:1,_RNvNtNtCs4LxCqFiFQw_13fabrique_core8database5testss_25test_nil_type_info_panics
FNDA:1,_RNvNtNtCs4LxCqFiFQw_13fabrique_core8database5testss_27test_nil_column_name_panics
FNDA:1,_RNvNtNtCs4LxCqFiFQw_13fabrique_core8database5testss_28test_nil_into_db_returns_nil
FNDA:1,_RNvNtNtCs4LxCqFiFQw_13fabrique_core8database5testss_37test_nil_column_qualified_name_panics
FNDA:1,_RNvXNtCs4LxCqFiFQw_13fabrique_core8databaseNtB2_3NilINtB2_6ColumnuE14qualified_nameB4_
FNDA:1,_RNvXNtCs4LxCqFiFQw_13fabrique_core8databaseNtB2_3NilINtB2_6ColumnuE4nameB4_
FNDA:1,_RNvXNtCs4LxCqFiFQw_13fabrique_core8databaseNtB2_3NilINtB2_6ColumnuE7into_dbB4_
FNDA:1,_RNvXs0_NtCs4LxCqFiFQw_13fabrique_core8databaseNtB5_3NilINtNtCs4QHqC4A37k0_9sqlx_core6encode6EncodeNtNtCsaPtNpSgn9Sp_11sqlx_sqlite8database6SqliteE13encode_by_refB7_
FNDA:1,_RNvXs_NtCs4LxCqFiFQw_13fabrique_core8databaseNtB4_3NilINtNtCs4QHqC4A37k0_9sqlx_core5types4TypeNtNtCsaPtNpSgn9Sp_11sqlx_sqlite8database6SqliteE9type_infoB6_
FNDA:6,_RNvYNtCs2IsIg9TRogg_7factory12UserIdColumnINtNtCs13Xu2eXins0_13fabrique_core8database6ColumnNtB4_4UserE14qualified_nameB4_
FNDA:5,_RNvYNtCs2IsIg9TRogg_7factory12UserIdColumnINtNtCs13Xu2eXins0_13fabrique_core8database6ColumnNtB4_4UserE4nameB4_
FNDA:4,_RNvYNtCs2IsIg9TRogg_7factory13OrderIdColumnINtNtCs13Xu2eXins0_13fabrique_core8database6ColumnNtB4_5OrderE14qualified_nameB4_
FNDA:4,_RNvYNtCs2IsIg9TRogg_7factory13OrderIdColumnINtNtCs13Xu2eXins0_13fabrique_core8database6ColumnNtB4_5OrderE4nameB4_
FNDA:5,_RNvYNtCs2IsIg9TRogg_7factory14UserNameColumnINtNtCs13Xu2eXins0_13fabrique_core8database6ColumnNtB4_4UserE4nameB4_
FNDA:1,_RNvYNtCs2IsIg9TRogg_7factory15AddressIdColumnINtNtCs13Xu2eXins0_13fabrique_core8database6ColumnNtB4_7AddressE14qualified_nameB4_
FNDA:1,_RNvYNtCs2IsIg9TRogg_7factory15AddressIdColumnINtNtCs13Xu2eXins0_13fabrique_core8database6ColumnNtB4_7AddressE4nameB4_
FNDA:3,_RNvYNtCs2IsIg9TRogg_7factory15ProductIdColumnINtNtCs13Xu2eXins0_13fabrique_core8database6ColumnNtB4_7ProductE14qualified_nameB4_
FNDA:3,_RNvYNtCs2IsIg9TRogg_7factory15ProductIdColumnINtNtCs13Xu2eXins0_13fabrique_core8database6ColumnNtB4_7ProductE4nameB4_
FNDA:5,_RNvYNtCs2IsIg9TRogg_7factory15UserEmailColumnINtNtCs13Xu2eXins0_13fabrique_core8database6ColumnNtB4_4UserE4nameB4_
FNDA:1,_RNvYNtCs2IsIg9TRogg_7factory16AddressZipColumnINtNtCs13Xu2eXins0_13fabrique_core8database6ColumnNtB4_7AddressE4nameB4_
FNDA:1,_RNvYNtCs2IsIg9TRogg_7factory17AddressCityColumnINtNtCs13Xu2eXins0_13fabrique_core8database6ColumnNtB4_7AddressE4nameB4_
FNDA:4,_RNvYNtCs2IsIg9TRogg_7factory17OrderStatusColumnINtNtCs13Xu2eXins0_13fabrique_core8database6ColumnNtB4_5OrderE4nameB4_
FNDA:4,_RNvYNtCs2IsIg9TRogg_7factory17OrderUserIdColumnINtNtCs13Xu2eXins0_13fabrique_core8database6ColumnNtB4_5OrderE4nameB4_
FNDA:3,_RNvYNtCs2IsIg9TRogg_7factory17ProductNameColumnINtNtCs13Xu2eXins0_13fabrique_core8database6ColumnNtB4_7ProductE4nameB4_
FNDA:1,_RNvYNtCs2IsIg9TRogg_7factory18AddressLabelColumnINtNtCs13Xu2eXins0_13fabrique_core8database6ColumnNtB4_7AddressE4nameB4_
FNDA:1,_RNvYNtCs2IsIg9TRogg_7factory19AddressStreetColumnINtNtCs13Xu2eXins0_13fabrique_core8database6ColumnNtB4_7AddressE4nameB4_
FNDA:1,_RNvYNtCs2IsIg9TRogg_7factory19AddressUserIdColumnINtNtCs13Xu2eXins0_13fabrique_core8database6ColumnNtB4_7AddressE4nameB4_
FNDA:3,_RNvYNtCs2IsIg9TRogg_7factory20ProductInStockColumnINtNtCs13Xu2eXins0_13fabrique_core8database6ColumnNtB4_7ProductE4nameB4_
FNDA:3,_RNvYNtCs2IsIg9TRogg_7factory22OrderLineOrderIdColumnINtNtCs13Xu2eXins0_13fabrique_core8database6ColumnNtB4_9OrderLineE14qualified_nameB4_
FNDA:3,_RNvYNtCs2IsIg9TRogg_7factory22OrderLineOrderIdColumnINtNtCs13Xu2eXins0_13fabrique_core8database6ColumnNtB4_9OrderLineE4nameB4_
FNDA:3,_RNvYNtCs2IsIg9TRogg_7factory23OrderLineQuantityColumnINtNtCs13Xu2eXins0_13fabrique_core8database6ColumnNtB4_9OrderLineE4nameB4_
FNDA:3,_RNvYNtCs2IsIg9TRogg_7factory23ProductPriceCentsColumnINtNtCs13Xu2eXins0_13fabrique_core8database6ColumnNtB4_7ProductE4nameB4_
FNDA:3,_RNvYNtCs2IsIg9TRogg_7factory24OrderLineProductIdColumnINtNtCs13Xu2eXins0_13fabrique_core8database6ColumnNtB4_9OrderLineE14qualified_nameB4_
FNDA:3,_RNvYNtCs2IsIg9TRogg_7factory24OrderLineProductIdColumnINtNtCs13Xu2eXins0_13fabrique_core8database6ColumnNtB4_9OrderLineE4nameB4_
FNDA:3,_RNvYNtCs2IsIg9TRogg_7factory29OrderLineUnitPriceCentsColumnINtNtCs13Xu2eXins0_13fabrique_core8database6ColumnNtB4_9OrderLineE4nameB4_
FNDA:2,_RNvYNtCs27s0hM8o3TY_8has_many12UserIdColumnINtNtCs13Xu2eXins0_13fabrique_core8database6ColumnNtB4_4UserE14qualified_nameB4_
FNDA:2,_RNvYNtCs27s0hM8o3TY_8has_many12UserIdColumnINtNtCs13Xu2eXins0_13fabrique_core8database6ColumnNtB4_4UserE4nameB4_
FNDA:2,_RNvYNtCs27s0hM8o3TY_8has_many14UserNameColumnINtNtCs13Xu2eXins0_13fabrique_core8database6ColumnNtB4_4UserE4nameB4_
FNDA:1,_RNvYNtCs27s0hM8o3TY_8has_many15MessageIdColumnINtNtCs13Xu2eXins0_13fabrique_core8database6ColumnNtB4_7MessageE14qualified_nameB4_
FNDA:1,_RNvYNtCs27s0hM8o3TY_8has_many15MessageIdColumnINtNtCs13Xu2eXins0_13fabrique_core8database6ColumnNtB4_7MessageE4nameB4_
FNDA:2,_RNvYNtCs27s0hM8o3TY_8has_many15UserEmailColumnINtNtCs13Xu2eXins0_13fabrique_core8database6ColumnNtB4_4UserE4nameB4_
FNDA:1,_RNvYNtCs27s0hM8o3TY_8has_many20MessageContentColumnINtNtCs13Xu2eXins0_13fabrique_core8database6ColumnNtB4_7MessageE4nameB4_
FNDA:1,_RNvYNtCs27s0hM8o3TY_8has_many21MessageSenderIdColumnINtNtCs13Xu2eXins0_13fabrique_core8database6ColumnNtB4_7MessageE14qualified_nameB4_
FNDA:1,_RNvYNtCs27s0hM8o3TY_8has_many21MessageSenderIdColumnINtNtCs13Xu2eXins0_13fabrique_core8database6ColumnNtB4_7MessageE4nameB4_
FNDA:2,_RNvYNtCs27s0hM8o3TY_8has_many24MessageRecipientIdColumnINtNtCs13Xu2eXins0_13fabrique_core8database6ColumnNtB4_7MessageE14qualified_nameB4_
FNDA:1,_RNvYNtCs27s0hM8o3TY_8has_many24MessageRecipientIdColumnINtNtCs13Xu2eXins0_13fabrique_core8database6ColumnNtB4_7MessageE4nameB4_
FNDA:3,_RNvYNtCsg8XEyjF095a_5model15ProductIdColumnINtNtCs13Xu2eXins0_13fabrique_core8database6ColumnNtB4_7ProductE14qualified_nameB4_
FNDA:2,_RNvYNtCsg8XEyjF095a_5model15ProductIdColumnINtNtCs13Xu2eXins0_13fabrique_core8database6ColumnNtB4_7ProductE4nameB4_
FNDA:3,_RNvYNtCsg8XEyjF095a_5model17ProductNameColumnINtNtCs13Xu2eXins0_13fabrique_core8database6ColumnNtB4_7ProductE4nameB4_
FNDA:2,_RNvYNtCsg8XEyjF095a_5model20ProductInStockColumnINtNtCs13Xu2eXins0_13fabrique_core8database6ColumnNtB4_7ProductE4nameB4_
FNDA:2,_RNvYNtCsg8XEyjF095a_5model23ProductPriceCentsColumnINtNtCs13Xu2eXins0_13fabrique_core8database6ColumnNtB4_7ProductE4nameB4_
FNDA:23,_RNvYNtCsbJ5R21THCkl_13query_builder12UserIdColumnINtNtCs13Xu2eXins0_13fabrique_core8database6ColumnNtB4_4UserE14qualified_nameB4_
FNDA:15,_RNvYNtCsbJ5R21THCkl_13query_builder12UserIdColumnINtNtCs13Xu2eXins0_13fabrique_core8database6ColumnNtB4_4UserE4nameB4_
FNDA:8,_RNvYNtCsbJ5R21THCkl_13query_builder13OrderIdColumnINtNtCs13Xu2eXins0_13fabrique_core8database6ColumnNtB4_5OrderE14qualified_nameB4_
FNDA:5,_RNvYNtCsbJ5R21THCkl_13query_builder13OrderIdColumnINtNtCs13Xu2eXins0_13fabrique_core8database6ColumnNtB4_5OrderE4nameB4_
FNDA:2,_RNvYNtCsbJ5R21THCkl_13query_builder14UserNameColumnINtNtCs13Xu2eXins0_13fabrique_core8database6ColumnNtB4_4UserE14qualified_nameB4_
FNDA:13,_RNvYNtCsbJ5R21THCkl_13query_builder14UserNameColumnINtNtCs13Xu2eXins0_13fabrique_core8database6ColumnNtB4_4UserE4nameB4_
FNDA:27,_RNvYNtCsbJ5R21THCkl_13query_builder15ProductIdColumnINtNtCs13Xu2eXins0_13fabrique_core8database6ColumnNtB4_7ProductE14qualified_nameB4_
FNDA:29,_RNvYNtCsbJ5R21THCkl_13query_builder15ProductIdColumnINtNtCs13Xu2eXins0_13fabrique_core8database6ColumnNtB4_7ProductE4nameB4_
FNDA:4,_RNvYNtCsbJ5R21THCkl_13query_builder15UserEmailColumnINtNtCs13Xu2eXins0_13fabrique_core8database6ColumnNtB4_4UserE14qualified_nameB4_
FNDA:5,_RNvYNtCsbJ5R21THCkl_13query_builder15UserEmailColumnINtNtCs13Xu2eXins0_13fabrique_core8database6ColumnNtB4_4UserE4nameB4_
FNDA:1,_RNvYNtCsbJ5R21THCkl_13query_builder17OrderStatusColumnINtNtCs13Xu2eXins0_13fabrique_core8database6ColumnNtB4_5OrderE14qualified_nameB4_
FNDA:5,_RNvYNtCsbJ5R21THCkl_13query_builder17OrderStatusColumnINtNtCs13Xu2eXins0_13fabrique_core8database6ColumnNtB4_5OrderE4nameB4_
FNDA:18,_RNvYNtCsbJ5R21THCkl_13query_builder17OrderUserIdColumnINtNtCs13Xu2eXins0_13fabrique_core8database6ColumnNtB4_5OrderE14qualified_nameB4_
FNDA:5,_RNvYNtCsbJ5R21THCkl_13query_builder17OrderUserIdColumnINtNtCs13Xu2eXins0_13fabrique_core8database6ColumnNtB4_5OrderE4nameB4_
FNDA:12,_RNvYNtCsbJ5R21THCkl_13query_builder17ProductNameColumnINtNtCs13Xu2eXins0_13fabrique_core8database6ColumnNtB4_7ProductE14qualified_nameB4_
FNDA:35,_RNvYNtCsbJ5R21THCkl_13query_builder17ProductNameColumnINtNtCs13Xu2eXins0_13fabrique_core8database6ColumnNtB4_7ProductE4nameB4_
FNDA:10,_RNvYNtCsbJ5R21THCkl_13query_builder20ProductInStockColumnINtNtCs13Xu2eXins0_13fabrique_core8database6ColumnNtB4_7ProductE14qualified_nameB4_
FNDA:29,_RNvYNtCsbJ5R21THCkl_13query_builder20ProductInStockColumnINtNtCs13Xu2eXins0_13fabrique_core8database6ColumnNtB4_7ProductE4nameB4_
FNDA:9,_RNvYNtCsbJ5R21THCkl_13query_builder21MessageSenderIdColumnINtNtCs13Xu2eXins0_13fabrique_core8database6ColumnNtB4_7MessageE14qualified_nameB4_
FNDA:3,_RNvYNtCsbJ5R21THCkl_13query_builder22OrderLineOrderIdColumnINtNtCs13Xu2eXins0_13fabrique_core8database6ColumnNtB4_9OrderLineE14qualified_nameB4_
FNDA:2,_RNvYNtCsbJ5R21THCkl_13query_builder23ProductPriceCentsColumnINtNtCs13Xu2eXins0_13fabrique_core8database6ColumnNtB4_7ProductE14qualified_nameB4_
FNDA:30,_RNvYNtCsbJ5R21THCkl_13query_builder23ProductPriceCentsColumnINtNtCs13Xu2eXins0_13fabrique_core8database6ColumnNtB4_7ProductE4nameB4_
FNDA:1,_RNvYNtCsbJ5R21THCkl_13query_builder24MessageRecipientIdColumnINtNtCs13Xu2eXins0_13fabrique_core8database6ColumnNtB4_7MessageE14qualified_nameB4_
FNDA:2,_RNvYNtCsbJ5R21THCkl_13query_builder24OrderLineProductIdColumnINtNtCs13Xu2eXins0_13fabrique_core8database6ColumnNtB4_9OrderLineE14qualified_nameB4_
FNDA:2,_RNvYNtCsli6X9l8wGxv_11soft_delete12UserIdColumnINtNtCs13Xu2eXins0_13fabrique_core8database6ColumnNtB4_4UserE14qualified_nameB4_
FNDA:1,_RNvYNtCsli6X9l8wGxv_11soft_delete12UserIdColumnINtNtCs13Xu2eXins0_13fabrique_core8database6ColumnNtB4_4UserE4nameB4_
FNDA:1,_RNvYNtCsli6X9l8wGxv_11soft_delete14UserNameColumnINtNtCs13Xu2eXins0_13fabrique_core8database6ColumnNtB4_4UserE4nameB4_
FNDA:1,_RNvYNtCsli6X9l8wGxv_11soft_delete15UserEmailColumnINtNtCs13Xu2eXins0_13fabrique_core8database6ColumnNtB4_4UserE4nameB4_
FNDA:3,_RNvYNtCsli6X9l8wGxv_11soft_delete19UserDeletedAtColumnINtNtCs13Xu2eXins0_13fabrique_core8database6ColumnNtB4_4UserE14qualified_nameB4_
FNDA:1,_RNvYNtCsli6X9l8wGxv_11soft_delete19UserDeletedAtColumnINtNtCs13Xu2eXins0_13fabrique_core8database6ColumnNtB4_4UserE4nameB4_
FNDA:5,_RNvYNtCse3BkM0SKQEJ_4test15ProductIdColumnINtNtCs13Xu2eXins0_13fabrique_core8database6ColumnNtB4_7ProductE14qualified_nameB4_
FNDA:5,_RNvYNtCse3BkM0SKQEJ_4test15ProductIdColumnINtNtCs13Xu2eXins0_13fabrique_core8database6ColumnNtB4_7ProductE4nameB4_
FNDA:5,_RNvYNtCse3BkM0SKQEJ_4test17ProductNameColumnINtNtCs13Xu2eXins0_13fabrique_core8database6ColumnNtB4_7ProductE4nameB4_
FNDA:5,_RNvYNtCse3BkM0SKQEJ_4test20ProductInStockColumnINtNtCs13Xu2eXins0_13fabrique_core8database6ColumnNtB4_7ProductE4nameB4_
FNDA:1,_RNvYNtCse3BkM0SKQEJ_4test23ProductPriceCentsColumnINtNtCs13Xu2eXins0_13fabrique_core8database6ColumnNtB4_7ProductE14qualified_nameB4_
FNDA:5,_RNvYNtCse3BkM0SKQEJ_4test23ProductPriceCentsColumnINtNtCs13Xu2eXins0_13fabrique_core8database6ColumnNtB4_7ProductE4nameB4_
FNDA:0,_RNvXNtCs13Xu2eXins0_13fabrique_core8databaseNtB2_3NilINtB2_6ColumnNtCse3BkM0SKQEJ_4test7ProductE14qualified_nameB14_
FNF:12
FNH:12
DA:44,298
DA:45,298
DA:46,298
DA:49,174
DA:50,174
DA:51,174
DA:70,1
DA:71,1
DA:72,1
DA:74,1
DA:75,1
DA:78,1
DA:79,1
DA:87,1
DA:88,1
DA:93,1
DA:94,1
DA:95,1
DA:96,1
DA:97,1
DA:107,1
DA:108,1
DA:109,1
DA:110,1
DA:114,1
DA:115,1
DA:116,1
DA:117,1
DA:122,1
DA:123,1
DA:124,1
DA:129,1
DA:131,1
DA:133,1
DA:134,1
DA:135,1
DA:136,1
DA:137,1
DA:140,1
DA:141,1
DA:142,1
DA:143,1
BRF:0
BRH:0
LF:42
LH:42
end_of_record
SF:/home/rstraub/Projects/robinstraub/fabrique/fabrique-core/src/dialect.rs
FN:56,_RNvXs_NtCs13Xu2eXins0_13fabrique_core7dialectNtNtCsaPtNpSgn9Sp_11sqlx_sqlite8database6SqliteNtB4_7Dialect11placeholder
FN:68,_RNvXs_NtCs13Xu2eXins0_13fabrique_core7dialectNtNtCsaPtNpSgn9Sp_11sqlx_sqlite8database6SqliteNtB4_7Dialect13do_update_sql
FN:77,_RNvXs_NtCs13Xu2eXins0_13fabrique_core7dialectNtNtCsaPtNpSgn9Sp_11sqlx_sqlite8database6SqliteNtB4_7Dialect14do_nothing_sql
FN:64,_RNvXs_NtCs13Xu2eXins0_13fabrique_core7dialectNtNtCsaPtNpSgn9Sp_11sqlx_sqlite8database6SqliteNtB4_7Dialect15on_conflict_sql
FN:60,_RNvXs_NtCs13Xu2eXins0_13fabrique_core7dialectNtNtCsaPtNpSgn9Sp_11sqlx_sqlite8database6SqliteNtB4_7Dialect3now
FN:43,_RNCNvXNtCs13Xu2eXins0_13fabrique_core7dialectNtNtCs1hnL9nF8Bwd_13sqlx_postgres8database8PostgresNtB4_7Dialect13do_update_sql0B6_
FN:99,_RNCNvXs0_NtCs13Xu2eXins0_13fabrique_core7dialectNtNtCs9r9HbtNRSqV_10sqlx_mysql8database5MySqlNtB7_7Dialect13do_update_sql0B9_
FN:71,_RNCNvXs_NtCs13Xu2eXins0_13fabrique_core7dialectNtNtCsaPtNpSgn9Sp_11sqlx_sqlite8database6SqliteNtB6_7Dialect13do_update_sql0B8_
FN:43,_RNCNvXNtCs4LxCqFiFQw_13fabrique_core7dialectNtNtCs1hnL9nF8Bwd_13sqlx_postgres8database8PostgresNtB4_7Dialect13do_update_sql0B6_
FN:99,_RNCNvXs0_NtCs4LxCqFiFQw_13fabrique_core7dialectNtNtCs9r9HbtNRSqV_10sqlx_mysql8database5MySqlNtB7_7Dialect13do_update_sql0B9_
FN:71,_RNCNvXs_NtCs4LxCqFiFQw_13fabrique_core7dialectNtNtCsaPtNpSgn9Sp_11sqlx_sqlite8database6SqliteNtB6_7Dialect13do_update_sql0B8_
FN:28,_RNvXNtCs4LxCqFiFQw_13fabrique_core7dialectNtNtCs1hnL9nF8Bwd_13sqlx_postgres8database8PostgresNtB2_7Dialect11placeholder
FN:40,_RNvXNtCs4LxCqFiFQw_13fabrique_core7dialectNtNtCs1hnL9nF8Bwd_13sqlx_postgres8database8PostgresNtB2_7Dialect13do_update_sql
FN:49,_RNvXNtCs4LxCqFiFQw_13fabrique_core7dialectNtNtCs1hnL9nF8Bwd_13sqlx_postgres8database8PostgresNtB2_7Dialect14do_nothing_sql
FN:36,_RNvXNtCs4LxCqFiFQw_13fabrique_core7dialectNtNtCs1hnL9nF8Bwd_13sqlx_postgres8database8PostgresNtB2_7Dialect15on_conflict_sql
FN:32,_RNvXNtCs4LxCqFiFQw_13fabrique_core7dialectNtNtCs1hnL9nF8Bwd_13sqlx_postgres8database8PostgresNtB2_7Dialect3now
FN:84,_RNvXs0_NtCs4LxCqFiFQw_13fabrique_core7dialectNtNtCs9r9HbtNRSqV_10sqlx_mysql8database5MySqlNtB5_7Dialect11placeholder
FN:96,_RNvXs0_NtCs4LxCqFiFQw_13fabrique_core7dialectNtNtCs9r9HbtNRSqV_10sqlx_mysql8database5MySqlNtB5_7Dialect13do_update_sql
FN:105,_RNvXs0_NtCs4LxCqFiFQw_13fabrique_core7dialectNtNtCs9r9HbtNRSqV_10sqlx_mysql8database5MySqlNtB5_7Dialect14do_nothing_sql
FN:92,_RNvXs0_NtCs4LxCqFiFQw_13fabrique_core7dialectNtNtCs9r9HbtNRSqV_10sqlx_mysql8database5MySqlNtB5_7Dialect15on_conflict_sql
FN:88,_RNvXs0_NtCs4LxCqFiFQw_13fabrique_core7dialectNtNtCs9r9HbtNRSqV_10sqlx_mysql8database5MySqlNtB5_7Dialect3now
FN:56,_RNvXs_NtCs4LxCqFiFQw_13fabrique_core7dialectNtNtCsaPtNpSgn9Sp_11sqlx_sqlite8database6SqliteNtB4_7Dialect11placeholder
FN:68,_RNvXs_NtCs4LxCqFiFQw_13fabrique_core7dialectNtNtCsaPtNpSgn9Sp_11sqlx_sqlite8database6SqliteNtB4_7Dialect13do_update_sql
FN:77,_RNvXs_NtCs4LxCqFiFQw_13fabrique_core7dialectNtNtCsaPtNpSgn9Sp_11sqlx_sqlite8database6SqliteNtB4_7Dialect14do_nothing_sql
FN:64,_RNvXs_NtCs4LxCqFiFQw_13fabrique_core7dialectNtNtCsaPtNpSgn9Sp_11sqlx_sqlite8database6SqliteNtB4_7Dialect15on_conflict_sql
FN:60,_RNvXs_NtCs4LxCqFiFQw_13fabrique_core7dialectNtNtCsaPtNpSgn9Sp_11sqlx_sqlite8database6SqliteNtB4_7Dialect3now
FNDA:7,_RNvXs_NtCs13Xu2eXins0_13fabrique_core7dialectNtNtCsaPtNpSgn9Sp_11sqlx_sqlite8database6SqliteNtB4_7Dialect11placeholder
FNDA:1,_RNvXs_NtCs13Xu2eXins0_13fabrique_core7dialectNtNtCsaPtNpSgn9Sp_11sqlx_sqlite8database6SqliteNtB4_7Dialect13do_update_sql
FNDA:3,_RNvXs_NtCs13Xu2eXins0_13fabrique_core7dialectNtNtCsaPtNpSgn9Sp_11sqlx_sqlite8database6SqliteNtB4_7Dialect14do_nothing_sql
FNDA:4,_RNvXs_NtCs13Xu2eXins0_13fabrique_core7dialectNtNtCsaPtNpSgn9Sp_11sqlx_sqlite8database6SqliteNtB4_7Dialect15on_conflict_sql
FNDA:1,_RNvXs_NtCs13Xu2eXins0_13fabrique_core7dialectNtNtCsaPtNpSgn9Sp_11sqlx_sqlite8database6SqliteNtB4_7Dialect3now
FNDA:0,_RNCNvXNtCs13Xu2eXins0_13fabrique_core7dialectNtNtCs1hnL9nF8Bwd_13sqlx_postgres8database8PostgresNtB4_7Dialect13do_update_sql0B6_
FNDA:0,_RNCNvXs0_NtCs13Xu2eXins0_13fabrique_core7dialectNtNtCs9r9HbtNRSqV_10sqlx_mysql8database5MySqlNtB7_7Dialect13do_update_sql0B9_
FNDA:3,_RNCNvXs_NtCs13Xu2eXins0_13fabrique_core7dialectNtNtCsaPtNpSgn9Sp_11sqlx_sqlite8database6SqliteNtB6_7Dialect13do_update_sql0B8_
FNDA:0,_RNCNvXNtCs4LxCqFiFQw_13fabrique_core7dialectNtNtCs1hnL9nF8Bwd_13sqlx_postgres8database8PostgresNtB4_7Dialect13do_update_sql0B6_
FNDA:0,_RNCNvXs0_NtCs4LxCqFiFQw_13fabrique_core7dialectNtNtCs9r9HbtNRSqV_10sqlx_mysql8database5MySqlNtB7_7Dialect13do_update_sql0B9_
FNDA:0,_RNCNvXs_NtCs4LxCqFiFQw_13fabrique_core7dialectNtNtCsaPtNpSgn9Sp_11sqlx_sqlite8database6SqliteNtB6_7Dialect13do_update_sql0B8_
FNDA:0,_RNvXNtCs4LxCqFiFQw_13fabrique_core7dialectNtNtCs1hnL9nF8Bwd_13sqlx_postgres8database8PostgresNtB2_7Dialect11placeholder
FNDA:0,_RNvXNtCs4LxCqFiFQw_13fabrique_core7dialectNtNtCs1hnL9nF8Bwd_13sqlx_postgres8database8PostgresNtB2_7Dialect13do_update_sql
FNDA:0,_RNvXNtCs4LxCqFiFQw_13fabrique_core7dialectNtNtCs1hnL9nF8Bwd_13sqlx_postgres8database8PostgresNtB2_7Dialect14do_nothing_sql
FNDA:0,_RNvXNtCs4LxCqFiFQw_13fabrique_core7dialectNtNtCs1hnL9nF8Bwd_13sqlx_postgres8database8PostgresNtB2_7Dialect15on_conflict_sql
FNDA:0,_RNvXNtCs4LxCqFiFQw_13fabrique_core7dialectNtNtCs1hnL9nF8Bwd_13sqlx_postgres8database8PostgresNtB2_7Dialect3now
FNDA:0,_RNvXs0_NtCs4LxCqFiFQw_13fabrique_core7dialectNtNtCs9r9HbtNRSqV_10sqlx_mysql8database5MySqlNtB5_7Dialect11placeholder
FNDA:0,_RNvXs0_NtCs4LxCqFiFQw_13fabrique_core7dialectNtNtCs9r9HbtNRSqV_10sqlx_mysql8database5MySqlNtB5_7Dialect13do_update_sql
FNDA:0,_RNvXs0_NtCs4LxCqFiFQw_13fabrique_core7dialectNtNtCs9r9HbtNRSqV_10sqlx_mysql8database5MySqlNtB5_7Dialect14do_nothing_sql
FNDA:0,_RNvXs0_NtCs4LxCqFiFQw_13fabrique_core7dialectNtNtCs9r9HbtNRSqV_10sqlx_mysql8database5MySqlNtB5_7Dialect15on_conflict_sql
FNDA:0,_RNvXs0_NtCs4LxCqFiFQw_13fabrique_core7dialectNtNtCs9r9HbtNRSqV_10sqlx_mysql8database5MySqlNtB5_7Dialect3now
FNDA:0,_RNvXs_NtCs4LxCqFiFQw_13fabrique_core7dialectNtNtCsaPtNpSgn9Sp_11sqlx_sqlite8database6SqliteNtB4_7Dialect11placeholder
FNDA:0,_RNvXs_NtCs4LxCqFiFQw_13fabrique_core7dialectNtNtCsaPtNpSgn9Sp_11sqlx_sqlite8database6SqliteNtB4_7Dialect13do_update_sql
FNDA:0,_RNvXs_NtCs4LxCqFiFQw_13fabrique_core7dialectNtNtCsaPtNpSgn9Sp_11sqlx_sqlite8database6SqliteNtB4_7Dialect14do_nothing_sql
FNDA:0,_RNvXs_NtCs4LxCqFiFQw_13fabrique_core7dialectNtNtCsaPtNpSgn9Sp_11sqlx_sqlite8database6SqliteNtB4_7Dialect15on_conflict_sql
FNDA:0,_RNvXs_NtCs4LxCqFiFQw_13fabrique_core7dialectNtNtCsaPtNpSgn9Sp_11sqlx_sqlite8database6SqliteNtB4_7Dialect3now
FNF:18
FNH:6
DA:28,0
DA:29,0
DA:30,0
DA:32,0
DA:33,0
DA:34,0
DA:36,0
DA:37,0
DA:38,0
DA:40,0
DA:41,0
DA:42,0
DA:43,0
DA:44,0
DA:45,0
DA:46,0
DA:47,0
DA:49,0
DA:50,0
DA:51,0
DA:56,7
DA:57,7
DA:58,7
DA:60,1
DA:61,1
DA:62,1
DA:64,4
DA:65,4
DA:66,4
DA:68,1
DA:69,1
DA:70,1
DA:71,3
DA:72,1
DA:73,1
DA:74,1
DA:75,1
DA:77,3
DA:78,3
DA:79,3
DA:84,0
DA:85,0
DA:86,0
DA:88,0
DA:89,0
DA:90,0
DA:92,0
DA:93,0
DA:94,0
DA:96,0
DA:97,0
DA:98,0
DA:99,0
DA:100,0
DA:101,0
DA:102,0
DA:103,0
DA:105,0
DA:106,0
DA:107,0
BRF:0
BRH:0
LF:63
LH:21
end_of_record
SF:/home/rstraub/Projects/robinstraub/fabrique/fabrique-core/src/error.rs
FN:18,_RNvXNtCs13Xu2eXins0_13fabrique_core5errorNtB2_19ConversionDirectionNtNtCs1KGYUCP4dch_4core3fmt7Display3fmt
FN:62,_RNvXs_NtCs13Xu2eXins0_13fabrique_core5errorNtB4_5ErrorINtNtCs1KGYUCP4dch_4core7convert4FromNtNtCs4QHqC4A37k0_9sqlx_core5error5ErrorE4from
FN:18,_RNvXNtCs4LxCqFiFQw_13fabrique_core5errorNtB2_19ConversionDirectionNtNtCs1KGYUCP4dch_4core3fmt7Display3fmt
FN:62,_RNvXs_NtCs4LxCqFiFQw_13fabrique_core5errorNtB4_5ErrorINtNtCs1KGYUCP4dch_4core7convert4FromNtNtCs4QHqC4A37k0_9sqlx_core5error5ErrorE4from
FN:109,_RNvNtNtCs4LxCqFiFQw_13fabrique_core5error5testss_19error_display_other
FN:148,_RNvNtNtCs4LxCqFiFQw_13fabrique_core5error5testss_21from_sqlx_other_error
FN:88,_RNvNtNtCs4LxCqFiFQw_13fabrique_core5error5testss_23error_display_not_found
FN:115,_RNvNtNtCs4LxCqFiFQw_13fabrique_core5error5testss_23from_sqlx_row_not_found
FN:93,_RNvNtNtCs4LxCqFiFQw_13fabrique_core5error5testss_24error_display_conversion
FN:82,_RNvNtNtCs4LxCqFiFQw_13fabrique_core5error5testss_28conversion_direction_display
FN:138,_RNvNtNtCs4LxCqFiFQw_13fabrique_core5error5testss_33from_sqlx_decode_with_other_error
FN:121,_RNvNtNtCs4LxCqFiFQw_13fabrique_core5error5testss_36from_sqlx_decode_with_fabrique_error
FNDA:0,_RNvXNtCs13Xu2eXins0_13fabrique_core5errorNtB2_19ConversionDirectionNtNtCs1KGYUCP4dch_4core3fmt7Display3fmt
FNDA:1,_RNvXs_NtCs13Xu2eXins0_13fabrique_core5errorNtB4_5ErrorINtNtCs1KGYUCP4dch_4core7convert4FromNtNtCs4QHqC4A37k0_9sqlx_core5error5ErrorE4from
FNDA:2,_RNvXNtCs4LxCqFiFQw_13fabrique_core5errorNtB2_19ConversionDirectionNtNtCs1KGYUCP4dch_4core3fmt7Display3fmt
FNDA:4,_RNvXs_NtCs4LxCqFiFQw_13fabrique_core5errorNtB4_5ErrorINtNtCs1KGYUCP4dch_4core7convert4FromNtNtCs4QHqC4A37k0_9sqlx_core5error5ErrorE4from
FNDA:1,_RNvNtNtCs4LxCqFiFQw_13fabrique_core5error5testss_19error_display_other
FNDA:1,_RNvNtNtCs4LxCqFiFQw_13fabrique_core5error5testss_21from_sqlx_other_error
FNDA:1,_RNvNtNtCs4LxCqFiFQw_13fabrique_core5error5testss_23error_display_not_found
FNDA:1,_RNvNtNtCs4LxCqFiFQw_13fabrique_core5error5testss_23from_sqlx_row_not_found
FNDA:1,_RNvNtNtCs4LxCqFiFQw_13fabrique_core5error5testss_24error_display_conversion
FNDA:1,_RNvNtNtCs4LxCqFiFQw_13fabrique_core5error5testss_28conversion_direction_display
FNDA:1,_RNvNtNtCs4LxCqFiFQw_13fabrique_core5error5testss_33from_sqlx_decode_with_other_error
FNDA:1,_RNvNtNtCs4LxCqFiFQw_13fabrique_core5error5testss_36from_sqlx_decode_with_fabrique_error
FNF:10
FNH:10
DA:18,2
DA:19,2
DA:20,1
DA:21,1
DA:23,2
DA:62,5
DA:63,5
DA:64,2
DA:65,2
DA:67,2
DA:68,1
DA:69,1
DA:72,1
DA:74,5
DA:82,1
DA:83,1
DA:84,1
DA:85,1
DA:88,1
DA:89,1
DA:90,1
DA:93,1
DA:94,1
DA:95,1
DA:96,1
DA:97,1
DA:98,1
DA:99,1
DA:100,1
DA:101,1
DA:102,1
DA:103,1
DA:106,1
DA:109,1
DA:110,1
DA:111,1
DA:112,1
DA:115,1
DA:116,1
DA:117,1
DA:118,1
DA:121,1
DA:122,1
DA:123,1
DA:124,1
DA:125,1
DA:126,1
DA:127,1
DA:128,1
DA:129,1
DA:130,1
DA:132,1
DA:134,1
DA:135,1
DA:138,1
DA:139,1
DA:140,1
DA:142,1
DA:144,1
DA:145,1
DA:148,1
DA:149,1
DA:151,1
DA:153,1
DA:154,1
BRF:0
BRH:0
LF:65
LH:65
end_of_record
SF:/home/rstraub/Projects/robinstraub/fabrique/fabrique-core/src/model.rs
FN:90,_RNCINvYNtCs5Ww88d4XwCk_22composite_primary_keys9OrderLineINtNtCs13Xu2eXins0_13fabrique_core5model5QueryNtNtCsaPtNpSgn9Sp_11sqlx_sqlite8database6SqliteE3allRINtNtCs4QHqC4A37k0_9sqlx_core4pool4PoolB1D_EE0B7_
FN:83,_RINvYNtCs5Ww88d4XwCk_22composite_primary_keys9OrderLineINtNtCs13Xu2eXins0_13fabrique_core5model5QueryNtNtCsaPtNpSgn9Sp_11sqlx_sqlite8database6SqliteE3allRINtNtCs4QHqC4A37k0_9sqlx_core4pool4PoolB1B_EEB5_
FN:52,_RNvYNtCs5Ww88d4XwCk_22composite_primary_keys4UserINtNtCs13Xu2eXins0_13fabrique_core5model5QueryNtNtCsaPtNpSgn9Sp_11sqlx_sqlite8database6SqliteE5queryB4_
FN:60,_RNvYNtCs5Ww88d4XwCk_22composite_primary_keys4UserINtNtCs13Xu2eXins0_13fabrique_core5model5QueryNtNtCsaPtNpSgn9Sp_11sqlx_sqlite8database6SqliteE6insertB4_
FN:52,_RNvYNtCs5Ww88d4XwCk_22composite_primary_keys5OrderINtNtCs13Xu2eXins0_13fabrique_core5model5QueryNtNtCsaPtNpSgn9Sp_11sqlx_sqlite8database6SqliteE5queryB4_
FN:60,_RNvYNtCs5Ww88d4XwCk_22composite_primary_keys5OrderINtNtCs13Xu2eXins0_13fabrique_core5model5QueryNtNtCsaPtNpSgn9Sp_11sqlx_sqlite8database6SqliteE6insertB4_
FN:52,_RNvYNtCs5Ww88d4XwCk_22composite_primary_keys7ProductINtNtCs13Xu2eXins0_13fabrique_core5model5QueryNtNtCsaPtNpSgn9Sp_11sqlx_sqlite8database6SqliteE5queryB4_
FN:60,_RNvYNtCs5Ww88d4XwCk_22composite_primary_keys7ProductINtNtCs13Xu2eXins0_13fabrique_core5model5QueryNtNtCsaPtNpSgn9Sp_11sqlx_sqlite8database6SqliteE6insertB4_
FN:52,_RNvYNtCs5Ww88d4XwCk_22composite_primary_keys9OrderLineINtNtCs13Xu2eXins0_13fabrique_core5model5QueryNtNtCsaPtNpSgn9Sp_11sqlx_sqlite8database6SqliteE5queryB4_
FN:60,_RNvYNtCs5Ww88d4XwCk_22composite_primary_keys9OrderLineINtNtCs13Xu2eXins0_13fabrique_core5model5QueryNtNtCsaPtNpSgn9Sp_11sqlx_sqlite8database6SqliteE6insertB4_
FN:38,_RNvYNtCs5Ww88d4XwCk_22composite_primary_keys9OrderLineNtNtCs13Xu2eXins0_13fabrique_core5model5Model18soft_delete_columnB4_
FN:52,_RNvYNtCse0scvnlJL0x_10conversion4UserINtNtCs13Xu2eXins0_13fabrique_core5model5QueryNtNtCsaPtNpSgn9Sp_11sqlx_sqlite8database6SqliteE5queryB4_
FN:60,_RNvYNtCse0scvnlJL0x_10conversion4UserINtNtCs13Xu2eXins0_13fabrique_core5model5QueryNtNtCsaPtNpSgn9Sp_11sqlx_sqlite8database6SqliteE6insertB4_
FN:52,_RNvYNtCse0scvnlJL0x_10conversion5OrderINtNtCs13Xu2eXins0_13fabrique_core5model5QueryNtNtCsaPtNpSgn9Sp_11sqlx_sqlite8database6SqliteE5queryB4_
FN:60,_RNvYNtCse0scvnlJL0x_10conversion5OrderINtNtCs13Xu2eXins0_13fabrique_core5model5QueryNtNtCsaPtNpSgn9Sp_11sqlx_sqlite8database6SqliteE6insertB4_
FN:68,_RNvYNtCse0scvnlJL0x_10conversion5OrderINtNtCs13Xu2eXins0_13fabrique_core5model5QueryNtNtCsaPtNpSgn9Sp_11sqlx_sqlite8database6SqliteE6updateB4_
FN:83,_RINvYpINtNtCs4LxCqFiFQw_13fabrique_core5model5QuerypE3allpEB9_
FN:90,_RNCINvYpINtNtCs4LxCqFiFQw_13fabrique_core5model5QuerypE3allpE0Bb_
FN:52,_RNvYpINtNtCs4LxCqFiFQw_13fabrique_core5model5QuerypE5queryB8_
FN:60,_RNvYpINtNtCs4LxCqFiFQw_13fabrique_core5model5QuerypE6insertB8_
FN:68,_RNvYpINtNtCs4LxCqFiFQw_13fabrique_core5model5QuerypE6updateB8_
FN:38,_RNvYpNtNtCs4LxCqFiFQw_13fabrique_core5model5Model18soft_delete_columnB7_
FN:52,_RNvYNtCs2IsIg9TRogg_7factory4UserINtNtCs13Xu2eXins0_13fabrique_core5model5QueryNtNtCsaPtNpSgn9Sp_11sqlx_sqlite8database6SqliteE5queryB4_
FN:60,_RNvYNtCs2IsIg9TRogg_7factory4UserINtNtCs13Xu2eXins0_13fabrique_core5model5QueryNtNtCsaPtNpSgn9Sp_11sqlx_sqlite8database6SqliteE6insertB4_
FN:52,_RNvYNtCs2IsIg9TRogg_7factory5OrderINtNtCs13Xu2eXins0_13fabrique_core5model5QueryNtNtCsaPtNpSgn9Sp_11sqlx_sqlite8database6SqliteE5queryB4_
FN:60,_RNvYNtCs2IsIg9TRogg_7factory5OrderINtNtCs13Xu2eXins0_13fabrique_core5model5QueryNtNtCsaPtNpSgn9Sp_11sqlx_sqlite8database6SqliteE6insertB4_
FN:52,_RNvYNtCs2IsIg9TRogg_7factory7AddressINtNtCs13Xu2eXins0_13fabrique_core5model5QueryNtNtCsaPtNpSgn9Sp_11sqlx_sqlite8database6SqliteE5queryB4_
FN:60,_RNvYNtCs2IsIg9TRogg_7factory7AddressINtNtCs13Xu2eXins0_13fabrique_core5model5QueryNtNtCsaPtNpSgn9Sp_11sqlx_sqlite8database6SqliteE6insertB4_
FN:52,_RNvYNtCs2IsIg9TRogg_7factory7ProductINtNtCs13Xu2eXins0_13fabrique_core5model5QueryNtNtCsaPtNpSgn9Sp_11sqlx_sqlite8database6SqliteE5queryB4_
FN:60,_RNvYNtCs2IsIg9TRogg_7factory7ProductINtNtCs13Xu2eXins0_13fabrique_core5model5QueryNtNtCsaPtNpSgn9Sp_11sqlx_sqlite8database6SqliteE6insertB4_
FN:52,_RNvYNtCs2IsIg9TRogg_7factory9OrderLineINtNtCs13Xu2eXins0_13fabrique_core5model5QueryNtNtCsaPtNpSgn9Sp_11sqlx_sqlite8database6SqliteE5queryB4_
FN:60,_RNvYNtCs2IsIg9TRogg_7factory9OrderLineINtNtCs13Xu2eXins0_13fabrique_core5model5QueryNtNtCsaPtNpSgn9Sp_11sqlx_sqlite8database6SqliteE6insertB4_
FN:52,_RNvYNtCs27s0hM8o3TY_8has_many4UserINtNtCs13Xu2eXins0_13fabrique_core5model5QueryNtNtCsaPtNpSgn9Sp_11sqlx_sqlite8database6SqliteE5queryB4_
FN:60,_RNvYNtCs27s0hM8o3TY_8has_many4UserINtNtCs13Xu2eXins0_13fabrique_core5model5QueryNtNtCsaPtNpSgn9Sp_11sqlx_sqlite8database6SqliteE6insertB4_
FN:52,_RNvYNtCs27s0hM8o3TY_8has_many7MessageINtNtCs13Xu2eXins0_13fabrique_core5model5QueryNtNtCsaPtNpSgn9Sp_11sqlx_sqlite8database6SqliteE5queryB4_
FN:60,_RNvYNtCs27s0hM8o3TY_8has_many7MessageINtNtCs13Xu2eXins0_13fabrique_core5model5QueryNtNtCsaPtNpSgn9Sp_11sqlx_sqlite8database6SqliteE6insertB4_
FN:52,_RNvYNtCsg8XEyjF095a_5model7ProductINtNtCs13Xu2eXins0_13fabrique_core5model5QueryNtNtCsaPtNpSgn9Sp_11sqlx_sqlite8database6SqliteE5queryB4_
FN:60,_RNvYNtCsg8XEyjF095a_5model7ProductINtNtCs13Xu2eXins0_13fabrique_core5model5QueryNtNtCsaPtNpSgn9Sp_11sqlx_sqlite8database6SqliteE6insertB4_
FN:68,_RNvYNtCsg8XEyjF095a_5model7ProductINtNtCs13Xu2eXins0_13fabrique_core5model5QueryNtNtCsaPtNpSgn9Sp_11sqlx_sqlite8database6SqliteE6updateB4_
FN:52,_RNvYNtCsbJ5R21THCkl_13query_builder4UserINtNtCs13Xu2eXins0_13fabrique_core5model5QueryNtNtCsaPtNpSgn9Sp_11sqlx_sqlite8database6SqliteE5queryB4_
FN:60,_RNvYNtCsbJ5R21THCkl_13query_builder4UserINtNtCs13Xu2eXins0_13fabrique_core5model5QueryNtNtCsaPtNpSgn9Sp_11sqlx_sqlite8database6SqliteE6insertB4_
FN:52,_RNvYNtCsbJ5R21THCkl_13query_builder5OrderINtNtCs13Xu2eXins0_13fabrique_core5model5QueryNtNtCsaPtNpSgn9Sp_11sqlx_sqlite8database6SqliteE5queryB4_
FN:60,_RNvYNtCsbJ5R21THCkl_13query_builder5OrderINtNtCs13Xu2eXins0_13fabrique_core5model5QueryNtNtCsaPtNpSgn9Sp_11sqlx_sqlite8database6SqliteE6insertB4_
FN:52,_RNvYNtCsbJ5R21THCkl_13query_builder7MessageINtNtCs13Xu2eXins0_13fabrique_core5model5QueryNtNtCsaPtNpSgn9Sp_11sqlx_sqlite8database6SqliteE5queryB4_
FN:52,_RNvYNtCsbJ5R21THCkl_13query_builder7ProductINtNtCs13Xu2eXins0_13fabrique_core5model5QueryNtNtCsaPtNpSgn9Sp_11sqlx_sqlite8database6SqliteE5queryB4_
FN:60,_RNvYNtCsbJ5R21THCkl_13query_builder7ProductINtNtCs13Xu2eXins0_13fabrique_core5model5QueryNtNtCsaPtNpSgn9Sp_11sqlx_sqlite8database6SqliteE6insertB4_
FN:68,_RNvYNtCsbJ5R21THCkl_13query_builder7ProductINtNtCs13Xu2eXins0_13fabrique_core5model5QueryNtNtCsaPtNpSgn9Sp_11sqlx_sqlite8database6SqliteE6updateB4_
FN:83,_RINvYNtCsli6X9l8wGxv_11soft_delete4UserINtNtCs13Xu2eXins0_13fabrique_core5model5QueryNtNtCsaPtNpSgn9Sp_11sqlx_sqlite8database6SqliteE3allRINtNtCs4QHqC4A37k0_9sqlx_core4pool4PoolB1l_EEB5_
FN:52,_RNvYNtCsli6X9l8wGxv_11soft_delete4UserINtNtCs13Xu2eXins0_13fabrique_core5model5QueryNtNtCsaPtNpSgn9Sp_11sqlx_sqlite8database6SqliteE5queryB4_
FN:60,_RNvYNtCsli6X9l8wGxv_11soft_delete4UserINtNtCs13Xu2eXins0_13fabrique_core5model5QueryNtNtCsaPtNpSgn9Sp_11sqlx_sqlite8database6SqliteE6insertB4_
FN:90,_RNCINvYNtCsli6X9l8wGxv_11soft_delete4UserINtNtCs13Xu2eXins0_13fabrique_core5model5QueryNtNtCsaPtNpSgn9Sp_11sqlx_sqlite8database6SqliteE3allRINtNtCs4QHqC4A37k0_9sqlx_core4pool4PoolB1n_EE0B7_
FN:83,_RINvYNtCse3BkM0SKQEJ_4test7ProductINtNtCs13Xu2eXins0_13fabrique_core5model5QueryNtNtCsaPtNpSgn9Sp_11sqlx_sqlite8database6SqliteE3allRINtNtCs4QHqC4A37k0_9sqlx_core4pool4PoolB1g_EEB5_
FN:52,_RNvYNtCse3BkM0SKQEJ_4test7ProductINtNtCs13Xu2eXins0_13fabrique_core5model5QueryNtNtCsaPtNpSgn9Sp_11sqlx_sqlite8database6SqliteE5queryB4_
FN:60,_RNvYNtCse3BkM0SKQEJ_4test7ProductINtNtCs13Xu2eXins0_13fabrique_core5model5QueryNtNtCsaPtNpSgn9Sp_11sqlx_sqlite8database6SqliteE6insertB4_
FN:38,_RNvYNtCse3BkM0SKQEJ_4test7ProductNtNtCs13Xu2eXins0_13fabrique_core5model5Model18soft_delete_columnB4_
FN:90,_RNCINvYNtCse3BkM0SKQEJ_4test7ProductINtNtCs13Xu2eXins0_13fabrique_core5model5QueryNtNtCsaPtNpSgn9Sp_11sqlx_sqlite8database6SqliteE3allRINtNtCs4QHqC4A37k0_9sqlx_core4pool4PoolB1i_EE0B7_
FNDA:2,_RNCINvYNtCs5Ww88d4XwCk_22composite_primary_keys9OrderLineINtNtCs13Xu2eXins0_13fabrique_core5model5QueryNtNtCsaPtNpSgn9Sp_11sqlx_sqlite8database6SqliteE3allRINtNtCs4QHqC4A37k0_9sqlx_core4pool4PoolB1D_EE0B7_
FNDA:2,_RINvYNtCs5Ww88d4XwCk_22composite_primary_keys9OrderLineINtNtCs13Xu2eXins0_13fabrique_core5model5QueryNtNtCsaPtNpSgn9Sp_11sqlx_sqlite8database6SqliteE3allRINtNtCs4QHqC4A37k0_9sqlx_core4pool4PoolB1B_EEB5_
FNDA:2,_RNvYNtCs5Ww88d4XwCk_22composite_primary_keys4UserINtNtCs13Xu2eXins0_13fabrique_core5model5QueryNtNtCsaPtNpSgn9Sp_11sqlx_sqlite8database6SqliteE5queryB4_
FNDA:1,_RNvYNtCs5Ww88d4XwCk_22composite_primary_keys4UserINtNtCs13Xu2eXins0_13fabrique_core5model5QueryNtNtCsaPtNpSgn9Sp_11sqlx_sqlite8database6SqliteE6insertB4_
FNDA:2,_RNvYNtCs5Ww88d4XwCk_22composite_primary_keys5OrderINtNtCs13Xu2eXins0_13fabrique_core5model5QueryNtNtCsaPtNpSgn9Sp_11sqlx_sqlite8database6SqliteE5queryB4_
FNDA:1,_RNvYNtCs5Ww88d4XwCk_22composite_primary_keys5OrderINtNtCs13Xu2eXins0_13fabrique_core5model5QueryNtNtCsaPtNpSgn9Sp_11sqlx_sqlite8database6SqliteE6insertB4_
FNDA:2,_RNvYNtCs5Ww88d4XwCk_22composite_primary_keys7ProductINtNtCs13Xu2eXins0_13fabrique_core5model5QueryNtNtCsaPtNpSgn9Sp_11sqlx_sqlite8database6SqliteE5queryB4_
FNDA:1,_RNvYNtCs5Ww88d4XwCk_22composite_primary_keys7ProductINtNtCs13Xu2eXins0_13fabrique_core5model5QueryNtNtCsaPtNpSgn9Sp_11sqlx_sqlite8database6SqliteE6insertB4_
FNDA:4,_RNvYNtCs5Ww88d4XwCk_22composite_primary_keys9OrderLineINtNtCs13Xu2eXins0_13fabrique_core5model5QueryNtNtCsaPtNpSgn9Sp_11sqlx_sqlite8database6SqliteE5queryB4_
FNDA:1,_RNvYNtCs5Ww88d4XwCk_22composite_primary_keys9OrderLineINtNtCs13Xu2eXins0_13fabrique_core5model5QueryNtNtCsaPtNpSgn9Sp_11sqlx_sqlite8database6SqliteE6insertB4_
FNDA:2,_RNvYNtCs5Ww88d4XwCk_22composite_primary_keys9OrderLineNtNtCs13Xu2eXins0_13fabrique_core5model5Model18soft_delete_columnB4_
FNDA:4,_RNvYNtCse0scvnlJL0x_10conversion4UserINtNtCs13Xu2eXins0_13fabrique_core5model5QueryNtNtCsaPtNpSgn9Sp_11sqlx_sqlite8database6SqliteE5queryB4_
FNDA:2,_RNvYNtCse0scvnlJL0x_10conversion4UserINtNtCs13Xu2eXins0_13fabrique_core5model5QueryNtNtCsaPtNpSgn9Sp_11sqlx_sqlite8database6SqliteE6insertB4_
FNDA:7,_RNvYNtCse0scvnlJL0x_10conversion5OrderINtNtCs13Xu2eXins0_13fabrique_core5model5QueryNtNtCsaPtNpSgn9Sp_11sqlx_sqlite8database6SqliteE5queryB4_
FNDA:2,_RNvYNtCse0scvnlJL0x_10conversion5OrderINtNtCs13Xu2eXins0_13fabrique_core5model5QueryNtNtCsaPtNpSgn9Sp_11sqlx_sqlite8database6SqliteE6insertB4_
FNDA:1,_RNvYNtCse0scvnlJL0x_10conversion5OrderINtNtCs13Xu2eXins0_13fabrique_core5model5QueryNtNtCsaPtNpSgn9Sp_11sqlx_sqlite8database6SqliteE6updateB4_
FNDA:0,_RINvYpINtNtCs4LxCqFiFQw_13fabrique_core5model5QuerypE3allpEB9_
FNDA:0,_RNCINvYpINtNtCs4LxCqFiFQw_13fabrique_core5model5QuerypE3allpE0Bb_
FNDA:0,_RNvYpINtNtCs4LxCqFiFQw_13fabrique_core5model5QuerypE5queryB8_
FNDA:0,_RNvYpINtNtCs4LxCqFiFQw_13fabrique_core5model5QuerypE6insertB8_
FNDA:0,_RNvYpINtNtCs4LxCqFiFQw_13fabrique_core5model5QuerypE6updateB8_
FNDA:0,_RNvYpNtNtCs4LxCqFiFQw_13fabrique_core5model5Model18soft_delete_columnB7_
FNDA:11,_RNvYNtCs2IsIg9TRogg_7factory4UserINtNtCs13Xu2eXins0_13fabrique_core5model5QueryNtNtCsaPtNpSgn9Sp_11sqlx_sqlite8database6SqliteE5queryB4_
FNDA:5,_RNvYNtCs2IsIg9TRogg_7factory4UserINtNtCs13Xu2eXins0_13fabrique_core5model5QueryNtNtCsaPtNpSgn9Sp_11sqlx_sqlite8database6SqliteE6insertB4_
FNDA:8,_RNvYNtCs2IsIg9TRogg_7factory5OrderINtNtCs13Xu2eXins0_13fabrique_core5model5QueryNtNtCsaPtNpSgn9Sp_11sqlx_sqlite8database6SqliteE5queryB4_
FNDA:4,_RNvYNtCs2IsIg9TRogg_7factory5OrderINtNtCs13Xu2eXins0_13fabrique_core5model5QueryNtNtCsaPtNpSgn9Sp_11sqlx_sqlite8database6SqliteE6insertB4_
FNDA:2,_RNvYNtCs2IsIg9TRogg_7factory7AddressINtNtCs13Xu2eXins0_13fabrique_core5model5QueryNtNtCsaPtNpSgn9Sp_11sqlx_sqlite8database6SqliteE5queryB4_
FNDA:1,_RNvYNtCs2IsIg9TRogg_7factory7AddressINtNtCs13Xu2eXins0_13fabrique_core5model5QueryNtNtCsaPtNpSgn9Sp_11sqlx_sqlite8database6SqliteE6insertB4_
FNDA:6,_RNvYNtCs2IsIg9TRogg_7factory7ProductINtNtCs13Xu2eXins0_13fabrique_core5model5QueryNtNtCsaPtNpSgn9Sp_11sqlx_sqlite8database6SqliteE5queryB4_
FNDA:3,_RNvYNtCs2IsIg9TRogg_7factory7ProductINtNtCs13Xu2eXins0_13fabrique_core5model5QueryNtNtCsaPtNpSgn9Sp_11sqlx_sqlite8database6SqliteE6insertB4_
FNDA:6,_RNvYNtCs2IsIg9TRogg_7factory9OrderLineINtNtCs13Xu2eXins0_13fabrique_core5model5QueryNtNtCsaPtNpSgn9Sp_11sqlx_sqlite8database6SqliteE5queryB4_
FNDA:3,_RNvYNtCs2IsIg9TRogg_7factory9OrderLineINtNtCs13Xu2eXins0_13fabrique_core5model5QueryNtNtCsaPtNpSgn9Sp_11sqlx_sqlite8database6SqliteE6insertB4_
FNDA:4,_RNvYNtCs27s0hM8o3TY_8has_many4UserINtNtCs13Xu2eXins0_13fabrique_core5model5QueryNtNtCsaPtNpSgn9Sp_11sqlx_sqlite8database6SqliteE5queryB4_
FNDA:2,_RNvYNtCs27s0hM8o3TY_8has_many4UserINtNtCs13Xu2eXins0_13fabrique_core5model5QueryNtNtCsaPtNpSgn9Sp_11sqlx_sqlite8database6SqliteE6insertB4_
FNDA:5,_RNvYNtCs27s0hM8o3TY_8has_many7MessageINtNtCs13Xu2eXins0_13fabrique_core5model5QueryNtNtCsaPtNpSgn9Sp_11sqlx_sqlite8database6SqliteE5queryB4_
FNDA:1,_RNvYNtCs27s0hM8o3TY_8has_many7MessageINtNtCs13Xu2eXins0_13fabrique_core5model5QueryNtNtCsaPtNpSgn9Sp_11sqlx_sqlite8database6SqliteE6insertB4_
FNDA:5,_RNvYNtCsg8XEyjF095a_5model7ProductINtNtCs13Xu2eXins0_13fabrique_core5model5QueryNtNtCsaPtNpSgn9Sp_11sqlx_sqlite8database6SqliteE5queryB4_
FNDA:2,_RNvYNtCsg8XEyjF095a_5model7ProductINtNtCs13Xu2eXins0_13fabrique_core5model5QueryNtNtCsaPtNpSgn9Sp_11sqlx_sqlite8database6SqliteE6insertB4_
FNDA:1,_RNvYNtCsg8XEyjF095a_5model7ProductINtNtCs13Xu2eXins0_13fabrique_core5model5QueryNtNtCsaPtNpSgn9Sp_11sqlx_sqlite8database6SqliteE6updateB4_
FNDA:27,_RNvYNtCsbJ5R21THCkl_13query_builder4UserINtNtCs13Xu2eXins0_13fabrique_core5model5QueryNtNtCsaPtNpSgn9Sp_11sqlx_sqlite8database6SqliteE5queryB4_
FNDA:5,_RNvYNtCsbJ5R21THCkl_13query_builder4UserINtNtCs13Xu2eXins0_13fabrique_core5model5QueryNtNtCsaPtNpSgn9Sp_11sqlx_sqlite8database6SqliteE6insertB4_
FNDA:13,_RNvYNtCsbJ5R21THCkl_13query_builder5OrderINtNtCs13Xu2eXins0_13fabrique_core5model5QueryNtNtCsaPtNpSgn9Sp_11sqlx_sqlite8database6SqliteE5queryB4_
FNDA:5,_RNvYNtCsbJ5R21THCkl_13query_builder5OrderINtNtCs13Xu2eXins0_13fabrique_core5model5QueryNtNtCsaPtNpSgn9Sp_11sqlx_sqlite8database6SqliteE6insertB4_
FNDA:9,_RNvYNtCsbJ5R21THCkl_13query_builder7MessageINtNtCs13Xu2eXins0_13fabrique_core5model5QueryNtNtCsaPtNpSgn9Sp_11sqlx_sqlite8database6SqliteE5queryB4_
FNDA:90,_RNvYNtCsbJ5R21THCkl_13query_builder7ProductINtNtCs13Xu2eXins0_13fabrique_core5model5QueryNtNtCsaPtNpSgn9Sp_11sqlx_sqlite8database6SqliteE5queryB4_
FNDA:29,_RNvYNtCsbJ5R21THCkl_13query_builder7ProductINtNtCs13Xu2eXins0_13fabrique_core5model5QueryNtNtCsaPtNpSgn9Sp_11sqlx_sqlite8database6SqliteE6insertB4_
FNDA:6,_RNvYNtCsbJ5R21THCkl_13query_builder7ProductINtNtCs13Xu2eXins0_13fabrique_core5model5QueryNtNtCsaPtNpSgn9Sp_11sqlx_sqlite8database6SqliteE6updateB4_
FNDA:3,_RINvYNtCsli6X9l8wGxv_11soft_delete4UserINtNtCs13Xu2eXins0_13fabrique_core5model5QueryNtNtCsaPtNpSgn9Sp_11sqlx_sqlite8database6SqliteE3allRINtNtCs4QHqC4A37k0_9sqlx_core4pool4PoolB1l_EEB5_
FNDA:6,_RNvYNtCsli6X9l8wGxv_11soft_delete4UserINtNtCs13Xu2eXins0_13fabrique_core5model5QueryNtNtCsaPtNpSgn9Sp_11sqlx_sqlite8database6SqliteE5queryB4_
FNDA:1,_RNvYNtCsli6X9l8wGxv_11soft_delete4UserINtNtCs13Xu2eXins0_13fabrique_core5model5QueryNtNtCsaPtNpSgn9Sp_11sqlx_sqlite8database6SqliteE6insertB4_
FNDA:3,_RNCINvYNtCsli6X9l8wGxv_11soft_delete4UserINtNtCs13Xu2eXins0_13fabrique_core5model5QueryNtNtCsaPtNpSgn9Sp_11sqlx_sqlite8database6SqliteE3allRINtNtCs4QHqC4A37k0_9sqlx_core4pool4PoolB1n_EE0B7_
FNDA:5,_RINvYNtCse3BkM0SKQEJ_4test7ProductINtNtCs13Xu2eXins0_13fabrique_core5model5QueryNtNtCsaPtNpSgn9Sp_11sqlx_sqlite8database6SqliteE3allRINtNtCs4QHqC4A37k0_9sqlx_core4pool4PoolB1g_EEB5_
FNDA:16,_RNvYNtCse3BkM0SKQEJ_4test7ProductINtNtCs13Xu2eXins0_13fabrique_core5model5QueryNtNtCsaPtNpSgn9Sp_11sqlx_sqlite8database6SqliteE5queryB4_
FNDA:5,_RNvYNtCse3BkM0SKQEJ_4test7ProductINtNtCs13Xu2eXins0_13fabrique_core5model5QueryNtNtCsaPtNpSgn9Sp_11sqlx_sqlite8database6SqliteE6insertB4_
FNDA:5,_RNvYNtCse3BkM0SKQEJ_4test7ProductNtNtCs13Xu2eXins0_13fabrique_core5model5Model18soft_delete_columnB4_
FNDA:5,_RNCINvYNtCse3BkM0SKQEJ_4test7ProductINtNtCs13Xu2eXins0_13fabrique_core5model5QueryNtNtCsaPtNpSgn9Sp_11sqlx_sqlite8database6SqliteE3allRINtNtCs4QHqC4A37k0_9sqlx_core4pool4PoolB1i_EE0B7_
FNF:6
FNH:6
DA:38,7
DA:39,7
DA:40,7
DA:42,7
DA:43,7
DA:52,229
DA:53,229
DA:54,229
DA:60,74
DA:61,74
DA:62,74
DA:68,8
DA:69,8
DA:70,8
DA:83,10
DA:84,10
DA:85,10
DA:86,10
DA:87,10
DA:88,10
DA:90,10
DA:91,10
DA:92,3
DA:93,7
DA:95,10
DA:96,10
BRF:0
BRH:0
LF:26
LH:25
end_of_record
SF:/home/rstraub/Projects/robinstraub/fabrique/fabrique-core/src/model/column_set.rs
FN:150,_RNvNtNtNtCs4LxCqFiFQw_13fabrique_core5model10column_set5testss_37into_db_is_identity_for_plain_columns
FN:141,_RNvNtNtNtCs4LxCqFiFQw_13fabrique_core5model10column_set5testss_40single_column_returns_its_qualified_name
FN:156,_RNvNtNtNtCs4LxCqFiFQw_13fabrique_core5model10column_set5testss_48two_columns_return_both_qualified_names_in_order
FN:125,_RNvXNtNtNtCs4LxCqFiFQw_13fabrique_core5model10column_set5testsNtB2_12MockIdColumnINtNtB8_8database6ColumnNtB2_9MockModelE7into_db
FN:135,_RNvXs_NtNtNtCs4LxCqFiFQw_13fabrique_core5model10column_set5testsNtB4_14MockNameColumnINtNtBa_8database6ColumnNtB4_9MockModelE7into_db
FN:85,_RNvXININtNtCs4LxCqFiFQw_13fabrique_core5model10column_sets0_0ppppppppppETpppEINtB5_9ColumnSetpTpppETpppEE15qualified_namesB9_
FN:85,_RNvXININtNtCs4LxCqFiFQw_13fabrique_core5model10column_sets1_0pppppppppppppETppppEINtB5_9ColumnSetpTppppETppppEE15qualified_namesB9_
FN:85,_RNvXININtNtCs4LxCqFiFQw_13fabrique_core5model10column_sets2_0ppppppppppppppppETpppppEINtB5_9ColumnSetpTpppppETpppppEE15qualified_namesB9_
FN:85,_RNvXININtNtCs4LxCqFiFQw_13fabrique_core5model10column_sets3_0pppppppppppppppppppETppppppEINtB5_9ColumnSetpTppppppETppppppEE15qualified_namesB9_
FN:85,_RNvXININtNtCs4LxCqFiFQw_13fabrique_core5model10column_sets4_0ppppppppppppppppppppppETpppppppEINtB5_9ColumnSetpTpppppppETpppppppEE15qualified_namesB9_
FN:85,_RNvXININtNtCs4LxCqFiFQw_13fabrique_core5model10column_sets5_0pppppppppppppppppppppppppETppppppppEINtB5_9ColumnSetpTppppppppETppppppppEE15qualified_namesB9_
FN:85,_RNvXININtNtCs4LxCqFiFQw_13fabrique_core5model10column_sets6_0ppppppppppppppppppppppppppppETpppppppppEINtB5_9ColumnSetpTpppppppppETpppppppppEE15qualified_namesB9_
FN:85,_RNvXININtNtCs4LxCqFiFQw_13fabrique_core5model10column_sets7_0pppppppppppppppppppppppppppppppETppppppppppEINtB5_9ColumnSetpTppppppppppETppppppppppEE15qualified_namesB9_
FN:85,_RNvXININtNtCs4LxCqFiFQw_13fabrique_core5model10column_sets8_0ppppppppppppppppppppppppppppppppppETpppppppppppEINtB5_9ColumnSetpTpppppppppppETpppppppppppEE15qualified_namesB9_
FN:85,_RNvXININtNtCs4LxCqFiFQw_13fabrique_core5model10column_sets9_0pppppppppppppppppppppppppppppppppppppETppppppppppppEINtB5_9ColumnSetpTppppppppppppETppppppppppppEE15qualified_namesB9_
FN:85,_RNvXININtNtCs4LxCqFiFQw_13fabrique_core5model10column_setsa_0ppppppppppppppppppppppppppppppppppppppppETpppppppppppppEINtB5_9ColumnSetpTpppppppppppppETpppppppppppppEE15qualified_namesB9_
FN:85,_RNvXININtNtCs4LxCqFiFQw_13fabrique_core5model10column_setsb_0pppppppppppppppppppppppppppppppppppppppppppETppppppppppppppEINtB5_9ColumnSetpTppppppppppppppETppppppppppppppEE15qualified_namesB9_
FN:85,_RNvXININtNtCs4LxCqFiFQw_13fabrique_core5model10column_setsc_0ppppppppppppppppppppppppppppppppppppppppppppppETpppppppppppppppEINtB5_9ColumnSetpTpppppppppppppppETpppppppppppppppEE15qualified_namesB9_
FN:85,_RNvXININtNtCs4LxCqFiFQw_13fabrique_core5model10column_setsd_0pppppppppppppppppppppppppppppppppppppppppppppppppETppppppppppppppppEINtB5_9ColumnSetpTppppppppppppppppETppppppppppppppppEE15qualified_namesB9_
FN:85,_RNvXNtNtCs4LxCqFiFQw_13fabrique_core5model10column_setTNtNtB2_5tests12MockIdColumnEINtB2_9ColumnSetINtNtB4_4join6JoinedTNtBT_9MockModeluEuETB1U_ETNtB1C_4HereEE15qualified_namesB6_
FN:85,_RNvXs_NtNtCs4LxCqFiFQw_13fabrique_core5model10column_setTNtNtB4_5tests12MockIdColumnNtBV_14MockNameColumnEINtB4_9ColumnSetINtNtB6_4join6JoinedTNtBV_9MockModeluEuETB2h_B2h_ETNtB1Z_4HereB2L_EE15qualified_namesB8_
FN:85,_RNvXs_NtNtCs13Xu2eXins0_13fabrique_core5model10column_setTNtCsbJ5R21THCkl_13query_builder17OrderStatusColumnNtBW_17ProductNameColumnEINtB4_9ColumnSetINtNtB6_4join6JoinedTNtBW_7ProductuEIB2o_TNtBW_9OrderLineuEIB2o_TNtBW_5OrderuEuEEETB3q_B2I_ETINtB2q_5ThereIB3T_NtB2q_4HereEEB4a_EE15qualified_namesBW_
FN:85,_RNvXs_NtNtCs13Xu2eXins0_13fabrique_core5model10column_setTNtCsbJ5R21THCkl_13query_builder17ProductNameColumnNtBW_23ProductPriceCentsColumnEINtB4_9ColumnSetINtNtB6_4join6JoinedTNtBW_7ProductuEuETB2O_B2O_ETNtB2w_4HereB3g_EE15qualified_namesBW_
FNDA:1,_RNvNtNtNtCs4LxCqFiFQw_13fabrique_core5model10column_set5testss_37into_db_is_identity_for_plain_columns
FNDA:1,_RNvNtNtNtCs4LxCqFiFQw_13fabrique_core5model10column_set5testss_40single_column_returns_its_qualified_name
FNDA:1,_RNvNtNtNtCs4LxCqFiFQw_13fabrique_core5model10column_set5testss_48two_columns_return_both_qualified_names_in_order
FNDA:1,_RNvXNtNtNtCs4LxCqFiFQw_13fabrique_core5model10column_set5testsNtB2_12MockIdColumnINtNtB8_8database6ColumnNtB2_9MockModelE7into_db
FNDA:1,_RNvXs_NtNtNtCs4LxCqFiFQw_13fabrique_core5model10column_set5testsNtB4_14MockNameColumnINtNtBa_8database6ColumnNtB4_9MockModelE7into_db
FNDA:0,_RNvXININtNtCs4LxCqFiFQw_13fabrique_core5model10column_sets0_0ppppppppppETpppEINtB5_9ColumnSetpTpppETpppEE15qualified_namesB9_
FNDA:0,_RNvXININtNtCs4LxCqFiFQw_13fabrique_core5model10column_sets1_0pppppppppppppETppppEINtB5_9ColumnSetpTppppETppppEE15qualified_namesB9_
FNDA:0,_RNvXININtNtCs4LxCqFiFQw_13fabrique_core5model10column_sets2_0ppppppppppppppppETpppppEINtB5_9ColumnSetpTpppppETpppppEE15qualified_namesB9_
FNDA:0,_RNvXININtNtCs4LxCqFiFQw_13fabrique_core5model10column_sets3_0pppppppppppppppppppETppppppEINtB5_9ColumnSetpTppppppETppppppEE15qualified_namesB9_
FNDA:0,_RNvXININtNtCs4LxCqFiFQw_13fabrique_core5model10column_sets4_0ppppppppppppppppppppppETpppppppEINtB5_9ColumnSetpTpppppppETpppppppEE15qualified_namesB9_
FNDA:0,_RNvXININtNtCs4LxCqFiFQw_13fabrique_core5model10column_sets5_0pppppppppppppppppppppppppETppppppppEINtB5_9ColumnSetpTppppppppETppppppppEE15qualified_namesB9_
FNDA:0,_RNvXININtNtCs4LxCqFiFQw_13fabrique_core5model10column_sets6_0ppppppppppppppppppppppppppppETpppppppppEINtB5_9ColumnSetpTpppppppppETpppppppppEE15qualified_namesB9_
FNDA:0,_RNvXININtNtCs4LxCqFiFQw_13fabrique_core5model10column_sets7_0pppppppppppppppppppppppppppppppETppppppppppEINtB5_9ColumnSetpTppppppppppETppppppppppEE15qualified_namesB9_
FNDA:0,_RNvXININtNtCs4LxCqFiFQw_13fabrique_core5model10column_sets8_0ppppppppppppppppppppppppppppppppppETpppppppppppEINtB5_9ColumnSetpTpppppppppppETpppppppppppEE15qualified_namesB9_
FNDA:0,_RNvXININtNtCs4LxCqFiFQw_13fabrique_core5model10column_sets9_0pppppppppppppppppppppppppppppppppppppETppppppppppppEINtB5_9ColumnSetpTppppppppppppETppppppppppppEE15qualified_namesB9_
FNDA:0,_RNvXININtNtCs4LxCqFiFQw_13fabrique_core5model10column_setsa_0ppppppppppppppppppppppppppppppppppppppppETpppppppppppppEINtB5_9ColumnSetpTpppppppppppppETpppppppppppppEE15qualified_namesB9_
FNDA:0,_RNvXININtNtCs4LxCqFiFQw_13fabrique_core5model10column_setsb_0pppppppppppppppppppppppppppppppppppppppppppETppppppppppppppEINtB5_9ColumnSetpTppppppppppppppETppppppppppppppEE15qualified_namesB9_
FNDA:0,_RNvXININtNtCs4LxCqFiFQw_13fabrique_core5model10column_setsc_0ppppppppppppppppppppppppppppppppppppppppppppppETpppppppppppppppEINtB5_9ColumnSetpTpppppppppppppppETpppppppppppppppEE15qualified_namesB9_
FNDA:0,_RNvXININtNtCs4LxCqFiFQw_13fabrique_core5model10column_setsd_0pppppppppppppppppppppppppppppppppppppppppppppppppETppppppppppppppppEINtB5_9ColumnSetpTppppppppppppppppETppppppppppppppppEE15qualified_namesB9_
FNDA:1,_RNvXNtNtCs4LxCqFiFQw_13fabrique_core5model10column_setTNtNtB2_5tests12MockIdColumnEINtB2_9ColumnSetINtNtB4_4join6JoinedTNtBT_9MockModeluEuETB1U_ETNtB1C_4HereEE15qualified_namesB6_
FNDA:1,_RNvXs_NtNtCs4LxCqFiFQw_13fabrique_core5model10column_setTNtNtB4_5tests12MockIdColumnNtBV_14MockNameColumnEINtB4_9ColumnSetINtNtB6_4join6JoinedTNtBV_9MockModeluEuETB2h_B2h_ETNtB1Z_4HereB2L_EE15qualified_namesB8_
FNDA:1,_RNvXs_NtNtCs13Xu2eXins0_13fabrique_core5model10column_setTNtCsbJ5R21THCkl_13query_builder17OrderStatusColumnNtBW_17ProductNameColumnEINtB4_9ColumnSetINtNtB6_4join6JoinedTNtBW_7ProductuEIB2o_TNtBW_9OrderLineuEIB2o_TNtBW_5OrderuEuEEETB3q_B2I_ETINtB2q_5ThereIB3T_NtB2q_4HereEEB4a_EE15qualified_namesBW_
FNDA:1,_RNvXs_NtNtCs13Xu2eXins0_13fabrique_core5model10column_setTNtCsbJ5R21THCkl_13query_builder17ProductNameColumnNtBW_23ProductPriceCentsColumnEINtB4_9ColumnSetINtNtB6_4join6JoinedTNtBW_7ProductuEuETB2O_B2O_ETNtB2w_4HereB3g_EE15qualified_namesBW_
FNF:6
FNH:6
DA:85,4
DA:86,4
DA:87,4
DA:125,1
DA:126,1
DA:127,1
DA:135,1
DA:136,1
DA:137,1
DA:141,1
DA:144,1
DA:146,1
DA:147,1
DA:150,1
DA:151,1
DA:152,1
DA:153,1
DA:156,1
DA:159,1
DA:160,1
DA:161,1
DA:162,1
DA:163,1
DA:165,1
DA:166,1
BRF:0
BRH:0
LF:25
LH:25
end_of_record
SF:/home/rstraub/Projects/robinstraub/fabrique/fabrique-core/src/model/query_builder.rs
FN:488,_RINvMs0_NtNtCs13Xu2eXins0_13fabrique_core5model13query_builderINtB6_12QueryBuilderNtNtCsaPtNpSgn9Sp_11sqlx_sqlite8database6SqliteNtB6_7InitialINtNtB8_4join6JoinedTNtCs5Ww88d4XwCk_22composite_primary_keys4UseruEuEE11select_implB2B_EB2D_
FN:534,_RINvMs0_NtNtCs13Xu2eXins0_13fabrique_core5model13query_builderINtB6_12QueryBuilderNtNtCsaPtNpSgn9Sp_11sqlx_sqlite8database6SqliteNtB6_7InitialINtNtB8_4join6JoinedTNtCs5Ww88d4XwCk_22composite_primary_keys4UseruEuEE5whereNtB2D_12UserIdColumnReB2B_NtB2j_4HereNtCs8sqeQenuSaj_4uuid4UuidEB2D_
FN:488,_RINvMs0_NtNtCs13Xu2eXins0_13fabrique_core5model13query_builderINtB6_12QueryBuilderNtNtCsaPtNpSgn9Sp_11sqlx_sqlite8database6SqliteNtB6_7InitialINtNtB8_4join6JoinedTNtCs5Ww88d4XwCk_22composite_primary_keys5OrderuEuEE11select_implB2B_EB2D_
FN:534,_RINvMs0_NtNtCs13Xu2eXins0_13fabrique_core5model13query_builderINtB6_12QueryBuilderNtNtCsaPtNpSgn9Sp_11sqlx_sqlite8database6SqliteNtB6_7InitialINtNtB8_4join6JoinedTNtCs5Ww88d4XwCk_22composite_primary_keys5OrderuEuEE5whereNtB2D_13OrderIdColumnReB2B_NtB2j_4HereNtCs8sqeQenuSaj_4uuid4UuidEB2D_
FN:488,_RINvMs0_NtNtCs13Xu2eXins0_13fabrique_core5model13query_builderINtB6_12QueryBuilderNtNtCsaPtNpSgn9Sp_11sqlx_sqlite8database6SqliteNtB6_7InitialINtNtB8_4join6JoinedTNtCs5Ww88d4XwCk_22composite_primary_keys7ProductuEuEE11select_implB2B_EB2D_
FN:534,_RINvMs0_NtNtCs13Xu2eXins0_13fabrique_core5model13query_builderINtB6_12QueryBuilderNtNtCsaPtNpSgn9Sp_11sqlx_sqlite8database6SqliteNtB6_7InitialINtNtB8_4join6JoinedTNtCs5Ww88d4XwCk_22composite_primary_keys7ProductuEuEE5whereNtB2D_15ProductIdColumnReB2B_NtB2j_4HereNtCs8sqeQenuSaj_4uuid4UuidEB2D_
FN:554,_RINvMs0_NtNtCs13Xu2eXins0_13fabrique_core5model13query_builderINtB6_12QueryBuilderNtNtCsaPtNpSgn9Sp_11sqlx_sqlite8database6SqliteNtB6_7InitialINtNtB8_4join6JoinedTNtCs5Ww88d4XwCk_22composite_primary_keys9OrderLineuEuEE10where_nullNtNtBa_8database3NilB2B_NtB2j_4HereEB2D_
FN:488,_RINvMs0_NtNtCs13Xu2eXins0_13fabrique_core5model13query_builderINtB6_12QueryBuilderNtNtCsaPtNpSgn9Sp_11sqlx_sqlite8database6SqliteNtB6_7InitialINtNtB8_4join6JoinedTNtCs5Ww88d4XwCk_22composite_primary_keys9OrderLineuEuEE11select_implB2B_EB2D_
FN:617,_RINvMs0_NtNtCs13Xu2eXins0_13fabrique_core5model13query_builderINtB6_12QueryBuilderNtNtCsaPtNpSgn9Sp_11sqlx_sqlite8database6SqliteNtB6_7InitialINtNtB8_4join6JoinedTNtCs5Ww88d4XwCk_22composite_primary_keys9OrderLineuEuEE3getRINtNtCs4QHqC4A37k0_9sqlx_core4pool4PoolB1i_EEB2D_
FN:534,_RINvMs0_NtNtCs13Xu2eXins0_13fabrique_core5model13query_builderINtB6_12QueryBuilderNtNtCsaPtNpSgn9Sp_11sqlx_sqlite8database6SqliteNtB6_7InitialINtNtB8_4join6JoinedTNtCs5Ww88d4XwCk_22composite_primary_keys9OrderLineuEuEE5whereNtB2D_22OrderLineOrderIdColumnReB2B_NtB2j_4HereNtCs8sqeQenuSaj_4uuid4UuidEB2D_
FN:1284,_RINvMs5_NtNtCs13Xu2eXins0_13fabrique_core5model13query_builderINtB6_12QueryBuilderNtNtCsaPtNpSgn9Sp_11sqlx_sqlite8database6SqliteINtB6_8BuildingB1i_NtNtNtBa_3sql13query_builder9InsertingEINtNtB8_4join6JoinedTNtCs5Ww88d4XwCk_22composite_primary_keys4UseruEuEE3setNtB3m_12UserIdColumnNtCs8sqeQenuSaj_4uuid4UuidEB3m_
FN:1284,_RINvMs5_NtNtCs13Xu2eXins0_13fabrique_core5model13query_builderINtB6_12QueryBuilderNtNtCsaPtNpSgn9Sp_11sqlx_sqlite8database6SqliteINtB6_8BuildingB1i_NtNtNtBa_3sql13query_builder9InsertingEINtNtB8_4join6JoinedTNtCs5Ww88d4XwCk_22composite_primary_keys5OrderuEuEE3setNtB3m_13OrderIdColumnNtCs8sqeQenuSaj_4uuid4UuidEB3m_
FN:1284,_RINvMs5_NtNtCs13Xu2eXins0_13fabrique_core5model13query_builderINtB6_12QueryBuilderNtNtCsaPtNpSgn9Sp_11sqlx_sqlite8database6SqliteINtB6_8BuildingB1i_NtNtNtBa_3sql13query_builder9InsertingEINtNtB8_4join6JoinedTNtCs5Ww88d4XwCk_22composite_primary_keys7ProductuEuEE3setNtB3m_15ProductIdColumnNtCs8sqeQenuSaj_4uuid4UuidEB3m_
FN:1284,_RINvMs5_NtNtCs13Xu2eXins0_13fabrique_core5model13query_builderINtB6_12QueryBuilderNtNtCsaPtNpSgn9Sp_11sqlx_sqlite8database6SqliteINtB6_8BuildingB1i_NtNtNtBa_3sql13query_builder9InsertingEINtNtB8_4join6JoinedTNtCs5Ww88d4XwCk_22composite_primary_keys9OrderLineuEuEE3setNtB3m_22OrderLineOrderIdColumnNtCs8sqeQenuSaj_4uuid4UuidEB3m_
FN:1317,_RINvMs6_NtNtCs13Xu2eXins0_13fabrique_core5model13query_builderINtB6_12QueryBuilderNtNtCsaPtNpSgn9Sp_11sqlx_sqlite8database6SqliteINtB6_8BuildingB1i_INtNtNtBa_3sql13query_builder8InsertedB1i_EEINtNtB8_4join6JoinedTNtCs5Ww88d4XwCk_22composite_primary_keys4UseruEuEE3setNtB3r_14UserNameColumnNtNtCsfUxcwD0dPxF_5alloc6string6StringEB3r_
FN:1317,_RINvMs6_NtNtCs13Xu2eXins0_13fabrique_core5model13query_builderINtB6_12QueryBuilderNtNtCsaPtNpSgn9Sp_11sqlx_sqlite8database6SqliteINtB6_8BuildingB1i_INtNtNtBa_3sql13query_builder8InsertedB1i_EEINtNtB8_4join6JoinedTNtCs5Ww88d4XwCk_22composite_primary_keys4UseruEuEE3setNtB3r_15UserEmailColumnNtNtCsfUxcwD0dPxF_5alloc6string6StringEB3r_
FN:1317,_RINvMs6_NtNtCs13Xu2eXins0_13fabrique_core5model13query_builderINtB6_12QueryBuilderNtNtCsaPtNpSgn9Sp_11sqlx_sqlite8database6SqliteINtB6_8BuildingB1i_INtNtNtBa_3sql13query_builder8InsertedB1i_EEINtNtB8_4join6JoinedTNtCs5Ww88d4XwCk_22composite_primary_keys5OrderuEuEE3setNtB3r_17OrderStatusColumnNtNtCsfUxcwD0dPxF_5alloc6string6StringEB3r_
FN:1317,_RINvMs6_NtNtCs13Xu2eXins0_13fabrique_core5model13query_builderINtB6_12QueryBuilderNtNtCsaPtNpSgn9Sp_11sqlx_sqlite8database6SqliteINtB6_8BuildingB1i_INtNtNtBa_3sql13query_builder8InsertedB1i_EEINtNtB8_4join6JoinedTNtCs5Ww88d4XwCk_22composite_primary_keys5OrderuEuEE3setNtB3r_17OrderUserIdColumnNtCs8sqeQenuSaj_4uuid4UuidEB3r_
FN:1317,_RINvMs6_NtNtCs13Xu2eXins0_13fabrique_core5model13query_builderINtB6_12QueryBuilderNtNtCsaPtNpSgn9Sp_11sqlx_sqlite8database6SqliteINtB6_8BuildingB1i_INtNtNtBa_3sql13query_builder8InsertedB1i_EEINtNtB8_4join6JoinedTNtCs5Ww88d4XwCk_22composite_primary_keys7ProductuEuEE3setNtB3r_17ProductNameColumnNtNtCsfUxcwD0dPxF_5alloc6string6StringEB3r_
FN:1317,_RINvMs6_NtNtCs13Xu2eXins0_13fabrique_core5model13query_builderINtB6_12QueryBuilderNtNtCsaPtNpSgn9Sp_11sqlx_sqlite8database6SqliteINtB6_8BuildingB1i_INtNtNtBa_3sql13query_builder8InsertedB1i_EEINtNtB8_4join6JoinedTNtCs5Ww88d4XwCk_22composite_primary_keys7ProductuEuEE3setNtB3r_20ProductInStockColumnbEB3r_
FN:1317,_RINvMs6_NtNtCs13Xu2eXins0_13fabrique_core5model13query_builderINtB6_12QueryBuilderNtNtCsaPtNpSgn9Sp_11sqlx_sqlite8database6SqliteINtB6_8BuildingB1i_INtNtNtBa_3sql13query_builder8InsertedB1i_EEINtNtB8_4join6JoinedTNtCs5Ww88d4XwCk_22composite_primary_keys7ProductuEuEE3setNtB3r_23ProductPriceCentsColumnlEB3r_
FN:1317,_RINvMs6_NtNtCs13Xu2eXins0_13fabrique_core5model13query_builderINtB6_12QueryBuilderNtNtCsaPtNpSgn9Sp_11sqlx_sqlite8database6SqliteINtB6_8BuildingB1i_INtNtNtBa_3sql13query_builder8InsertedB1i_EEINtNtB8_4join6JoinedTNtCs5Ww88d4XwCk_22composite_primary_keys9OrderLineuEuEE3setNtB3r_23OrderLineQuantityColumnlEB3r_
FN:1317,_RINvMs6_NtNtCs13Xu2eXins0_13fabrique_core5model13query_builderINtB6_12QueryBuilderNtNtCsaPtNpSgn9Sp_11sqlx_sqlite8database6SqliteINtB6_8BuildingB1i_INtNtNtBa_3sql13query_builder8InsertedB1i_EEINtNtB8_4join6JoinedTNtCs5Ww88d4XwCk_22composite_primary_keys9OrderLineuEuEE3setNtB3r_24OrderLineProductIdColumnNtCs8sqeQenuSaj_4uuid4UuidEB3r_
FN:1317,_RINvMs6_NtNtCs13Xu2eXins0_13fabrique_core5model13query_builderINtB6_12QueryBuilderNtNtCsaPtNpSgn9Sp_11sqlx_sqlite8database6SqliteINtB6_8BuildingB1i_INtNtNtBa_3sql13query_builder8InsertedB1i_EEINtNtB8_4join6JoinedTNtCs5Ww88d4XwCk_22composite_primary_keys9OrderLineuEuEE3setNtB3r_29OrderLineUnitPriceCentsColumnlEB3r_
FN:418,_RINvMsG_NtNtCs13Xu2eXins0_13fabrique_core5model13query_builderINtB6_12QueryBuilderNtNtCsaPtNpSgn9Sp_11sqlx_sqlite8database6SqliteINtB6_8BuildingB1i_INtNtNtBa_3sql13query_builder8InsertedB1i_EEINtNtB8_4join6JoinedTNtCs5Ww88d4XwCk_22composite_primary_keys4UseruEuEE7executeQNtNtB1m_10connection16SqliteConnectionEB3r_
FN:418,_RINvMsG_NtNtCs13Xu2eXins0_13fabrique_core5model13query_builderINtB6_12QueryBuilderNtNtCsaPtNpSgn9Sp_11sqlx_sqlite8database6SqliteINtB6_8BuildingB1i_INtNtNtBa_3sql13query_builder8InsertedB1i_EEINtNtB8_4join6JoinedTNtCs5Ww88d4XwCk_22composite_primary_keys5OrderuEuEE7executeQNtNtB1m_10connection16SqliteConnectionEB3r_
FN:418,_RINvMsG_NtNtCs13Xu2eXins0_13fabrique_core5model13query_builderINtB6_12QueryBuilderNtNtCsaPtNpSgn9Sp_11sqlx_sqlite8database6SqliteINtB6_8BuildingB1i_INtNtNtBa_3sql13query_builder8InsertedB1i_EEINtNtB8_4join6JoinedTNtCs5Ww88d4XwCk_22composite_primary_keys7ProductuEuEE7executeQNtNtB1m_10connection16SqliteConnectionEB3r_
FN:418,_RINvMsG_NtNtCs13Xu2eXins0_13fabrique_core5model13query_builderINtB6_12QueryBuilderNtNtCsaPtNpSgn9Sp_11sqlx_sqlite8database6SqliteINtB6_8BuildingB1i_INtNtNtBa_3sql13query_builder8InsertedB1i_EEINtNtB8_4join6JoinedTNtCs5Ww88d4XwCk_22composite_primary_keys9OrderLineuEuEE7executeQNtNtB1m_10connection16SqliteConnectionEB3r_
FN:97,_RINvMsb_NtNtCs13Xu2eXins0_13fabrique_core5model13query_builderINtB6_12QueryBuilderNtNtCsaPtNpSgn9Sp_11sqlx_sqlite8database6SqliteINtB6_8BuildingB1i_NtNtNtBa_3sql13query_builder8SelectedEINtNtB8_4join6JoinedTNtCs5Ww88d4XwCk_22composite_primary_keys4UseruEuEB3j_E5whereNtB3l_12UserIdColumnReB3j_NtB31_4HereNtCs8sqeQenuSaj_4uuid4UuidEB3l_
FN:97,_RINvMsb_NtNtCs13Xu2eXins0_13fabrique_core5model13query_builderINtB6_12QueryBuilderNtNtCsaPtNpSgn9Sp_11sqlx_sqlite8database6SqliteINtB6_8BuildingB1i_NtNtNtBa_3sql13query_builder8SelectedEINtNtB8_4join6JoinedTNtCs5Ww88d4XwCk_22composite_primary_keys5OrderuEuEB3j_E5whereNtB3l_13OrderIdColumnReB3j_NtB31_4HereNtCs8sqeQenuSaj_4uuid4UuidEB3l_
FN:97,_RINvMsb_NtNtCs13Xu2eXins0_13fabrique_core5model13query_builderINtB6_12QueryBuilderNtNtCsaPtNpSgn9Sp_11sqlx_sqlite8database6SqliteINtB6_8BuildingB1i_NtNtNtBa_3sql13query_builder8SelectedEINtNtB8_4join6JoinedTNtCs5Ww88d4XwCk_22composite_primary_keys7ProductuEuEB3j_E5whereNtB3l_15ProductIdColumnReB3j_NtB31_4HereNtCs8sqeQenuSaj_4uuid4UuidEB3l_
FN:146,_RINvMsb_NtNtCs13Xu2eXins0_13fabrique_core5model13query_builderINtB6_12QueryBuilderNtNtCsaPtNpSgn9Sp_11sqlx_sqlite8database6SqliteINtB6_8BuildingB1i_NtNtNtBa_3sql13query_builder8SelectedEINtNtB8_4join6JoinedTNtCs5Ww88d4XwCk_22composite_primary_keys9OrderLineuEuEB3j_E10where_nullNtNtBa_8database3NilB3j_NtB31_4HereEB3l_
FN:97,_RINvMsb_NtNtCs13Xu2eXins0_13fabrique_core5model13query_builderINtB6_12QueryBuilderNtNtCsaPtNpSgn9Sp_11sqlx_sqlite8database6SqliteINtB6_8BuildingB1i_NtNtNtBa_3sql13query_builder8SelectedEINtNtB8_4join6JoinedTNtCs5Ww88d4XwCk_22composite_primary_keys9OrderLineuEuEB3j_E5whereNtB3l_22OrderLineOrderIdColumnReB3j_NtB31_4HereNtCs8sqeQenuSaj_4uuid4UuidEB3l_
[...]
FNDA:1,_RNvNtNtNtCs80eSh1VexEW_15fabrique_derive7codegen7persist5testss_48test_generate_persist_trait_with_type_conversion
FNDA:77,_RNCNvMNtNtCsjqT80hQvVoU_15fabrique_derive7codegen7persistNtB4_14PersistCodegen16generate_fn_save0B8_
FNDA:77,_RNCNvMNtNtCsjqT80hQvVoU_15fabrique_derive7codegen7persistNtB4_14PersistCodegen18generate_fn_create0B8_
FNDA:77,_RNCNvMNtNtCsjqT80hQvVoU_15fabrique_derive7codegen7persistNtB4_14PersistCodegen8generate0B8_
FNDA:21,_RNvMNtNtCsjqT80hQvVoU_15fabrique_derive7codegen7persistNtB2_14PersistCodegen16generate_fn_save
FNDA:21,_RNvMNtNtCsjqT80hQvVoU_15fabrique_derive7codegen7persistNtB2_14PersistCodegen18generate_fn_create
FNDA:21,_RNvMNtNtCsjqT80hQvVoU_15fabrique_derive7codegen7persistNtB2_14PersistCodegen3new
FNDA:21,_RNvMNtNtCsjqT80hQvVoU_15fabrique_derive7codegen7persistNtB2_14PersistCodegen8generate
FNF:9
FNH:9
DA:12,23
DA:13,23
DA:14,23
DA:17,23
DA:18,23
DA:19,23
DA:20,23
DA:23,80
DA:24,80
DA:25,80
DA:28,80
DA:30,23
DA:43,23
DA:46,23
DA:47,80
DA:48,80
DA:49,80
DA:50,80
DA:51,80
DA:53,23
DA:71,23
DA:74,23
DA:75,80
DA:76,80
DA:77,80
DA:78,80
DA:79,80
DA:81,23
DA:101,23
DA:110,1
DA:112,1
DA:113,1
DA:114,1
DA:117,1
DA:120,1
DA:121,1
DA:122,1
DA:167,1
DA:169,1
DA:172,1
DA:174,1
DA:181,1
DA:182,1
DA:185,1
DA:189,1
DA:190,1
DA:191,1
DA:194,1
DA:195,1
DA:198,1
BRF:0
BRH:0
LF:53
LH:53
end_of_record
SF:/home/rstraub/Projects/robinstraub/fabrique/fabrique-derive/src/codegen/query.rs
FN:28,_RNCNvMNtNtCs80eSh1VexEW_15fabrique_derive7codegen5queryNtB4_12QueryCodegen8generates_0B8_
FN:55,_RNvNtNtNtCs80eSh1VexEW_15fabrique_derive7codegen5query5testss_25test_generate_query_trait
FN:13,_RNvMNtNtCs80eSh1VexEW_15fabrique_derive7codegen5queryNtB2_12QueryCodegen3new
FN:18,_RNvMNtNtCs80eSh1VexEW_15fabrique_derive7codegen5queryNtB2_12QueryCodegen8generate
FN:28,_RNCNvMNtNtCsjqT80hQvVoU_15fabrique_derive7codegen5queryNtB4_12QueryCodegen8generates_0B8_
FN:13,_RNvMNtNtCsjqT80hQvVoU_15fabrique_derive7codegen5queryNtB2_12QueryCodegen3new
FN:18,_RNvMNtNtCsjqT80hQvVoU_15fabrique_derive7codegen5queryNtB2_12QueryCodegen8generate
FNDA:1,_RNCNvMNtNtCs80eSh1VexEW_15fabrique_derive7codegen5queryNtB4_12QueryCodegen8generates_0B8_
FNDA:1,_RNvNtNtNtCs80eSh1VexEW_15fabrique_derive7codegen5query5testss_25test_generate_query_trait
FNDA:1,_RNvMNtNtCs80eSh1VexEW_15fabrique_derive7codegen5queryNtB2_12QueryCodegen3new
FNDA:1,_RNvMNtNtCs80eSh1VexEW_15fabrique_derive7codegen5queryNtB2_12QueryCodegen8generate
FNDA:24,_RNCNvMNtNtCsjqT80hQvVoU_15fabrique_derive7codegen5queryNtB4_12QueryCodegen8generates_0B8_
FNDA:21,_RNvMNtNtCsjqT80hQvVoU_15fabrique_derive7codegen5queryNtB2_12QueryCodegen3new
FNDA:21,_RNvMNtNtCsjqT80hQvVoU_15fabrique_derive7codegen5queryNtB2_12QueryCodegen8generate
FNF:4
FNH:4
DA:13,22
DA:14,22
DA:15,22
DA:18,22
DA:19,22
DA:20,22
DA:23,22
DA:24,22
DA:25,22
DA:26,22
DA:27,22
DA:28,25
DA:29,25
DA:30,25
DA:33,25
DA:35,22
DA:46,22
DA:55,1
DA:57,1
DA:58,1
DA:59,1
DA:62,1
DA:65,1
DA:66,1
DA:67,1
DA:90,1
DA:92,1
BRF:0
BRH:0
LF:28
LH:28
end_of_record
SF:/home/rstraub/Projects/robinstraub/fabrique/fabrique-derive/src/codegen/soft_delete.rs
FN:389,_RNvNtNtNtCs80eSh1VexEW_15fabrique_derive7codegen11soft_delete5testss_19test_composite_keys
FN:261,_RNvNtNtNtCs80eSh1VexEW_15fabrique_derive7codegen11soft_delete5testss_31test_a_basic_struct_derive_none
FN:270,_RNvNtNtNtCs80eSh1VexEW_15fabrique_derive7codegen11soft_delete5testss_49test_a_struct_with_soft_delete_derive_soft_delete
FN:155,_RNvMNtNtCs80eSh1VexEW_15fabrique_derive7codegen11soft_deleteNtB2_17SoftDeleteCodegen19generate_fn_restore
FN:205,_RNvMNtNtCs80eSh1VexEW_15fabrique_derive7codegen11soft_deleteNtB2_17SoftDeleteCodegen19generate_fn_trashed
FN:61,_RNvMNtNtCs80eSh1VexEW_15fabrique_derive7codegen11soft_deleteNtB2_17SoftDeleteCodegen23generate_fn_soft_delete
FN:104,_RNvMNtNtCs80eSh1VexEW_15fabrique_derive7codegen11soft_deleteNtB2_17SoftDeleteCodegen24generate_fn_soft_destroy
FN:13,_RNvMNtNtCs80eSh1VexEW_15fabrique_derive7codegen11soft_deleteNtB2_17SoftDeleteCodegen3new
FN:18,_RNvMNtNtCs80eSh1VexEW_15fabrique_derive7codegen11soft_deleteNtB2_17SoftDeleteCodegen8generate
FN:168,_RNCNvMNtNtCs80eSh1VexEW_15fabrique_derive7codegen11soft_deleteNtB4_17SoftDeleteCodegen19generate_fn_restores0_0B8_
FN:173,_RNCNvMNtNtCs80eSh1VexEW_15fabrique_derive7codegen11soft_deleteNtB4_17SoftDeleteCodegen19generate_fn_restores1_0B8_
FN:166,_RNCNvMNtNtCs80eSh1VexEW_15fabrique_derive7codegen11soft_deleteNtB4_17SoftDeleteCodegen19generate_fn_restores_0B8_
FN:218,_RNCNvMNtNtCs80eSh1VexEW_15fabrique_derive7codegen11soft_deleteNtB4_17SoftDeleteCodegen19generate_fn_trasheds0_0B8_
FN:223,_RNCNvMNtNtCs80eSh1VexEW_15fabrique_derive7codegen11soft_deleteNtB4_17SoftDeleteCodegen19generate_fn_trasheds1_0B8_
FN:216,_RNCNvMNtNtCs80eSh1VexEW_15fabrique_derive7codegen11soft_deleteNtB4_17SoftDeleteCodegen19generate_fn_trasheds_0B8_
FN:75,_RNCNvMNtNtCs80eSh1VexEW_15fabrique_derive7codegen11soft_deleteNtB4_17SoftDeleteCodegen23generate_fn_soft_deletes0_0B8_
FN:72,_RNCNvMNtNtCs80eSh1VexEW_15fabrique_derive7codegen11soft_deleteNtB4_17SoftDeleteCodegen23generate_fn_soft_deletes_0B8_
FN:115,_RNCNvMNtNtCs80eSh1VexEW_15fabrique_derive7codegen11soft_deleteNtB4_17SoftDeleteCodegen24generate_fn_soft_destroys_0B8_
FN:37,_RNCNvMNtNtCs80eSh1VexEW_15fabrique_derive7codegen11soft_deleteNtB4_17SoftDeleteCodegen8generates0_0B8_
FN:168,_RNCNvMNtNtCsjqT80hQvVoU_15fabrique_derive7codegen11soft_deleteNtB4_17SoftDeleteCodegen19generate_fn_restores0_0B8_
FN:173,_RNCNvMNtNtCsjqT80hQvVoU_15fabrique_derive7codegen11soft_deleteNtB4_17SoftDeleteCodegen19generate_fn_restores1_0B8_
FN:166,_RNCNvMNtNtCsjqT80hQvVoU_15fabrique_derive7codegen11soft_deleteNtB4_17SoftDeleteCodegen19generate_fn_restores_0B8_
FN:218,_RNCNvMNtNtCsjqT80hQvVoU_15fabrique_derive7codegen11soft_deleteNtB4_17SoftDeleteCodegen19generate_fn_trasheds0_0B8_
FN:223,_RNCNvMNtNtCsjqT80hQvVoU_15fabrique_derive7codegen11soft_deleteNtB4_17SoftDeleteCodegen19generate_fn_trasheds1_0B8_
FN:216,_RNCNvMNtNtCsjqT80hQvVoU_15fabrique_derive7codegen11soft_deleteNtB4_17SoftDeleteCodegen19generate_fn_trasheds_0B8_
FN:75,_RNCNvMNtNtCsjqT80hQvVoU_15fabrique_derive7codegen11soft_deleteNtB4_17SoftDeleteCodegen23generate_fn_soft_deletes0_0B8_
FN:72,_RNCNvMNtNtCsjqT80hQvVoU_15fabrique_derive7codegen11soft_deleteNtB4_17SoftDeleteCodegen23generate_fn_soft_deletes_0B8_
FN:115,_RNCNvMNtNtCsjqT80hQvVoU_15fabrique_derive7codegen11soft_deleteNtB4_17SoftDeleteCodegen24generate_fn_soft_destroys_0B8_
FN:37,_RNCNvMNtNtCsjqT80hQvVoU_15fabrique_derive7codegen11soft_deleteNtB4_17SoftDeleteCodegen8generates0_0B8_
FN:155,_RNvMNtNtCsjqT80hQvVoU_15fabrique_derive7codegen11soft_deleteNtB2_17SoftDeleteCodegen19generate_fn_restore
FN:205,_RNvMNtNtCsjqT80hQvVoU_15fabrique_derive7codegen11soft_deleteNtB2_17SoftDeleteCodegen19generate_fn_trashed
FN:61,_RNvMNtNtCsjqT80hQvVoU_15fabrique_derive7codegen11soft_deleteNtB2_17SoftDeleteCodegen23generate_fn_soft_delete
FN:104,_RNvMNtNtCsjqT80hQvVoU_15fabrique_derive7codegen11soft_deleteNtB2_17SoftDeleteCodegen24generate_fn_soft_destroy
FN:13,_RNvMNtNtCsjqT80hQvVoU_15fabrique_derive7codegen11soft_deleteNtB2_17SoftDeleteCodegen3new
FN:18,_RNvMNtNtCsjqT80hQvVoU_15fabrique_derive7codegen11soft_deleteNtB2_17SoftDeleteCodegen8generate
FNDA:1,_RNvNtNtNtCs80eSh1VexEW_15fabrique_derive7codegen11soft_delete5testss_19test_composite_keys
FNDA:1,_RNvNtNtNtCs80eSh1VexEW_15fabrique_derive7codegen11soft_delete5testss_31test_a_basic_struct_derive_none
FNDA:1,_RNvNtNtNtCs80eSh1VexEW_15fabrique_derive7codegen11soft_delete5testss_49test_a_struct_with_soft_delete_derive_soft_delete
FNDA:2,_RNvMNtNtCs80eSh1VexEW_15fabrique_derive7codegen11soft_deleteNtB2_17SoftDeleteCodegen19generate_fn_restore
FNDA:2,_RNvMNtNtCs80eSh1VexEW_15fabrique_derive7codegen11soft_deleteNtB2_17SoftDeleteCodegen19generate_fn_trashed
FNDA:2,_RNvMNtNtCs80eSh1VexEW_15fabrique_derive7codegen11soft_deleteNtB2_17SoftDeleteCodegen23generate_fn_soft_delete
FNDA:2,_RNvMNtNtCs80eSh1VexEW_15fabrique_derive7codegen11soft_deleteNtB2_17SoftDeleteCodegen24generate_fn_soft_destroy
FNDA:3,_RNvMNtNtCs80eSh1VexEW_15fabrique_derive7codegen11soft_deleteNtB2_17SoftDeleteCodegen3new
FNDA:3,_RNvMNtNtCs80eSh1VexEW_15fabrique_derive7codegen11soft_deleteNtB2_17SoftDeleteCodegen8generate
FNDA:3,_RNCNvMNtNtCs80eSh1VexEW_15fabrique_derive7codegen11soft_deleteNtB4_17SoftDeleteCodegen19generate_fn_restores0_0B8_
FNDA:3,_RNCNvMNtNtCs80eSh1VexEW_15fabrique_derive7codegen11soft_deleteNtB4_17SoftDeleteCodegen19generate_fn_restores1_0B8_
FNDA:3,_RNCNvMNtNtCs80eSh1VexEW_15fabrique_derive7codegen11soft_deleteNtB4_17SoftDeleteCodegen19generate_fn_restores_0B8_
FNDA:3,_RNCNvMNtNtCs80eSh1VexEW_15fabrique_derive7codegen11soft_deleteNtB4_17SoftDeleteCodegen19generate_fn_trasheds0_0B8_
FNDA:3,_RNCNvMNtNtCs80eSh1VexEW_15fabrique_derive7codegen11soft_deleteNtB4_17SoftDeleteCodegen19generate_fn_trasheds1_0B8_
FNDA:3,_RNCNvMNtNtCs80eSh1VexEW_15fabrique_derive7codegen11soft_deleteNtB4_17SoftDeleteCodegen19generate_fn_trasheds_0B8_
FNDA:3,_RNCNvMNtNtCs80eSh1VexEW_15fabrique_derive7codegen11soft_deleteNtB4_17SoftDeleteCodegen23generate_fn_soft_deletes0_0B8_
FNDA:3,_RNCNvMNtNtCs80eSh1VexEW_15fabrique_derive7codegen11soft_deleteNtB4_17SoftDeleteCodegen23generate_fn_soft_deletes_0B8_
FNDA:3,_RNCNvMNtNtCs80eSh1VexEW_15fabrique_derive7codegen11soft_deleteNtB4_17SoftDeleteCodegen24generate_fn_soft_destroys_0B8_
FNDA:3,_RNCNvMNtNtCs80eSh1VexEW_15fabrique_derive7codegen11soft_deleteNtB4_17SoftDeleteCodegen8generates0_0B8_
FNDA:1,_RNCNvMNtNtCsjqT80hQvVoU_15fabrique_derive7codegen11soft_deleteNtB4_17SoftDeleteCodegen19generate_fn_restores0_0B8_
FNDA:1,_RNCNvMNtNtCsjqT80hQvVoU_15fabrique_derive7codegen11soft_deleteNtB4_17SoftDeleteCodegen19generate_fn_restores1_0B8_
FNDA:1,_RNCNvMNtNtCsjqT80hQvVoU_15fabrique_derive7codegen11soft_deleteNtB4_17SoftDeleteCodegen19generate_fn_restores_0B8_
FNDA:1,_RNCNvMNtNtCsjqT80hQvVoU_15fabrique_derive7codegen11soft_deleteNtB4_17SoftDeleteCodegen19generate_fn_trasheds0_0B8_
FNDA:1,_RNCNvMNtNtCsjqT80hQvVoU_15fabrique_derive7codegen11soft_deleteNtB4_17SoftDeleteCodegen19generate_fn_trasheds1_0B8_
FNDA:1,_RNCNvMNtNtCsjqT80hQvVoU_15fabrique_derive7codegen11soft_deleteNtB4_17SoftDeleteCodegen19generate_fn_trasheds_0B8_
FNDA:1,_RNCNvMNtNtCsjqT80hQvVoU_15fabrique_derive7codegen11soft_deleteNtB4_17SoftDeleteCodegen23generate_fn_soft_deletes0_0B8_
FNDA:1,_RNCNvMNtNtCsjqT80hQvVoU_15fabrique_derive7codegen11soft_deleteNtB4_17SoftDeleteCodegen23generate_fn_soft_deletes_0B8_
FNDA:1,_RNCNvMNtNtCsjqT80hQvVoU_15fabrique_derive7codegen11soft_deleteNtB4_17SoftDeleteCodegen24generate_fn_soft_destroys_0B8_
FNDA:1,_RNCNvMNtNtCsjqT80hQvVoU_15fabrique_derive7codegen11soft_deleteNtB4_17SoftDeleteCodegen8generates0_0B8_
FNDA:1,_RNvMNtNtCsjqT80hQvVoU_15fabrique_derive7codegen11soft_deleteNtB2_17SoftDeleteCodegen19generate_fn_restore
FNDA:1,_RNvMNtNtCsjqT80hQvVoU_15fabrique_derive7codegen11soft_deleteNtB2_17SoftDeleteCodegen19generate_fn_trashed
FNDA:1,_RNvMNtNtCsjqT80hQvVoU_15fabrique_derive7codegen11soft_deleteNtB2_17SoftDeleteCodegen23generate_fn_soft_delete
FNDA:1,_RNvMNtNtCsjqT80hQvVoU_15fabrique_derive7codegen11soft_deleteNtB2_17SoftDeleteCodegen24generate_fn_soft_destroy
FNDA:21,_RNvMNtNtCsjqT80hQvVoU_15fabrique_derive7codegen11soft_deleteNtB2_17SoftDeleteCodegen3new
FNDA:21,_RNvMNtNtCsjqT80hQvVoU_15fabrique_derive7codegen11soft_deleteNtB2_17SoftDeleteCodegen8generate
FNF:19
FNH:19
DA:13,24
DA:14,24
DA:15,24
DA:18,24
DA:19,24
DA:20,24
DA:21,24
DA:22,24
DA:23,24
DA:25,3
DA:26,3
DA:27,3
DA:28,3
DA:29,3
DA:32,3
DA:33,3
DA:34,3
DA:35,3
DA:36,3
DA:37,4
DA:38,4
DA:39,4
DA:42,4
DA:44,3
DA:59,24
DA:61,3
DA:62,3
DA:63,3
DA:65,3
DA:66,3
DA:67,3
DA:68,3
DA:69,3
DA:70,3
DA:72,4
DA:73,3
DA:74,3
DA:75,4
DA:77,3
DA:102,3
DA:104,3
DA:105,3
DA:106,3
DA:108,3
DA:109,3
DA:110,3
DA:111,3
DA:112,3
DA:113,3
DA:115,4
DA:117,3
DA:118,2
DA:119,1
DA:120,1
DA:121,1
DA:125,3
DA:153,3
DA:155,3
DA:156,3
DA:157,3
DA:159,3
DA:160,3
DA:161,3
DA:162,3
DA:163,3
DA:164,3
DA:166,4
DA:168,4
DA:169,4
DA:170,4
DA:171,4
DA:173,4
DA:174,4
DA:175,4
DA:176,4
DA:178,3
DA:203,3
DA:205,3
DA:206,3
DA:207,3
DA:209,3
DA:210,3
DA:211,3
DA:212,3
DA:213,3
DA:214,3
DA:216,4
DA:218,4
DA:219,4
DA:220,4
DA:221,4
DA:223,4
DA:224,4
DA:225,4
DA:226,4
DA:228,3
DA:252,3
DA:261,1
DA:262,1
DA:263,1
DA:264,1
DA:265,1
DA:266,1
DA:267,1
DA:270,1
DA:271,1
DA:278,1
DA:279,1
DA:280,1
DA:282,1
DA:283,1
DA:284,1
DA:384,1
DA:386,1
DA:389,1
DA:390,1
DA:400,1
DA:401,1
DA:402,1
DA:404,1
DA:405,1
DA:406,1
DA:510,1
DA:512,1
BRF:0
BRH:0
LF:134
LH:134
end_of_record
SF:/home/rstraub/Projects/robinstraub/fabrique/fabrique-derive/src/error.rs
FN:20,_RNvMNtCs80eSh1VexEW_15fabrique_derive5errorNtB2_5Error12from_darling
FN:15,_RNvMNtCs80eSh1VexEW_15fabrique_derive5errorNtB2_5Error3new
FN:71,_RNvNtNtCs80eSh1VexEW_15fabrique_derive5error5testss_38test_crate_error_converts_to_syn_error
FN:61,_RNvXs_NtCs80eSh1VexEW_15fabrique_derive5errorNtNtCsclHe1LCS7B2_3syn5error5ErrorINtNtCs1KGYUCP4dch_4core7convert4FromNtB4_5ErrorE4from
FN:20,_RNvMNtCsjqT80hQvVoU_15fabrique_derive5errorNtB2_5Error12from_darling
FN:15,_RNvMNtCsjqT80hQvVoU_15fabrique_derive5errorNtB2_5Error3new
FN:61,_RNvXs_NtCsjqT80hQvVoU_15fabrique_derive5errorNtNtCsclHe1LCS7B2_3syn5error5ErrorINtNtCs1KGYUCP4dch_4core7convert4FromNtB4_5ErrorE4from
FNDA:1,_RNvMNtCs80eSh1VexEW_15fabrique_derive5errorNtB2_5Error12from_darling
FNDA:13,_RNvMNtCs80eSh1VexEW_15fabrique_derive5errorNtB2_5Error3new
FNDA:1,_RNvNtNtCs80eSh1VexEW_15fabrique_derive5error5testss_38test_crate_error_converts_to_syn_error
FNDA:1,_RNvXs_NtCs80eSh1VexEW_15fabrique_derive5errorNtNtCsclHe1LCS7B2_3syn5error5ErrorINtNtCs1KGYUCP4dch_4core7convert4FromNtB4_5ErrorE4from
FNDA:0,_RNvMNtCsjqT80hQvVoU_15fabrique_derive5errorNtB2_5Error12from_darling
FNDA:0,_RNvMNtCsjqT80hQvVoU_15fabrique_derive5errorNtB2_5Error3new
FNDA:0,_RNvXs_NtCsjqT80hQvVoU_15fabrique_derive5errorNtNtCsclHe1LCS7B2_3syn5error5ErrorINtNtCs1KGYUCP4dch_4core7convert4FromNtB4_5ErrorE4from
FNF:4
FNH:4
DA:15,13
DA:16,13
DA:17,13
DA:20,1
DA:21,1
DA:22,1
DA:23,1
DA:24,1
DA:25,1
DA:61,1
DA:62,1
DA:63,1
DA:71,1
DA:73,1
DA:76,1
DA:79,1
DA:80,1
DA:83,1
BRF:0
BRH:0
LF:18
LH:18
end_of_record
SF:/home/rstraub/Projects/robinstraub/fabrique/fabrique/src/lib.rs
FN:103,_RINvCshG8IdiYJhdR_8fabrique12seeded_valueNtCs8sqeQenuSaj_4uuid4UuidECs5Ww88d4XwCk_22composite_primary_keys
FN:103,_RINvCshG8IdiYJhdR_8fabrique12seeded_valueNtNtCsfUxcwD0dPxF_5alloc6string6StringECs5Ww88d4XwCk_22composite_primary_keys
FN:103,_RINvCshG8IdiYJhdR_8fabrique12seeded_valuebECs5Ww88d4XwCk_22composite_primary_keys
FN:103,_RINvCshG8IdiYJhdR_8fabrique12seeded_valuelECs5Ww88d4XwCk_22composite_primary_keys
FN:103,_RINvCshG8IdiYJhdR_8fabrique12seeded_valueNtCs8sqeQenuSaj_4uuid4UuidECse0scvnlJL0x_10conversion
FN:103,_RINvCshG8IdiYJhdR_8fabrique12seeded_valueNtCse0scvnlJL0x_10conversion6StatusEBF_
FN:103,_RINvCshG8IdiYJhdR_8fabrique12seeded_valueNtNtCsfUxcwD0dPxF_5alloc6string6StringECse0scvnlJL0x_10conversion
FN:103,_RINvCsbLyApepqp04_8fabrique12seeded_valuepEB2_
FN:103,_RINvCshG8IdiYJhdR_8fabrique12seeded_valueNtCs8sqeQenuSaj_4uuid4UuidECs2IsIg9TRogg_7factory
FN:103,_RINvCshG8IdiYJhdR_8fabrique12seeded_valueNtNtCsfUxcwD0dPxF_5alloc6string6StringECs2IsIg9TRogg_7factory
FN:103,_RINvCshG8IdiYJhdR_8fabrique12seeded_valuebECs2IsIg9TRogg_7factory
FN:103,_RINvCshG8IdiYJhdR_8fabrique12seeded_valuelECs2IsIg9TRogg_7factory
FN:103,_RINvCshG8IdiYJhdR_8fabrique12seeded_valueNtCs8sqeQenuSaj_4uuid4UuidECs27s0hM8o3TY_8has_many
FN:103,_RINvCshG8IdiYJhdR_8fabrique12seeded_valueNtNtCsfUxcwD0dPxF_5alloc6string6StringECs27s0hM8o3TY_8has_many
FN:103,_RINvCshG8IdiYJhdR_8fabrique12seeded_valueNtCs8sqeQenuSaj_4uuid4UuidECsg8XEyjF095a_5model
FN:103,_RINvCshG8IdiYJhdR_8fabrique12seeded_valueNtNtCsfUxcwD0dPxF_5alloc6string6StringECsg8XEyjF095a_5model
FN:103,_RINvCshG8IdiYJhdR_8fabrique12seeded_valuebECsg8XEyjF095a_5model
FN:103,_RINvCshG8IdiYJhdR_8fabrique12seeded_valuelECsg8XEyjF095a_5model
FN:103,_RINvCshG8IdiYJhdR_8fabrique12seeded_valueNtCs8sqeQenuSaj_4uuid4UuidECsbJ5R21THCkl_13query_builder
FN:103,_RINvCshG8IdiYJhdR_8fabrique12seeded_valueNtNtCsfUxcwD0dPxF_5alloc6string6StringECsbJ5R21THCkl_13query_builder
FN:103,_RINvCshG8IdiYJhdR_8fabrique12seeded_valuebECsbJ5R21THCkl_13query_builder
FN:103,_RINvCshG8IdiYJhdR_8fabrique12seeded_valuelECsbJ5R21THCkl_13query_builder
FN:103,_RINvCshG8IdiYJhdR_8fabrique12seeded_valueINtNtCs1KGYUCP4dch_4core6option6OptionINtNtCsaPBYBJS9LmG_6chrono8datetime8DateTimeNtNtNtB1k_6offset3utc3UtcEEECsli6X9l8wGxv_11soft_delete
FN:103,_RINvCshG8IdiYJhdR_8fabrique12seeded_valueNtCs8sqeQenuSaj_4uuid4UuidECsli6X9l8wGxv_11soft_delete
FN:103,_RINvCshG8IdiYJhdR_8fabrique12seeded_valueNtNtCsfUxcwD0dPxF_5alloc6string6StringECsli6X9l8wGxv_11soft_delete
FN:103,_RINvCshG8IdiYJhdR_8fabrique12seeded_valueNtCs8sqeQenuSaj_4uuid4UuidECse3BkM0SKQEJ_4test
FN:103,_RINvCshG8IdiYJhdR_8fabrique12seeded_valueNtNtCsfUxcwD0dPxF_5alloc6string6StringECse3BkM0SKQEJ_4test
FN:103,_RINvCshG8IdiYJhdR_8fabrique12seeded_valuebECse3BkM0SKQEJ_4test
FN:103,_RINvCshG8IdiYJhdR_8fabrique12seeded_valuelECse3BkM0SKQEJ_4test
FNDA:0,_RINvCshG8IdiYJhdR_8fabrique12seeded_valueNtCs8sqeQenuSaj_4uuid4UuidECs5Ww88d4XwCk_22composite_primary_keys
FNDA:4,_RINvCshG8IdiYJhdR_8fabrique12seeded_valueNtNtCsfUxcwD0dPxF_5alloc6string6StringECs5Ww88d4XwCk_22composite_primary_keys
FNDA:1,_RINvCshG8IdiYJhdR_8fabrique12seeded_valuebECs5Ww88d4XwCk_22composite_primary_keys
FNDA:3,_RINvCshG8IdiYJhdR_8fabrique12seeded_valuelECs5Ww88d4XwCk_22composite_primary_keys
FNDA:4,_RINvCshG8IdiYJhdR_8fabrique12seeded_valueNtCs8sqeQenuSaj_4uuid4UuidECse0scvnlJL0x_10conversion
FNDA:1,_RINvCshG8IdiYJhdR_8fabrique12seeded_valueNtCse0scvnlJL0x_10conversion6StatusEBF_
FNDA:4,_RINvCshG8IdiYJhdR_8fabrique12seeded_valueNtNtCsfUxcwD0dPxF_5alloc6string6StringECse0scvnlJL0x_10conversion
FNDA:0,_RINvCsbLyApepqp04_8fabrique12seeded_valuepEB2_
FNDA:13,_RINvCshG8IdiYJhdR_8fabrique12seeded_valueNtCs8sqeQenuSaj_4uuid4UuidECs2IsIg9TRogg_7factory
FNDA:19,_RINvCshG8IdiYJhdR_8fabrique12seeded_valueNtNtCsfUxcwD0dPxF_5alloc6string6StringECs2IsIg9TRogg_7factory
FNDA:3,_RINvCshG8IdiYJhdR_8fabrique12seeded_valuebECs2IsIg9TRogg_7factory
FNDA:9,_RINvCshG8IdiYJhdR_8fabrique12seeded_valuelECs2IsIg9TRogg_7factory
FNDA:3,_RINvCshG8IdiYJhdR_8fabrique12seeded_valueNtCs8sqeQenuSaj_4uuid4UuidECs27s0hM8o3TY_8has_many
FNDA:5,_RINvCshG8IdiYJhdR_8fabrique12seeded_valueNtNtCsfUxcwD0dPxF_5alloc6string6StringECs27s0hM8o3TY_8has_many
FNDA:1,_RINvCshG8IdiYJhdR_8fabrique12seeded_valueNtCs8sqeQenuSaj_4uuid4UuidECsg8XEyjF095a_5model
FNDA:1,_RINvCshG8IdiYJhdR_8fabrique12seeded_valueNtNtCsfUxcwD0dPxF_5alloc6string6StringECsg8XEyjF095a_5model
FNDA:1,_RINvCshG8IdiYJhdR_8fabrique12seeded_valuebECsg8XEyjF095a_5model
FNDA:1,_RINvCshG8IdiYJhdR_8fabrique12seeded_valuelECsg8XEyjF095a_5model
FNDA:29,_RINvCshG8IdiYJhdR_8fabrique12seeded_valueNtCs8sqeQenuSaj_4uuid4UuidECsbJ5R21THCkl_13query_builder
FNDA:36,_RINvCshG8IdiYJhdR_8fabrique12seeded_valueNtNtCsfUxcwD0dPxF_5alloc6string6StringECsbJ5R21THCkl_13query_builder
FNDA:17,_RINvCshG8IdiYJhdR_8fabrique12seeded_valuebECsbJ5R21THCkl_13query_builder
FNDA:21,_RINvCshG8IdiYJhdR_8fabrique12seeded_valuelECsbJ5R21THCkl_13query_builder
FNDA:0,_RINvCshG8IdiYJhdR_8fabrique12seeded_valueINtNtCs1KGYUCP4dch_4core6option6OptionINtNtCsaPBYBJS9LmG_6chrono8datetime8DateTimeNtNtNtB1k_6offset3utc3UtcEEECsli6X9l8wGxv_11soft_delete
FNDA:0,_RINvCshG8IdiYJhdR_8fabrique12seeded_valueNtCs8sqeQenuSaj_4uuid4UuidECsli6X9l8wGxv_11soft_delete
FNDA:2,_RINvCshG8IdiYJhdR_8fabrique12seeded_valueNtNtCsfUxcwD0dPxF_5alloc6string6StringECsli6X9l8wGxv_11soft_delete
FNDA:4,_RINvCshG8IdiYJhdR_8fabrique12seeded_valueNtCs8sqeQenuSaj_4uuid4UuidECse3BkM0SKQEJ_4test
FNDA:3,_RINvCshG8IdiYJhdR_8fabrique12seeded_valueNtNtCsfUxcwD0dPxF_5alloc6string6StringECse3BkM0SKQEJ_4test
FNDA:4,_RINvCshG8IdiYJhdR_8fabrique12seeded_valuebECse3BkM0SKQEJ_4test
FNDA:3,_RINvCshG8IdiYJhdR_8fabrique12seeded_valuelECse3BkM0SKQEJ_4test
FNF:1
FNH:1
DA:103,192
DA:104,192
DA:105,192
DA:108,192
DA:109,192
BRF:0
BRH:0
LF:5
LH:5
end_of_record