SF:/Users/robinstraub/Projects/robinstraub/fabrique/fabrique-derive/src/analysis.rs
FN:58,_RNvMNtCs7IYcLZrwEdY_15fabrique_derive8analysisNtB2_15AnalysisBuilder12parse_struct
FN:53,_RNvMNtCs7IYcLZrwEdY_15fabrique_derive8analysisNtB2_15AnalysisBuilder3new
FN:90,_RNvMs0_NtCs7IYcLZrwEdY_15fabrique_derive8analysisNtB5_12ParsedFields3new
FN:99,_RNvMs0_NtCs7IYcLZrwEdY_15fabrique_derive8analysisNtB5_12ParsedFields8validate
FN:113,_RNvMs1_NtCs7IYcLZrwEdY_15fabrique_derive8analysisNtB5_8Analysis3new
FN:122,_RNvMs1_NtCs7IYcLZrwEdY_15fabrique_derive8analysisNtB5_8Analysis4from
FN:77,_RNvMs_NtCs7IYcLZrwEdY_15fabrique_derive8analysisNtB4_15ValidatedStruct12parse_fields
FN:71,_RNvMs_NtCs7IYcLZrwEdY_15fabrique_derive8analysisNtB4_15ValidatedStruct3new
FN:103,_RNCNvMs0_NtCs7IYcLZrwEdY_15fabrique_derive8analysisNtB7_12ParsedFields8validate0B9_
FN:138,_RNvNtNtCs7IYcLZrwEdY_15fabrique_derive8analysis5testss_27test_parsing_a_struct_works
FN:177,_RNvNtNtCs7IYcLZrwEdY_15fabrique_derive8analysis5testss_33test_parsing_a_named_struct_works
FN:255,_RNvNtNtCs7IYcLZrwEdY_15fabrique_derive8analysis5testss_36test_validate_with_custom_table_name
FN:164,_RNvNtNtCs7IYcLZrwEdY_15fabrique_derive8analysis5testss_37test_parsing_a_union_fails_explicitly
FN:151,_RNvNtNtCs7IYcLZrwEdY_15fabrique_derive8analysis5testss_37test_parsing_an_enum_fails_explicitly
FN:237,_RNvNtNtCs7IYcLZrwEdY_15fabrique_derive8analysis5testss_37test_validate_with_default_table_name
FN:274,_RNvNtNtCs7IYcLZrwEdY_15fabrique_derive8analysis5testss_42test_validate_with_unknown_attribute_fails
FN:191,_RNvNtNtCs7IYcLZrwEdY_15fabrique_derive8analysis5testss_43test_parsing_a_unit_struct_fails_explicitly
FN:204,_RNvNtNtCs7IYcLZrwEdY_15fabrique_derive8analysis5testss_44test_parsing_a_tuple_struct_fails_explicitly
FN:227,_RNvNtNtCs7IYcLZrwEdY_15fabrique_derive8analysis5testss_48test_analysis_fails_explicitly_on_invalid_fields
FN:217,_RNvNtNtCs7IYcLZrwEdY_15fabrique_derive8analysis5testss_48test_analysis_fails_explicitly_on_invalid_struct
FN:58,_RNvMNtCsi6wnf0fctxx_15fabrique_derive8analysisNtB2_15AnalysisBuilder12parse_struct
FN:53,_RNvMNtCsi6wnf0fctxx_15fabrique_derive8analysisNtB2_15AnalysisBuilder3new
FN:90,_RNvMs0_NtCsi6wnf0fctxx_15fabrique_derive8analysisNtB5_12ParsedFields3new
FN:99,_RNvMs0_NtCsi6wnf0fctxx_15fabrique_derive8analysisNtB5_12ParsedFields8validate
FN:113,_RNvMs1_NtCsi6wnf0fctxx_15fabrique_derive8analysisNtB5_8Analysis3new
FN:122,_RNvMs1_NtCsi6wnf0fctxx_15fabrique_derive8analysisNtB5_8Analysis4from
FN:77,_RNvMs_NtCsi6wnf0fctxx_15fabrique_derive8analysisNtB4_15ValidatedStruct12parse_fields
FN:71,_RNvMs_NtCsi6wnf0fctxx_15fabrique_derive8analysisNtB4_15ValidatedStruct3new
FN:103,_RNCNvMs0_NtCsi6wnf0fctxx_15fabrique_derive8analysisNtB7_12ParsedFields8validate0B9_
FN:103,_RNCNvMs0_NtCs3A7Z9uTo6ny_15fabrique_derive8analysisNtB7_12ParsedFields8validate0B9_
FN:58,_RNvMNtCs3A7Z9uTo6ny_15fabrique_derive8analysisNtB2_15AnalysisBuilder12parse_struct
FN:53,_RNvMNtCs3A7Z9uTo6ny_15fabrique_derive8analysisNtB2_15AnalysisBuilder3new
FN:90,_RNvMs0_NtCs3A7Z9uTo6ny_15fabrique_derive8analysisNtB5_12ParsedFields3new
FN:99,_RNvMs0_NtCs3A7Z9uTo6ny_15fabrique_derive8analysisNtB5_12ParsedFields8validate
FN:113,_RNvMs1_NtCs3A7Z9uTo6ny_15fabrique_derive8analysisNtB5_8Analysis3new
FN:122,_RNvMs1_NtCs3A7Z9uTo6ny_15fabrique_derive8analysisNtB5_8Analysis4from
FN:77,_RNvMs_NtCs3A7Z9uTo6ny_15fabrique_derive8analysisNtB4_15ValidatedStruct12parse_fields
FN:71,_RNvMs_NtCs3A7Z9uTo6ny_15fabrique_derive8analysisNtB4_15ValidatedStruct3new
FNDA:15,_RNvMNtCs7IYcLZrwEdY_15fabrique_derive8analysisNtB2_15AnalysisBuilder12parse_struct
FNDA:15,_RNvMNtCs7IYcLZrwEdY_15fabrique_derive8analysisNtB2_15AnalysisBuilder3new
FNDA:7,_RNvMs0_NtCs7IYcLZrwEdY_15fabrique_derive8analysisNtB5_12ParsedFields3new
FNDA:6,_RNvMs0_NtCs7IYcLZrwEdY_15fabrique_derive8analysisNtB5_12ParsedFields8validate
FNDA:5,_RNvMs1_NtCs7IYcLZrwEdY_15fabrique_derive8analysisNtB5_8Analysis3new
FNDA:9,_RNvMs1_NtCs7IYcLZrwEdY_15fabrique_derive8analysisNtB5_8Analysis4from
FNDA:10,_RNvMs_NtCs7IYcLZrwEdY_15fabrique_derive8analysisNtB4_15ValidatedStruct12parse_fields
FNDA:11,_RNvMs_NtCs7IYcLZrwEdY_15fabrique_derive8analysisNtB4_15ValidatedStruct3new
FNDA:4,_RNCNvMs0_NtCs7IYcLZrwEdY_15fabrique_derive8analysisNtB7_12ParsedFields8validate0B9_
FNDA:1,_RNvNtNtCs7IYcLZrwEdY_15fabrique_derive8analysis5testss_27test_parsing_a_struct_works
FNDA:1,_RNvNtNtCs7IYcLZrwEdY_15fabrique_derive8analysis5testss_33test_parsing_a_named_struct_works
FNDA:1,_RNvNtNtCs7IYcLZrwEdY_15fabrique_derive8analysis5testss_36test_validate_with_custom_table_name
FNDA:1,_RNvNtNtCs7IYcLZrwEdY_15fabrique_derive8analysis5testss_37test_parsing_a_union_fails_explicitly
FNDA:1,_RNvNtNtCs7IYcLZrwEdY_15fabrique_derive8analysis5testss_37test_parsing_an_enum_fails_explicitly
FNDA:1,_RNvNtNtCs7IYcLZrwEdY_15fabrique_derive8analysis5testss_37test_validate_with_default_table_name
FNDA:1,_RNvNtNtCs7IYcLZrwEdY_15fabrique_derive8analysis5testss_42test_validate_with_unknown_attribute_fails
FNDA:1,_RNvNtNtCs7IYcLZrwEdY_15fabrique_derive8analysis5testss_43test_parsing_a_unit_struct_fails_explicitly
FNDA:1,_RNvNtNtCs7IYcLZrwEdY_15fabrique_derive8analysis5testss_44test_parsing_a_tuple_struct_fails_explicitly
FNDA:1,_RNvNtNtCs7IYcLZrwEdY_15fabrique_derive8analysis5testss_48test_analysis_fails_explicitly_on_invalid_fields
FNDA:1,_RNvNtNtCs7IYcLZrwEdY_15fabrique_derive8analysis5testss_48test_analysis_fails_explicitly_on_invalid_struct
FNDA:1,_RNvMNtCsi6wnf0fctxx_15fabrique_derive8analysisNtB2_15AnalysisBuilder12parse_struct
FNDA:1,_RNvMNtCsi6wnf0fctxx_15fabrique_derive8analysisNtB2_15AnalysisBuilder3new
FNDA:1,_RNvMs0_NtCsi6wnf0fctxx_15fabrique_derive8analysisNtB5_12ParsedFields3new
FNDA:1,_RNvMs0_NtCsi6wnf0fctxx_15fabrique_derive8analysisNtB5_12ParsedFields8validate
FNDA:1,_RNvMs1_NtCsi6wnf0fctxx_15fabrique_derive8analysisNtB5_8Analysis3new
FNDA:1,_RNvMs1_NtCsi6wnf0fctxx_15fabrique_derive8analysisNtB5_8Analysis4from
FNDA:1,_RNvMs_NtCsi6wnf0fctxx_15fabrique_derive8analysisNtB4_15ValidatedStruct12parse_fields
FNDA:1,_RNvMs_NtCsi6wnf0fctxx_15fabrique_derive8analysisNtB4_15ValidatedStruct3new
FNDA:1,_RNCNvMs0_NtCsi6wnf0fctxx_15fabrique_derive8analysisNtB7_12ParsedFields8validate0B9_
FNDA:1,_RNCNvMs0_NtCs3A7Z9uTo6ny_15fabrique_derive8analysisNtB7_12ParsedFields8validate0B9_
FNDA:2,_RNvMNtCs3A7Z9uTo6ny_15fabrique_derive8analysisNtB2_15AnalysisBuilder12parse_struct
FNDA:2,_RNvMNtCs3A7Z9uTo6ny_15fabrique_derive8analysisNtB2_15AnalysisBuilder3new
FNDA:1,_RNvMs0_NtCs3A7Z9uTo6ny_15fabrique_derive8analysisNtB5_12ParsedFields3new
FNDA:1,_RNvMs0_NtCs3A7Z9uTo6ny_15fabrique_derive8analysisNtB5_12ParsedFields8validate
FNDA:1,_RNvMs1_NtCs3A7Z9uTo6ny_15fabrique_derive8analysisNtB5_8Analysis3new
FNDA:2,_RNvMs1_NtCs3A7Z9uTo6ny_15fabrique_derive8analysisNtB5_8Analysis4from
FNDA:2,_RNvMs_NtCs3A7Z9uTo6ny_15fabrique_derive8analysisNtB4_15ValidatedStruct12parse_fields
FNDA:2,_RNvMs_NtCs3A7Z9uTo6ny_15fabrique_derive8analysisNtB4_15ValidatedStruct3new
FNF:20
FNH:20
DA:53,18
DA:54,18
DA:55,18
DA:58,18
DA:59,18
DA:60,14
DA:61,3
DA:62,1
DA:63,4
DA:65,14
DA:66,18
DA:71,14
DA:72,14
DA:73,14
DA:74,14
DA:77,13
DA:78,13
DA:79,9
DA:80,2
DA:81,2
DA:82,4
DA:84,9
DA:85,13
DA:90,9
DA:91,9
DA:92,9
DA:93,9
DA:94,9
DA:95,9
DA:96,9
DA:99,8
DA:100,8
DA:101,8
DA:103,7
DA:105,7
DA:107,7
DA:108,8
DA:113,7
DA:114,7
DA:115,7
DA:116,7
DA:117,7
DA:118,7
DA:119,7
DA:122,12
DA:123,12
DA:124,12
DA:125,10
DA:126,8
DA:128,7
DA:129,12
DA:138,1
DA:140,1
DA:141,1
DA:144,1
DA:147,1
DA:148,1
DA:151,1
DA:153,1
DA:154,1
DA:157,1
DA:160,1
DA:161,1
DA:164,1
DA:166,1
DA:167,1
DA:170,1
DA:173,1
DA:174,1
DA:177,1
DA:179,1
DA:180,1
DA:183,1
DA:184,1
DA:187,1
DA:188,1
DA:191,1
DA:193,1
DA:194,1
DA:197,1
DA:200,1
DA:201,1
DA:204,1
DA:206,1
DA:207,1
DA:210,1
DA:213,1
DA:214,1
DA:217,1
DA:219,1
DA:220,1
DA:223,1
DA:224,1
DA:227,1
DA:229,1
DA:230,1
DA:233,1
DA:234,1
DA:237,1
DA:239,1
DA:246,1
DA:249,1
DA:250,1
DA:251,1
DA:252,1
DA:255,1
DA:257,1
DA:265,1
DA:268,1
DA:269,1
DA:270,1
DA:271,1
DA:274,1
DA:276,1
DA:284,1
DA:287,1
DA:288,1
BRF:0
BRH:0
LF:118
LH:118
end_of_record
SF:/Users/robinstraub/Projects/robinstraub/fabrique/fabrique-derive/src/factory/analysis.rs
FN:190,_RNCNvNtNtNtCs7IYcLZrwEdY_15fabrique_derive7factory8analysis5testss_12test_analyze0B9_
FN:204,_RNCNvNtNtNtCs7IYcLZrwEdY_15fabrique_derive7factory8analysis5testss_12test_analyzes0_0B9_
FN:205,_RNCNvNtNtNtCs7IYcLZrwEdY_15fabrique_derive7factory8analysis5testss_12test_analyzes1_0B9_
FN:218,_RNCNvNtNtNtCs7IYcLZrwEdY_15fabrique_derive7factory8analysis5testss_12test_analyzes2_0B9_
FN:219,_RNCNvNtNtNtCs7IYcLZrwEdY_15fabrique_derive7factory8analysis5testss_12test_analyzes3_0B9_
FN:191,_RNCNvNtNtNtCs7IYcLZrwEdY_15fabrique_derive7factory8analysis5testss_12test_analyzes_0B9_
FN:373,_RNCNvNtNtNtCs7IYcLZrwEdY_15fabrique_derive7factory8analysis5testss_47test_the_fields_handles_explicit_referenced_key0B9_
FN:374,_RNCNvNtNtNtCs7IYcLZrwEdY_15fabrique_derive7factory8analysis5testss_47test_the_fields_handles_explicit_referenced_keys_0B9_
FN:341,_RNCNvNtNtNtCs7IYcLZrwEdY_15fabrique_derive7factory8analysis5testss_47test_the_fields_handles_implicit_referenced_key0B9_
FN:342,_RNCNvNtNtNtCs7IYcLZrwEdY_15fabrique_derive7factory8analysis5testss_47test_the_fields_handles_implicit_referenced_keys_0B9_
FN:405,_RNCNvNtNtNtCs7IYcLZrwEdY_15fabrique_derive7factory8analysis5testss_52test_the_fields_method_handles_different_annotations0B9_
FN:28,_RNvMNtNtCs7IYcLZrwEdY_15fabrique_derive7factory8analysisNtB2_15FactoryAnalysis4from
FN:45,_RNvMNtNtCs7IYcLZrwEdY_15fabrique_derive7factory8analysisNtB2_15FactoryAnalysis6fields
FN:33,_RNvMNtNtCs7IYcLZrwEdY_15fabrique_derive7factory8analysisNtB2_15FactoryAnalysis7analyze
FN:124,_RNvMs0_NtNtCs7IYcLZrwEdY_15fabrique_derive7factory8analysisNtB5_8Relation3new
FN:88,_RNvMs_NtNtCs7IYcLZrwEdY_15fabrique_derive7factory8analysisNtB4_21FactoryAnalysisOutput9relations
FN:93,_RNCNCNvMs_NtNtCs7IYcLZrwEdY_15fabrique_derive7factory8analysisNtB8_21FactoryAnalysisOutput9relations00Bc_
FN:65,_RNCNvMNtNtCs7IYcLZrwEdY_15fabrique_derive7factory8analysisNtB4_15FactoryAnalysis6fields0B8_
FN:89,_RNCNvMs_NtNtCs7IYcLZrwEdY_15fabrique_derive7factory8analysisNtB6_21FactoryAnalysisOutput9relations0Ba_
FN:165,_RNvNtNtNtCs7IYcLZrwEdY_15fabrique_derive7factory8analysis5testss_12test_analyze
FN:412,_RNvNtNtNtCs7IYcLZrwEdY_15fabrique_derive7factory8analysis5testss_30test_a_relation_can_be_created
FN:515,_RNvNtNtNtCs7IYcLZrwEdY_15fabrique_derive7factory8analysis5testss_38test_deriving_a_union_fails_explicitly
FN:473,_RNvNtNtNtCs7IYcLZrwEdY_15fabrique_derive7factory8analysis5testss_38test_deriving_an_enum_fails_explicitly
FN:269,_RNvNtNtNtCs7IYcLZrwEdY_15fabrique_derive7factory8analysis5testss_43test_the_fields_method_handles_no_relations
FN:501,_RNvNtNtNtCs7IYcLZrwEdY_15fabrique_derive7factory8analysis5testss_44test_deriving_a_unit_struct_fails_explicitly
FN:487,_RNvNtNtNtCs7IYcLZrwEdY_15fabrique_derive7factory8analysis5testss_45test_deriving_a_tuple_struct_fails_explicitly
FN:284,_RNvNtNtNtCs7IYcLZrwEdY_15fabrique_derive7factory8analysis5testss_45test_the_fields_method_handles_some_relations
FN:355,_RNvNtNtNtCs7IYcLZrwEdY_15fabrique_derive7factory8analysis5testss_47test_the_fields_handles_explicit_referenced_key
FN:323,_RNvNtNtNtCs7IYcLZrwEdY_15fabrique_derive7factory8analysis5testss_47test_the_fields_handles_implicit_referenced_key
FN:235,_RNvNtNtNtCs7IYcLZrwEdY_15fabrique_derive7factory8analysis5testss_50test_analyze_fails_explicitly_on_unknown_attribute
FN:387,_RNvNtNtNtCs7IYcLZrwEdY_15fabrique_derive7factory8analysis5testss_52test_the_fields_method_handles_different_annotations
FN:452,_RNvNtNtNtCs7IYcLZrwEdY_15fabrique_derive7factory8analysis5testss_55test_a_relation_creation_fails_explicitly_on_unit_field
FN:252,_RNvNtNtNtCs7IYcLZrwEdY_15fabrique_derive7factory8analysis5testss_59test_analyze_fails_explicitly_on_invalid_relation_attribute
FN:302,_RNvNtNtNtCs7IYcLZrwEdY_15fabrique_derive7factory8analysis5testss_61test_the_fields_method_fails_explicitely_on_no_referenced_key
FN:437,_RNvNtNtNtCs7IYcLZrwEdY_15fabrique_derive7factory8analysis5testss_72test_field_attribute_parsing_fails_explicitly_on_invalid_referenced_type
FN:93,_RNCNCNvMs_NtNtCsi6wnf0fctxx_15fabrique_derive7factory8analysisNtB8_21FactoryAnalysisOutput9relations00Bc_
FN:65,_RNCNvMNtNtCsi6wnf0fctxx_15fabrique_derive7factory8analysisNtB4_15FactoryAnalysis6fields0B8_
FN:89,_RNCNvMs_NtNtCsi6wnf0fctxx_15fabrique_derive7factory8analysisNtB6_21FactoryAnalysisOutput9relations0Ba_
FN:28,_RNvMNtNtCsi6wnf0fctxx_15fabrique_derive7factory8analysisNtB2_15FactoryAnalysis4from
FN:45,_RNvMNtNtCsi6wnf0fctxx_15fabrique_derive7factory8analysisNtB2_15FactoryAnalysis6fields
FN:33,_RNvMNtNtCsi6wnf0fctxx_15fabrique_derive7factory8analysisNtB2_15FactoryAnalysis7analyze
FN:124,_RNvMs0_NtNtCsi6wnf0fctxx_15fabrique_derive7factory8analysisNtB5_8Relation3new
FN:88,_RNvMs_NtNtCsi6wnf0fctxx_15fabrique_derive7factory8analysisNtB4_21FactoryAnalysisOutput9relations
FN:93,_RNCNCNvMs_NtNtCs3A7Z9uTo6ny_15fabrique_derive7factory8analysisNtB8_21FactoryAnalysisOutput9relations00Bc_
FN:65,_RNCNvMNtNtCs3A7Z9uTo6ny_15fabrique_derive7factory8analysisNtB4_15FactoryAnalysis6fields0B8_
FN:89,_RNCNvMs_NtNtCs3A7Z9uTo6ny_15fabrique_derive7factory8analysisNtB6_21FactoryAnalysisOutput9relations0Ba_
FN:28,_RNvMNtNtCs3A7Z9uTo6ny_15fabrique_derive7factory8analysisNtB2_15FactoryAnalysis4from
FN:45,_RNvMNtNtCs3A7Z9uTo6ny_15fabrique_derive7factory8analysisNtB2_15FactoryAnalysis6fields
FN:33,_RNvMNtNtCs3A7Z9uTo6ny_15fabrique_derive7factory8analysisNtB2_15FactoryAnalysis7analyze
FN:124,_RNvMs0_NtNtCs3A7Z9uTo6ny_15fabrique_derive7factory8analysisNtB5_8Relation3new
FN:88,_RNvMs_NtNtCs3A7Z9uTo6ny_15fabrique_derive7factory8analysisNtB4_21FactoryAnalysisOutput9relations
FNDA:1,_RNCNvNtNtNtCs7IYcLZrwEdY_15fabrique_derive7factory8analysis5testss_12test_analyze0B9_
FNDA:2,_RNCNvNtNtNtCs7IYcLZrwEdY_15fabrique_derive7factory8analysis5testss_12test_analyzes0_0B9_
FNDA:1,_RNCNvNtNtNtCs7IYcLZrwEdY_15fabrique_derive7factory8analysis5testss_12test_analyzes1_0B9_
FNDA:3,_RNCNvNtNtNtCs7IYcLZrwEdY_15fabrique_derive7factory8analysis5testss_12test_analyzes2_0B9_
FNDA:1,_RNCNvNtNtNtCs7IYcLZrwEdY_15fabrique_derive7factory8analysis5testss_12test_analyzes3_0B9_
FNDA:1,_RNCNvNtNtNtCs7IYcLZrwEdY_15fabrique_derive7factory8analysis5testss_12test_analyzes_0B9_
FNDA:1,_RNCNvNtNtNtCs7IYcLZrwEdY_15fabrique_derive7factory8analysis5testss_47test_the_fields_handles_explicit_referenced_key0B9_
FNDA:1,_RNCNvNtNtNtCs7IYcLZrwEdY_15fabrique_derive7factory8analysis5testss_47test_the_fields_handles_explicit_referenced_keys_0B9_
FNDA:1,_RNCNvNtNtNtCs7IYcLZrwEdY_15fabrique_derive7factory8analysis5testss_47test_the_fields_handles_implicit_referenced_key0B9_
FNDA:1,_RNCNvNtNtNtCs7IYcLZrwEdY_15fabrique_derive7factory8analysis5testss_47test_the_fields_handles_implicit_referenced_keys_0B9_
FNDA:1,_RNCNvNtNtNtCs7IYcLZrwEdY_15fabrique_derive7factory8analysis5testss_52test_the_fields_method_handles_different_annotations0B9_
FNDA:23,_RNvMNtNtCs7IYcLZrwEdY_15fabrique_derive7factory8analysisNtB2_15FactoryAnalysis4from
FNDA:23,_RNvMNtNtCs7IYcLZrwEdY_15fabrique_derive7factory8analysisNtB2_15FactoryAnalysis6fields
FNDA:12,_RNvMNtNtCs7IYcLZrwEdY_15fabrique_derive7factory8analysisNtB2_15FactoryAnalysis7analyze
FNDA:24,_RNvMs0_NtNtCs7IYcLZrwEdY_15fabrique_derive7factory8analysisNtB5_8Relation3new
FNDA:8,_RNvMs_NtNtCs7IYcLZrwEdY_15fabrique_derive7factory8analysisNtB4_21FactoryAnalysisOutput9relations
FNDA:7,_RNCNCNvMs_NtNtCs7IYcLZrwEdY_15fabrique_derive7factory8analysisNtB8_21FactoryAnalysisOutput9relations00Bc_
FNDA:24,_RNCNvMNtNtCs7IYcLZrwEdY_15fabrique_derive7factory8analysisNtB4_15FactoryAnalysis6fields0B8_
FNDA:19,_RNCNvMs_NtNtCs7IYcLZrwEdY_15fabrique_derive7factory8analysisNtB6_21FactoryAnalysisOutput9relations0Ba_
FNDA:1,_RNvNtNtNtCs7IYcLZrwEdY_15fabrique_derive7factory8analysis5testss_12test_analyze
FNDA:1,_RNvNtNtNtCs7IYcLZrwEdY_15fabrique_derive7factory8analysis5testss_30test_a_relation_can_be_created
FNDA:1,_RNvNtNtNtCs7IYcLZrwEdY_15fabrique_derive7factory8analysis5testss_38test_deriving_a_union_fails_explicitly
FNDA:1,_RNvNtNtNtCs7IYcLZrwEdY_15fabrique_derive7factory8analysis5testss_38test_deriving_an_enum_fails_explicitly
FNDA:1,_RNvNtNtNtCs7IYcLZrwEdY_15fabrique_derive7factory8analysis5testss_43test_the_fields_method_handles_no_relations
FNDA:1,_RNvNtNtNtCs7IYcLZrwEdY_15fabrique_derive7factory8analysis5testss_44test_deriving_a_unit_struct_fails_explicitly
FNDA:1,_RNvNtNtNtCs7IYcLZrwEdY_15fabrique_derive7factory8analysis5testss_45test_deriving_a_tuple_struct_fails_explicitly
FNDA:1,_RNvNtNtNtCs7IYcLZrwEdY_15fabrique_derive7factory8analysis5testss_45test_the_fields_method_handles_some_relations
FNDA:1,_RNvNtNtNtCs7IYcLZrwEdY_15fabrique_derive7factory8analysis5testss_47test_the_fields_handles_explicit_referenced_key
FNDA:1,_RNvNtNtNtCs7IYcLZrwEdY_15fabrique_derive7factory8analysis5testss_47test_the_fields_handles_implicit_referenced_key
FNDA:1,_RNvNtNtNtCs7IYcLZrwEdY_15fabrique_derive7factory8analysis5testss_50test_analyze_fails_explicitly_on_unknown_attribute
FNDA:1,_RNvNtNtNtCs7IYcLZrwEdY_15fabrique_derive7factory8analysis5testss_52test_the_fields_method_handles_different_annotations
FNDA:1,_RNvNtNtNtCs7IYcLZrwEdY_15fabrique_derive7factory8analysis5testss_55test_a_relation_creation_fails_explicitly_on_unit_field
FNDA:1,_RNvNtNtNtCs7IYcLZrwEdY_15fabrique_derive7factory8analysis5testss_59test_analyze_fails_explicitly_on_invalid_relation_attribute
FNDA:1,_RNvNtNtNtCs7IYcLZrwEdY_15fabrique_derive7factory8analysis5testss_61test_the_fields_method_fails_explicitely_on_no_referenced_key
FNDA:1,_RNvNtNtNtCs7IYcLZrwEdY_15fabrique_derive7factory8analysis5testss_72test_field_attribute_parsing_fails_explicitly_on_invalid_referenced_type
FNDA:4,_RNCNCNvMs_NtNtCsi6wnf0fctxx_15fabrique_derive7factory8analysisNtB8_21FactoryAnalysisOutput9relations00Bc_
FNDA:6,_RNCNvMNtNtCsi6wnf0fctxx_15fabrique_derive7factory8analysisNtB4_15FactoryAnalysis6fields0B8_
FNDA:24,_RNCNvMs_NtNtCsi6wnf0fctxx_15fabrique_derive7factory8analysisNtB6_21FactoryAnalysisOutput9relations0Ba_
FNDA:2,_RNvMNtNtCsi6wnf0fctxx_15fabrique_derive7factory8analysisNtB2_15FactoryAnalysis4from
FNDA:2,_RNvMNtNtCsi6wnf0fctxx_15fabrique_derive7factory8analysisNtB2_15FactoryAnalysis6fields
FNDA:2,_RNvMNtNtCsi6wnf0fctxx_15fabrique_derive7factory8analysisNtB2_15FactoryAnalysis7analyze
FNDA:6,_RNvMs0_NtNtCsi6wnf0fctxx_15fabrique_derive7factory8analysisNtB5_8Relation3new
FNDA:8,_RNvMs_NtNtCsi6wnf0fctxx_15fabrique_derive7factory8analysisNtB4_21FactoryAnalysisOutput9relations
FNDA:0,_RNCNCNvMs_NtNtCs3A7Z9uTo6ny_15fabrique_derive7factory8analysisNtB8_21FactoryAnalysisOutput9relations00Bc_
FNDA:9,_RNCNvMNtNtCs3A7Z9uTo6ny_15fabrique_derive7factory8analysisNtB4_15FactoryAnalysis6fields0B8_
FNDA:0,_RNCNvMs_NtNtCs3A7Z9uTo6ny_15fabrique_derive7factory8analysisNtB6_21FactoryAnalysisOutput9relations0Ba_
FNDA:13,_RNvMNtNtCs3A7Z9uTo6ny_15fabrique_derive7factory8analysisNtB2_15FactoryAnalysis4from
FNDA:13,_RNvMNtNtCs3A7Z9uTo6ny_15fabrique_derive7factory8analysisNtB2_15FactoryAnalysis6fields
FNDA:13,_RNvMNtNtCs3A7Z9uTo6ny_15fabrique_derive7factory8analysisNtB2_15FactoryAnalysis7analyze
FNDA:1,_RNvMs0_NtNtCs3A7Z9uTo6ny_15fabrique_derive7factory8analysisNtB5_8Relation3new
FNDA:0,_RNvMs_NtNtCs3A7Z9uTo6ny_15fabrique_derive7factory8analysisNtB4_21FactoryAnalysisOutput9relations
FNF:35
FNH:35
DA:28,38
DA:29,38
DA:30,38
DA:33,27
DA:35,27
DA:36,27
DA:38,27
DA:45,38
DA:46,33
DA:48,29
DA:50,29
DA:54,2
DA:58,2
DA:59,3
DA:60,2
DA:61,9
DA:63,29
DA:64,29
DA:65,39
DA:66,39
DA:69,29
DA:70,29
DA:71,29
DA:73,39
DA:74,29
DA:75,38
DA:88,16
DA:89,43
DA:90,43
DA:91,43
DA:92,43
DA:93,43
DA:94,43
DA:95,16
DA:124,31
DA:125,31
DA:126,18
DA:127,13
DA:129,13
DA:131,13
DA:133,13
DA:134,13
DA:135,13
DA:136,13
DA:137,12
DA:139,12
DA:140,12
DA:141,12
DA:143,10
DA:144,10
DA:145,10
DA:146,10
DA:148,10
DA:150,10
DA:151,10
DA:152,10
DA:153,10
DA:154,10
DA:155,10
DA:156,31
DA:165,1
DA:167,1
DA:178,1
DA:181,1
DA:182,1
DA:183,1
DA:184,1
DA:186,1
DA:187,1
DA:188,1
DA:189,1
DA:190,1
DA:191,1
DA:192,1
DA:193,1
DA:195,1
DA:196,1
DA:197,1
DA:200,1
DA:201,1
DA:202,1
DA:203,1
DA:204,2
DA:205,1
DA:206,1
DA:207,1
DA:209,1
DA:210,1
DA:211,1
DA:214,1
DA:215,1
DA:216,1
DA:217,1
DA:218,3
DA:219,1
DA:220,1
DA:221,1
DA:222,1
DA:223,1
DA:224,1
DA:225,1
DA:226,1
DA:228,1
DA:229,1
DA:230,1
DA:232,1
DA:235,1
DA:237,1
DA:245,1
DA:248,1
DA:249,1
DA:252,1
DA:254,1
DA:262,1
DA:265,1
DA:266,1
DA:269,1
DA:271,1
DA:276,1
DA:279,1
DA:280,1
DA:281,1
DA:284,1
DA:286,1
DA:294,1
DA:297,1
DA:298,1
DA:299,1
DA:302,1
DA:304,1
DA:312,1
DA:315,1
DA:316,1
DA:317,1
DA:318,1
DA:320,1
DA:323,1
DA:325,1
DA:333,1
DA:336,1
DA:337,1
DA:338,1
DA:339,1
DA:340,1
DA:341,1
DA:342,1
DA:343,1
DA:344,1
DA:345,1
DA:346,1
DA:348,1
DA:349,1
DA:350,1
DA:352,1
DA:355,1
DA:357,1
DA:365,1
DA:368,1
DA:369,1
DA:370,1
DA:371,1
DA:372,1
DA:373,1
DA:374,1
DA:375,1
DA:376,1
DA:377,1
DA:378,1
DA:380,1
DA:381,1
DA:382,1
DA:384,1
DA:387,1
DA:389,1
DA:397,1
DA:400,1
DA:401,1
DA:402,1
DA:403,1
DA:404,1
DA:405,1
DA:406,1
DA:409,1
DA:412,1
DA:414,1
DA:419,1
DA:422,1
DA:423,1
DA:424,1
DA:425,1
DA:426,1
DA:427,1
DA:428,1
DA:432,1
DA:433,1
DA:434,1
DA:437,1
DA:439,1
DA:445,1
DA:448,1
DA:449,1
DA:452,1
DA:454,1
DA:459,1
DA:460,1
DA:461,1
DA:462,1
DA:463,1
DA:464,1
DA:465,1
DA:469,1
DA:470,1
DA:473,1
DA:475,1
DA:480,1
DA:483,1
DA:484,1
DA:487,1
DA:489,1
DA:494,1
DA:497,1
DA:498,1
DA:501,1
DA:503,1
DA:508,1
DA:511,1
DA:512,1
DA:515,1
DA:517,1
DA:522,1
DA:525,1
DA:526,1
BRF:0
BRH:0
LF:246
LH:246
end_of_record
SF:/Users/robinstraub/Projects/robinstraub/fabrique/fabrique-derive/src/factory/codegen.rs
FN:26,_RNvMNtNtCs7IYcLZrwEdY_15fabrique_derive7factory7codegenNtB2_14FactoryCodegen16generate_factory
FN:87,_RNvMNtNtCs7IYcLZrwEdY_15fabrique_derive7factory7codegenNtB2_14FactoryCodegen22generate_factory_ident
FN:64,_RNvMNtNtCs7IYcLZrwEdY_15fabrique_derive7factory7codegenNtB2_14FactoryCodegen23generate_factory_fields
FN:141,_RNvMNtNtCs7IYcLZrwEdY_15fabrique_derive7factory7codegenNtB2_14FactoryCodegen27generate_factory_method_new
FN:98,_RNvMNtNtCs7IYcLZrwEdY_15fabrique_derive7factory7codegenNtB2_14FactoryCodegen30generate_factory_method_create
FN:166,_RNvMNtNtCs7IYcLZrwEdY_15fabrique_derive7factory7codegenNtB2_14FactoryCodegen30generate_factory_method_fields
FN:75,_RNvMNtNtCs7IYcLZrwEdY_15fabrique_derive7factory7codegenNtB2_14FactoryCodegen32generate_factory_relation_fields
FN:184,_RNvMNtNtCs7IYcLZrwEdY_15fabrique_derive7factory7codegenNtB2_14FactoryCodegen37generate_factory_methods_for_relation
FN:17,_RNvMNtNtCs7IYcLZrwEdY_15fabrique_derive7factory7codegenNtB2_14FactoryCodegen4from
FN:218,_RNvNtNtNtCs7IYcLZrwEdY_15fabrique_derive7factory7codegen5testss_21test_generate_factory
FN:345,_RNvNtNtNtCs7IYcLZrwEdY_15fabrique_derive7factory7codegen5testss_27test_generate_factory_ident
FN:302,_RNvNtNtNtCs7IYcLZrwEdY_15fabrique_derive7factory7codegen5testss_28test_generate_factory_fields
FN:398,_RNvNtNtNtCs7IYcLZrwEdY_15fabrique_derive7factory7codegen5testss_32test_generate_factory_method_new
FN:360,_RNvNtNtNtCs7IYcLZrwEdY_15fabrique_derive7factory7codegen5testss_35test_generate_factory_method_create
FN:427,_RNvNtNtNtCs7IYcLZrwEdY_15fabrique_derive7factory7codegen5testss_35test_generate_factory_method_fields
FN:322,_RNvNtNtNtCs7IYcLZrwEdY_15fabrique_derive7factory7codegen5testss_37test_generate_factory_relation_fields
FN:454,_RNvNtNtNtCs7IYcLZrwEdY_15fabrique_derive7factory7codegen5testss_42test_generate_factory_methods_for_relation
FN:207,_RNvNtNtNtCs7IYcLZrwEdY_15fabrique_derive7factory7codegen5testss_48test_factory_codegen_from_fails_on_invalid_input
FN:65,_RNCNvMNtNtCs7IYcLZrwEdY_15fabrique_derive7factory7codegenNtB4_14FactoryCodegen23generate_factory_fields0B8_
FN:142,_RNCNvMNtNtCs7IYcLZrwEdY_15fabrique_derive7factory7codegenNtB4_14FactoryCodegen27generate_factory_method_new0B8_
FN:149,_RNCNvMNtNtCs7IYcLZrwEdY_15fabrique_derive7factory7codegenNtB4_14FactoryCodegen27generate_factory_method_news_0B8_
FN:101,_RNCNvMNtNtCs7IYcLZrwEdY_15fabrique_derive7factory7codegenNtB4_14FactoryCodegen30generate_factory_method_create0B8_
FN:117,_RNCNvMNtNtCs7IYcLZrwEdY_15fabrique_derive7factory7codegenNtB4_14FactoryCodegen30generate_factory_method_creates_0B8_
FN:167,_RNCNvMNtNtCs7IYcLZrwEdY_15fabrique_derive7factory7codegenNtB4_14FactoryCodegen30generate_factory_method_fields0B8_
FN:76,_RNCNvMNtNtCs7IYcLZrwEdY_15fabrique_derive7factory7codegenNtB4_14FactoryCodegen32generate_factory_relation_fields0B8_
FN:185,_RNCNvMNtNtCs7IYcLZrwEdY_15fabrique_derive7factory7codegenNtB4_14FactoryCodegen37generate_factory_methods_for_relation0B8_
FN:65,_RNCNvMNtNtCsi6wnf0fctxx_15fabrique_derive7factory7codegenNtB4_14FactoryCodegen23generate_factory_fields0B8_
FN:142,_RNCNvMNtNtCsi6wnf0fctxx_15fabrique_derive7factory7codegenNtB4_14FactoryCodegen27generate_factory_method_new0B8_
FN:149,_RNCNvMNtNtCsi6wnf0fctxx_15fabrique_derive7factory7codegenNtB4_14FactoryCodegen27generate_factory_method_news_0B8_
FN:101,_RNCNvMNtNtCsi6wnf0fctxx_15fabrique_derive7factory7codegenNtB4_14FactoryCodegen30generate_factory_method_create0B8_
FN:117,_RNCNvMNtNtCsi6wnf0fctxx_15fabrique_derive7factory7codegenNtB4_14FactoryCodegen30generate_factory_method_creates_0B8_
FN:167,_RNCNvMNtNtCsi6wnf0fctxx_15fabrique_derive7factory7codegenNtB4_14FactoryCodegen30generate_factory_method_fields0B8_
FN:76,_RNCNvMNtNtCsi6wnf0fctxx_15fabrique_derive7factory7codegenNtB4_14FactoryCodegen32generate_factory_relation_fields0B8_
FN:185,_RNCNvMNtNtCsi6wnf0fctxx_15fabrique_derive7factory7codegenNtB4_14FactoryCodegen37generate_factory_methods_for_relation0B8_
FN:26,_RNvMNtNtCsi6wnf0fctxx_15fabrique_derive7factory7codegenNtB2_14FactoryCodegen16generate_factory
FN:87,_RNvMNtNtCsi6wnf0fctxx_15fabrique_derive7factory7codegenNtB2_14FactoryCodegen22generate_factory_ident
FN:64,_RNvMNtNtCsi6wnf0fctxx_15fabrique_derive7factory7codegenNtB2_14FactoryCodegen23generate_factory_fields
FN:141,_RNvMNtNtCsi6wnf0fctxx_15fabrique_derive7factory7codegenNtB2_14FactoryCodegen27generate_factory_method_new
FN:98,_RNvMNtNtCsi6wnf0fctxx_15fabrique_derive7factory7codegenNtB2_14FactoryCodegen30generate_factory_method_create
FN:166,_RNvMNtNtCsi6wnf0fctxx_15fabrique_derive7factory7codegenNtB2_14FactoryCodegen30generate_factory_method_fields
FN:75,_RNvMNtNtCsi6wnf0fctxx_15fabrique_derive7factory7codegenNtB2_14FactoryCodegen32generate_factory_relation_fields
FN:184,_RNvMNtNtCsi6wnf0fctxx_15fabrique_derive7factory7codegenNtB2_14FactoryCodegen37generate_factory_methods_for_relation
FN:17,_RNvMNtNtCsi6wnf0fctxx_15fabrique_derive7factory7codegenNtB2_14FactoryCodegen4from
FN:65,_RNCNvMNtNtCs3A7Z9uTo6ny_15fabrique_derive7factory7codegenNtB4_14FactoryCodegen23generate_factory_fields0B8_
FN:142,_RNCNvMNtNtCs3A7Z9uTo6ny_15fabrique_derive7factory7codegenNtB4_14FactoryCodegen27generate_factory_method_new0B8_
FN:149,_RNCNvMNtNtCs3A7Z9uTo6ny_15fabrique_derive7factory7codegenNtB4_14FactoryCodegen27generate_factory_method_news_0B8_
FN:101,_RNCNvMNtNtCs3A7Z9uTo6ny_15fabrique_derive7factory7codegenNtB4_14FactoryCodegen30generate_factory_method_create0B8_
FN:117,_RNCNvMNtNtCs3A7Z9uTo6ny_15fabrique_derive7factory7codegenNtB4_14FactoryCodegen30generate_factory_method_creates_0B8_
FN:167,_RNCNvMNtNtCs3A7Z9uTo6ny_15fabrique_derive7factory7codegenNtB4_14FactoryCodegen30generate_factory_method_fields0B8_
FN:76,_RNCNvMNtNtCs3A7Z9uTo6ny_15fabrique_derive7factory7codegenNtB4_14FactoryCodegen32generate_factory_relation_fields0B8_
FN:185,_RNCNvMNtNtCs3A7Z9uTo6ny_15fabrique_derive7factory7codegenNtB4_14FactoryCodegen37generate_factory_methods_for_relation0B8_
FN:26,_RNvMNtNtCs3A7Z9uTo6ny_15fabrique_derive7factory7codegenNtB2_14FactoryCodegen16generate_factory
FN:87,_RNvMNtNtCs3A7Z9uTo6ny_15fabrique_derive7factory7codegenNtB2_14FactoryCodegen22generate_factory_ident
FN:64,_RNvMNtNtCs3A7Z9uTo6ny_15fabrique_derive7factory7codegenNtB2_14FactoryCodegen23generate_factory_fields
FN:141,_RNvMNtNtCs3A7Z9uTo6ny_15fabrique_derive7factory7codegenNtB2_14FactoryCodegen27generate_factory_method_new
FN:98,_RNvMNtNtCs3A7Z9uTo6ny_15fabrique_derive7factory7codegenNtB2_14FactoryCodegen30generate_factory_method_create
FN:166,_RNvMNtNtCs3A7Z9uTo6ny_15fabrique_derive7factory7codegenNtB2_14FactoryCodegen30generate_factory_method_fields
FN:75,_RNvMNtNtCs3A7Z9uTo6ny_15fabrique_derive7factory7codegenNtB2_14FactoryCodegen32generate_factory_relation_fields
FN:184,_RNvMNtNtCs3A7Z9uTo6ny_15fabrique_derive7factory7codegenNtB2_14FactoryCodegen37generate_factory_methods_for_relation
FN:17,_RNvMNtNtCs3A7Z9uTo6ny_15fabrique_derive7factory7codegenNtB2_14FactoryCodegen4from
FNDA:1,_RNvMNtNtCs7IYcLZrwEdY_15fabrique_derive7factory7codegenNtB2_14FactoryCodegen16generate_factory
FNDA:8,_RNvMNtNtCs7IYcLZrwEdY_15fabrique_derive7factory7codegenNtB2_14FactoryCodegen22generate_factory_ident
FNDA:2,_RNvMNtNtCs7IYcLZrwEdY_15fabrique_derive7factory7codegenNtB2_14FactoryCodegen23generate_factory_fields
FNDA:2,_RNvMNtNtCs7IYcLZrwEdY_15fabrique_derive7factory7codegenNtB2_14FactoryCodegen27generate_factory_method_new
FNDA:2,_RNvMNtNtCs7IYcLZrwEdY_15fabrique_derive7factory7codegenNtB2_14FactoryCodegen30generate_factory_method_create
FNDA:2,_RNvMNtNtCs7IYcLZrwEdY_15fabrique_derive7factory7codegenNtB2_14FactoryCodegen30generate_factory_method_fields
FNDA:2,_RNvMNtNtCs7IYcLZrwEdY_15fabrique_derive7factory7codegenNtB2_14FactoryCodegen32generate_factory_relation_fields
FNDA:2,_RNvMNtNtCs7IYcLZrwEdY_15fabrique_derive7factory7codegenNtB2_14FactoryCodegen37generate_factory_methods_for_relation
FNDA:9,_RNvMNtNtCs7IYcLZrwEdY_15fabrique_derive7factory7codegenNtB2_14FactoryCodegen4from
FNDA:1,_RNvNtNtNtCs7IYcLZrwEdY_15fabrique_derive7factory7codegen5testss_21test_generate_factory
FNDA:1,_RNvNtNtNtCs7IYcLZrwEdY_15fabrique_derive7factory7codegen5testss_27test_generate_factory_ident
FNDA:1,_RNvNtNtNtCs7IYcLZrwEdY_15fabrique_derive7factory7codegen5testss_28test_generate_factory_fields
FNDA:1,_RNvNtNtNtCs7IYcLZrwEdY_15fabrique_derive7factory7codegen5testss_32test_generate_factory_method_new
FNDA:1,_RNvNtNtNtCs7IYcLZrwEdY_15fabrique_derive7factory7codegen5testss_35test_generate_factory_method_create
FNDA:1,_RNvNtNtNtCs7IYcLZrwEdY_15fabrique_derive7factory7codegen5testss_35test_generate_factory_method_fields
FNDA:1,_RNvNtNtNtCs7IYcLZrwEdY_15fabrique_derive7factory7codegen5testss_37test_generate_factory_relation_fields
FNDA:1,_RNvNtNtNtCs7IYcLZrwEdY_15fabrique_derive7factory7codegen5testss_42test_generate_factory_methods_for_relation
FNDA:1,_RNvNtNtNtCs7IYcLZrwEdY_15fabrique_derive7factory7codegen5testss_48test_factory_codegen_from_fails_on_invalid_input
FNDA:4,_RNCNvMNtNtCs7IYcLZrwEdY_15fabrique_derive7factory7codegenNtB4_14FactoryCodegen23generate_factory_fields0B8_
FNDA:5,_RNCNvMNtNtCs7IYcLZrwEdY_15fabrique_derive7factory7codegenNtB4_14FactoryCodegen27generate_factory_method_new0B8_
FNDA:1,_RNCNvMNtNtCs7IYcLZrwEdY_15fabrique_derive7factory7codegenNtB4_14FactoryCodegen27generate_factory_method_news_0B8_
FNDA:2,_RNCNvMNtNtCs7IYcLZrwEdY_15fabrique_derive7factory7codegenNtB4_14FactoryCodegen30generate_factory_method_create0B8_
FNDA:6,_RNCNvMNtNtCs7IYcLZrwEdY_15fabrique_derive7factory7codegenNtB4_14FactoryCodegen30generate_factory_method_creates_0B8_
FNDA:5,_RNCNvMNtNtCs7IYcLZrwEdY_15fabrique_derive7factory7codegenNtB4_14FactoryCodegen30generate_factory_method_fields0B8_
FNDA:2,_RNCNvMNtNtCs7IYcLZrwEdY_15fabrique_derive7factory7codegenNtB4_14FactoryCodegen32generate_factory_relation_fields0B8_
FNDA:2,_RNCNvMNtNtCs7IYcLZrwEdY_15fabrique_derive7factory7codegenNtB4_14FactoryCodegen37generate_factory_methods_for_relation0B8_
FNDA:6,_RNCNvMNtNtCsi6wnf0fctxx_15fabrique_derive7factory7codegenNtB4_14FactoryCodegen23generate_factory_fields0B8_
FNDA:6,_RNCNvMNtNtCsi6wnf0fctxx_15fabrique_derive7factory7codegenNtB4_14FactoryCodegen27generate_factory_method_new0B8_
FNDA:1,_RNCNvMNtNtCsi6wnf0fctxx_15fabrique_derive7factory7codegenNtB4_14FactoryCodegen27generate_factory_method_news_0B8_
FNDA:1,_RNCNvMNtNtCsi6wnf0fctxx_15fabrique_derive7factory7codegenNtB4_14FactoryCodegen30generate_factory_method_create0B8_
FNDA:6,_RNCNvMNtNtCsi6wnf0fctxx_15fabrique_derive7factory7codegenNtB4_14FactoryCodegen30generate_factory_method_creates_0B8_
FNDA:6,_RNCNvMNtNtCsi6wnf0fctxx_15fabrique_derive7factory7codegenNtB4_14FactoryCodegen30generate_factory_method_fields0B8_
FNDA:1,_RNCNvMNtNtCsi6wnf0fctxx_15fabrique_derive7factory7codegenNtB4_14FactoryCodegen32generate_factory_relation_fields0B8_
FNDA:1,_RNCNvMNtNtCsi6wnf0fctxx_15fabrique_derive7factory7codegenNtB4_14FactoryCodegen37generate_factory_methods_for_relation0B8_
FNDA:2,_RNvMNtNtCsi6wnf0fctxx_15fabrique_derive7factory7codegenNtB2_14FactoryCodegen16generate_factory
FNDA:5,_RNvMNtNtCsi6wnf0fctxx_15fabrique_derive7factory7codegenNtB2_14FactoryCodegen22generate_factory_ident
FNDA:2,_RNvMNtNtCsi6wnf0fctxx_15fabrique_derive7factory7codegenNtB2_14FactoryCodegen23generate_factory_fields
FNDA:2,_RNvMNtNtCsi6wnf0fctxx_15fabrique_derive7factory7codegenNtB2_14FactoryCodegen27generate_factory_method_new
FNDA:2,_RNvMNtNtCsi6wnf0fctxx_15fabrique_derive7factory7codegenNtB2_14FactoryCodegen30generate_factory_method_create
FNDA:2,_RNvMNtNtCsi6wnf0fctxx_15fabrique_derive7factory7codegenNtB2_14FactoryCodegen30generate_factory_method_fields
FNDA:2,_RNvMNtNtCsi6wnf0fctxx_15fabrique_derive7factory7codegenNtB2_14FactoryCodegen32generate_factory_relation_fields
FNDA:2,_RNvMNtNtCsi6wnf0fctxx_15fabrique_derive7factory7codegenNtB2_14FactoryCodegen37generate_factory_methods_for_relation
FNDA:2,_RNvMNtNtCsi6wnf0fctxx_15fabrique_derive7factory7codegenNtB2_14FactoryCodegen4from
FNDA:0,_RNCNvMNtNtCs3A7Z9uTo6ny_15fabrique_derive7factory7codegenNtB4_14FactoryCodegen23generate_factory_fields0B8_
FNDA:0,_RNCNvMNtNtCs3A7Z9uTo6ny_15fabrique_derive7factory7codegenNtB4_14FactoryCodegen27generate_factory_method_new0B8_
FNDA:0,_RNCNvMNtNtCs3A7Z9uTo6ny_15fabrique_derive7factory7codegenNtB4_14FactoryCodegen27generate_factory_method_news_0B8_
FNDA:0,_RNCNvMNtNtCs3A7Z9uTo6ny_15fabrique_derive7factory7codegenNtB4_14FactoryCodegen30generate_factory_method_create0B8_
FNDA:0,_RNCNvMNtNtCs3A7Z9uTo6ny_15fabrique_derive7factory7codegenNtB4_14FactoryCodegen30generate_factory_method_creates_0B8_
FNDA:0,_RNCNvMNtNtCs3A7Z9uTo6ny_15fabrique_derive7factory7codegenNtB4_14FactoryCodegen30generate_factory_method_fields0B8_
FNDA:0,_RNCNvMNtNtCs3A7Z9uTo6ny_15fabrique_derive7factory7codegenNtB4_14FactoryCodegen32generate_factory_relation_fields0B8_
FNDA:0,_RNCNvMNtNtCs3A7Z9uTo6ny_15fabrique_derive7factory7codegenNtB4_14FactoryCodegen37generate_factory_methods_for_relation0B8_
FNDA:0,_RNvMNtNtCs3A7Z9uTo6ny_15fabrique_derive7factory7codegenNtB2_14FactoryCodegen16generate_factory
FNDA:0,_RNvMNtNtCs3A7Z9uTo6ny_15fabrique_derive7factory7codegenNtB2_14FactoryCodegen22generate_factory_ident
FNDA:0,_RNvMNtNtCs3A7Z9uTo6ny_15fabrique_derive7factory7codegenNtB2_14FactoryCodegen23generate_factory_fields
FNDA:0,_RNvMNtNtCs3A7Z9uTo6ny_15fabrique_derive7factory7codegenNtB2_14FactoryCodegen27generate_factory_method_new
FNDA:0,_RNvMNtNtCs3A7Z9uTo6ny_15fabrique_derive7factory7codegenNtB2_14FactoryCodegen30generate_factory_method_create
FNDA:0,_RNvMNtNtCs3A7Z9uTo6ny_15fabrique_derive7factory7codegenNtB2_14FactoryCodegen30generate_factory_method_fields
FNDA:0,_RNvMNtNtCs3A7Z9uTo6ny_15fabrique_derive7factory7codegenNtB2_14FactoryCodegen32generate_factory_relation_fields
FNDA:0,_RNvMNtNtCs3A7Z9uTo6ny_15fabrique_derive7factory7codegenNtB2_14FactoryCodegen37generate_factory_methods_for_relation
FNDA:13,_RNvMNtNtCs3A7Z9uTo6ny_15fabrique_derive7factory7codegenNtB2_14FactoryCodegen4from
FNF:26
FNH:26
DA:17,24
DA:18,24
DA:19,10
DA:20,10
DA:21,10
DA:22,10
DA:23,24
DA:26,3
DA:27,3
DA:28,3
DA:29,3
DA:30,3
DA:31,3
DA:32,3
DA:33,3
DA:34,3
DA:36,3
DA:58,3
DA:64,4
DA:65,10
DA:66,10
DA:67,10
DA:68,10
DA:71,10
DA:72,4
DA:75,4
DA:76,4
DA:77,3
DA:78,3
DA:80,3
DA:83,3
DA:84,4
DA:87,13
DA:88,13
DA:89,13
DA:90,13
DA:98,4
DA:101,4
DA:102,3
DA:103,3
DA:104,3
DA:105,3
DA:107,3
DA:113,3
DA:116,4
DA:117,12
DA:118,12
DA:119,12
DA:121,12
DA:124,12
DA:126,4
DA:138,4
DA:141,4
DA:142,11
DA:143,11
DA:144,11
DA:147,11
DA:149,4
DA:150,2
DA:151,2
DA:154,2
DA:156,4
DA:164,4
DA:166,4
DA:167,11
DA:168,11
DA:169,11
DA:171,11
DA:177,11
DA:178,4
DA:184,4
DA:185,4
DA:186,3
DA:187,3
DA:188,3
DA:189,3
DA:197,3
DA:198,4
DA:207,1
DA:209,1
DA:214,1
DA:215,1
DA:218,1
DA:220,1
DA:228,1
DA:231,1
DA:234,1
DA:235,1
DA:236,1
DA:297,1
DA:299,1
DA:302,1
DA:304,1
DA:309,1
DA:312,1
DA:315,1
DA:316,1
DA:317,1
DA:319,1
DA:322,1
DA:324,1
DA:330,1
DA:333,1
DA:336,1
DA:337,1
DA:338,1
DA:340,1
DA:342,1
DA:345,1
DA:347,1
DA:350,1
DA:353,1
DA:356,1
DA:357,1
DA:360,1
DA:362,1
DA:370,1
DA:373,1
DA:376,1
DA:377,1
DA:378,1
DA:393,1
DA:395,1
DA:398,1
DA:400,1
DA:406,1
DA:409,1
DA:412,1
DA:413,1
DA:414,1
DA:422,1
DA:424,1
DA:427,1
DA:429,1
DA:435,1
DA:438,1
DA:441,1
DA:442,1
DA:443,1
DA:449,1
DA:451,1
DA:454,1
DA:456,1
DA:462,1
DA:465,1
DA:468,1
DA:469,1
DA:470,1
DA:478,1
DA:480,1
BRF:0
BRH:0
LF:158
LH:158
end_of_record
SF:/Users/robinstraub/Projects/robinstraub/fabrique/fabrique-derive/src/lib.rs
FN:36,_RNCNvCs7IYcLZrwEdY_15fabrique_derive14derive_factory0B3_
FN:37,_RNCNvCs7IYcLZrwEdY_15fabrique_derive14derive_factorys_0B3_
FN:25,_RNCNvCs7IYcLZrwEdY_15fabrique_derive18derive_persistable0B3_
FN:26,_RNCNvCs7IYcLZrwEdY_15fabrique_derive18derive_persistables_0B3_
FN:32,_RNvCs7IYcLZrwEdY_15fabrique_derive14derive_factory
FN:21,_RNvCs7IYcLZrwEdY_15fabrique_derive18derive_persistable
FN:32,_RNvCsi6wnf0fctxx_15fabrique_derive14derive_factory
FN:21,_RNvCsi6wnf0fctxx_15fabrique_derive18derive_persistable
FN:36,_RNCNvCsi6wnf0fctxx_15fabrique_derive14derive_factory0B3_
FN:37,_RNCNvCsi6wnf0fctxx_15fabrique_derive14derive_factorys_0B3_
FN:25,_RNCNvCsi6wnf0fctxx_15fabrique_derive18derive_persistable0B3_
FN:26,_RNCNvCsi6wnf0fctxx_15fabrique_derive18derive_persistables_0B3_
FN:36,_RNCNvCs3A7Z9uTo6ny_15fabrique_derive14derive_factory0B3_
FN:37,_RNCNvCs3A7Z9uTo6ny_15fabrique_derive14derive_factorys_0B3_
FN:25,_RNCNvCs3A7Z9uTo6ny_15fabrique_derive18derive_persistable0B3_
FN:26,_RNCNvCs3A7Z9uTo6ny_15fabrique_derive18derive_persistables_0B3_
FN:32,_RNvCs3A7Z9uTo6ny_15fabrique_derive14derive_factory
FN:21,_RNvCs3A7Z9uTo6ny_15fabrique_derive18derive_persistable
FNDA:0,_RNCNvCs7IYcLZrwEdY_15fabrique_derive14derive_factory0B3_
FNDA:0,_RNCNvCs7IYcLZrwEdY_15fabrique_derive14derive_factorys_0B3_
FNDA:0,_RNCNvCs7IYcLZrwEdY_15fabrique_derive18derive_persistable0B3_
FNDA:0,_RNCNvCs7IYcLZrwEdY_15fabrique_derive18derive_persistables_0B3_
FNDA:0,_RNvCs7IYcLZrwEdY_15fabrique_derive14derive_factory
FNDA:0,_RNvCs7IYcLZrwEdY_15fabrique_derive18derive_persistable
FNDA:2,_RNvCsi6wnf0fctxx_15fabrique_derive14derive_factory
FNDA:1,_RNvCsi6wnf0fctxx_15fabrique_derive18derive_persistable
FNDA:2,_RNCNvCsi6wnf0fctxx_15fabrique_derive14derive_factory0B3_
FNDA:0,_RNCNvCsi6wnf0fctxx_15fabrique_derive14derive_factorys_0B3_
FNDA:1,_RNCNvCsi6wnf0fctxx_15fabrique_derive18derive_persistable0B3_
FNDA:0,_RNCNvCsi6wnf0fctxx_15fabrique_derive18derive_persistables_0B3_
FNDA:0,_RNCNvCs3A7Z9uTo6ny_15fabrique_derive14derive_factory0B3_
FNDA:13,_RNCNvCs3A7Z9uTo6ny_15fabrique_derive14derive_factorys_0B3_
FNDA:1,_RNCNvCs3A7Z9uTo6ny_15fabrique_derive18derive_persistable0B3_
FNDA:1,_RNCNvCs3A7Z9uTo6ny_15fabrique_derive18derive_persistables_0B3_
FNDA:13,_RNvCs3A7Z9uTo6ny_15fabrique_derive14derive_factory
FNDA:2,_RNvCs3A7Z9uTo6ny_15fabrique_derive18derive_persistable
FNF:6
FNH:6
DA:21,3
DA:22,3
DA:23,3
DA:24,3
DA:25,3
DA:26,3
DA:27,3
DA:28,3
DA:32,15
DA:33,15
DA:34,15
DA:35,15
DA:36,15
DA:37,15
DA:38,15
DA:39,15
BRF:0
BRH:0
LF:20
LH:20
end_of_record
SF:/Users/robinstraub/Projects/robinstraub/fabrique/fabrique-derive/src/persistable/codegen.rs
FN:45,_RNCNvMNtNtCs7IYcLZrwEdY_15fabrique_derive11persistable7codegenNtB4_18PersistableCodegen15generate_fn_all0B8_
FN:46,_RNCNvMNtNtCs7IYcLZrwEdY_15fabrique_derive11persistable7codegenNtB4_18PersistableCodegen15generate_fn_alls_0B8_
FN:39,_RNvMNtNtCs7IYcLZrwEdY_15fabrique_derive11persistable7codegenNtB2_18PersistableCodegen15generate_fn_all
FN:60,_RNvMNtNtCs7IYcLZrwEdY_15fabrique_derive11persistable7codegenNtB2_18PersistableCodegen18generate_fn_create
FN:14,_RNvMNtNtCs7IYcLZrwEdY_15fabrique_derive11persistable7codegenNtB2_18PersistableCodegen4from
FN:20,_RNvMNtNtCs7IYcLZrwEdY_15fabrique_derive11persistable7codegenNtB2_18PersistableCodegen8generate
FN:75,_RNvNtNtNtCs7IYcLZrwEdY_15fabrique_derive11persistable7codegen5testss_13test_generate
FN:106,_RNvNtNtNtCs7IYcLZrwEdY_15fabrique_derive11persistable7codegen5testss_20test_generate_fn_all
FN:127,_RNvNtNtNtCs7IYcLZrwEdY_15fabrique_derive11persistable7codegen5testss_23test_generate_fn_create
FN:148,_RNvNtNtNtCs7IYcLZrwEdY_15fabrique_derive11persistable7codegen5testss_28test_codegen_fail_explicitly
FN:39,_RNvMNtNtCsi6wnf0fctxx_15fabrique_derive11persistable7codegenNtB2_18PersistableCodegen15generate_fn_all
FN:60,_RNvMNtNtCsi6wnf0fctxx_15fabrique_derive11persistable7codegenNtB2_18PersistableCodegen18generate_fn_create
FN:14,_RNvMNtNtCsi6wnf0fctxx_15fabrique_derive11persistable7codegenNtB2_18PersistableCodegen4from
FN:20,_RNvMNtNtCsi6wnf0fctxx_15fabrique_derive11persistable7codegenNtB2_18PersistableCodegen8generate
FN:45,_RNCNvMNtNtCsi6wnf0fctxx_15fabrique_derive11persistable7codegenNtB4_18PersistableCodegen15generate_fn_all0B8_
FN:46,_RNCNvMNtNtCsi6wnf0fctxx_15fabrique_derive11persistable7codegenNtB4_18PersistableCodegen15generate_fn_alls_0B8_
FN:45,_RNCNvMNtNtCs3A7Z9uTo6ny_15fabrique_derive11persistable7codegenNtB4_18PersistableCodegen15generate_fn_all0B8_
FN:46,_RNCNvMNtNtCs3A7Z9uTo6ny_15fabrique_derive11persistable7codegenNtB4_18PersistableCodegen15generate_fn_alls_0B8_
FN:39,_RNvMNtNtCs3A7Z9uTo6ny_15fabrique_derive11persistable7codegenNtB2_18PersistableCodegen15generate_fn_all
FN:60,_RNvMNtNtCs3A7Z9uTo6ny_15fabrique_derive11persistable7codegenNtB2_18PersistableCodegen18generate_fn_create
FN:14,_RNvMNtNtCs3A7Z9uTo6ny_15fabrique_derive11persistable7codegenNtB2_18PersistableCodegen4from
FN:20,_RNvMNtNtCs3A7Z9uTo6ny_15fabrique_derive11persistable7codegenNtB2_18PersistableCodegen8generate
FNDA:2,_RNCNvMNtNtCs7IYcLZrwEdY_15fabrique_derive11persistable7codegenNtB4_18PersistableCodegen15generate_fn_all0B8_
FNDA:2,_RNCNvMNtNtCs7IYcLZrwEdY_15fabrique_derive11persistable7codegenNtB4_18PersistableCodegen15generate_fn_alls_0B8_
FNDA:2,_RNvMNtNtCs7IYcLZrwEdY_15fabrique_derive11persistable7codegenNtB2_18PersistableCodegen15generate_fn_all
FNDA:2,_RNvMNtNtCs7IYcLZrwEdY_15fabrique_derive11persistable7codegenNtB2_18PersistableCodegen18generate_fn_create
FNDA:4,_RNvMNtNtCs7IYcLZrwEdY_15fabrique_derive11persistable7codegenNtB2_18PersistableCodegen4from
FNDA:1,_RNvMNtNtCs7IYcLZrwEdY_15fabrique_derive11persistable7codegenNtB2_18PersistableCodegen8generate
FNDA:1,_RNvNtNtNtCs7IYcLZrwEdY_15fabrique_derive11persistable7codegen5testss_13test_generate
FNDA:1,_RNvNtNtNtCs7IYcLZrwEdY_15fabrique_derive11persistable7codegen5testss_20test_generate_fn_all
FNDA:1,_RNvNtNtNtCs7IYcLZrwEdY_15fabrique_derive11persistable7codegen5testss_23test_generate_fn_create
FNDA:1,_RNvNtNtNtCs7IYcLZrwEdY_15fabrique_derive11persistable7codegen5testss_28test_codegen_fail_explicitly
FNDA:1,_RNvMNtNtCsi6wnf0fctxx_15fabrique_derive11persistable7codegenNtB2_18PersistableCodegen15generate_fn_all
FNDA:1,_RNvMNtNtCsi6wnf0fctxx_15fabrique_derive11persistable7codegenNtB2_18PersistableCodegen18generate_fn_create
FNDA:1,_RNvMNtNtCsi6wnf0fctxx_15fabrique_derive11persistable7codegenNtB2_18PersistableCodegen4from
FNDA:1,_RNvMNtNtCsi6wnf0fctxx_15fabrique_derive11persistable7codegenNtB2_18PersistableCodegen8generate
FNDA:1,_RNCNvMNtNtCsi6wnf0fctxx_15fabrique_derive11persistable7codegenNtB4_18PersistableCodegen15generate_fn_all0B8_
FNDA:1,_RNCNvMNtNtCsi6wnf0fctxx_15fabrique_derive11persistable7codegenNtB4_18PersistableCodegen15generate_fn_alls_0B8_
FNDA:1,_RNCNvMNtNtCs3A7Z9uTo6ny_15fabrique_derive11persistable7codegenNtB4_18PersistableCodegen15generate_fn_all0B8_
FNDA:1,_RNCNvMNtNtCs3A7Z9uTo6ny_15fabrique_derive11persistable7codegenNtB4_18PersistableCodegen15generate_fn_alls_0B8_
FNDA:1,_RNvMNtNtCs3A7Z9uTo6ny_15fabrique_derive11persistable7codegenNtB2_18PersistableCodegen15generate_fn_all
FNDA:1,_RNvMNtNtCs3A7Z9uTo6ny_15fabrique_derive11persistable7codegenNtB2_18PersistableCodegen18generate_fn_create
FNDA:2,_RNvMNtNtCs3A7Z9uTo6ny_15fabrique_derive11persistable7codegenNtB2_18PersistableCodegen4from
FNDA:1,_RNvMNtNtCs3A7Z9uTo6ny_15fabrique_derive11persistable7codegenNtB2_18PersistableCodegen8generate
FNF:10
FNH:10
DA:14,7
DA:15,7
DA:17,5
DA:18,7
DA:20,3
DA:21,3
DA:22,3
DA:23,3
DA:25,3
DA:35,3
DA:36,3
DA:39,4
DA:41,4
DA:42,4
DA:43,4
DA:44,4
DA:45,4
DA:46,4
DA:47,4
DA:48,4
DA:50,4
DA:52,4
DA:57,4
DA:60,4
DA:61,4
DA:66,4
DA:75,1
DA:77,1
DA:78,1
DA:81,1
DA:84,1
DA:85,1
DA:86,1
DA:87,1
DA:101,1
DA:103,1
DA:106,1
DA:108,1
DA:109,1
DA:112,1
DA:115,1
DA:116,1
DA:117,1
DA:122,1
DA:124,1
DA:127,1
DA:129,1
DA:130,1
DA:133,1
DA:136,1
DA:137,1
DA:138,1
DA:143,1
DA:145,1
DA:148,1
DA:150,1
DA:153,1
DA:156,1
DA:157,1
BRF:0
BRH:0
LF:61
LH:61
end_of_record